\BOOKMARK [1][-]{section.0.1}{Vinkler og enhetssirkelen}{}% 1
\BOOKMARK [2][-]{subsection.0.1.1}{Vinkel og vinkelm\345l}{section.0.1}% 2
\BOOKMARK [2][-]{subsection.0.1.2}{Enhetssirkelen som tallinje}{section.0.1}% 3
\BOOKMARK [1][-]{section.0.2}{Trigonometriske uttrykk}{}% 4
\BOOKMARK [2][-]{subsection.0.2.1}{Sinus, cosinus og tangens til \040x }{section.0.2}% 5
\BOOKMARK [2][-]{subsection.0.2.2}{Arcuscosinus, arcusinus og arcustangens}{section.0.2}% 6
\BOOKMARK [2][-]{subsection.0.2.3}{Eksaktverdier }{section.0.2}% 7
\BOOKMARK [2][-]{subsection.0.2.4}{Trigonometriske identiteter}{section.0.2}% 8
\BOOKMARK [2][-]{subsection.0.2.5}{Sinus og cosinus kombinert }{section.0.2}% 9
\BOOKMARK [1][-]{section.0.3}{Line\346re ligninger }{}% 10
\BOOKMARK [2][-]{subsection.0.3.1}{Cosinus-ligninger}{section.0.3}% 11
\BOOKMARK [2][-]{subsection.0.3.2}{Sinusligninger}{section.0.3}% 12
\BOOKMARK [2][-]{subsection.0.3.3}{Tangensligninger}{section.0.3}% 13
\BOOKMARK [2][-]{subsection.0.3.4}{ asin\(kx\) + bcos\(kx\) =0 }{section.0.3}% 14
\BOOKMARK [2][-]{subsection.0.3.5}{ asin\(kx\) + bcos\(kx\) =d }{section.0.3}% 15
\BOOKMARK [1][-]{section.0.4}{Kvadratiske ligninger}{}% 16
\BOOKMARK [2][-]{subsection.0.4.1}{L\370sning ved abc-formelen}{section.0.4}% 17
\BOOKMARK [2][-]{subsection.0.4.2}{Kvadrater av sinus og cosinus kombinert}{section.0.4}% 18
\BOOKMARK [1][-]{section.0.5}{Trigonometriske funksjoner }{}% 19
\BOOKMARK [2][-]{subsection.0.5.1}{Cosinusfunksjoner}{section.0.5}% 20
\BOOKMARK [2][-]{subsection.0.5.2}{Sinusfunksjoner}{section.0.5}% 21
\BOOKMARK [2][-]{subsection.0.5.3}{Tangensfunksjoner}{section.0.5}% 22
\BOOKMARK [2][-]{subsection.0.5.4}{Den deriverte av de trigonometriske funksjonene}{section.0.5}% 23
\BOOKMARK [1][-]{section*.24}{Forklaringer}{}% 24
