\BOOKMARK [-1][-]{part.1}{I Numbers, calculations, and geometry }{}% 1
\BOOKMARK [0][-]{chapter.1}{The numbers }{part.1}% 2
\BOOKMARK [1][-]{section.1.1}{The equal sign, amounts, and number lines}{chapter.1}% 3
\BOOKMARK [1][-]{section.1.2}{Numbers, digits and value}{chapter.1}% 4
\BOOKMARK [1][-]{section.1.3}{Coordinate systems }{chapter.1}% 5
\BOOKMARK [0][-]{chapter.2}{The four elementary operations }{part.1}% 6
\BOOKMARK [1][-]{section.2.1}{Addition}{chapter.2}% 7
\BOOKMARK [1][-]{section.2.2}{Subtraction}{chapter.2}% 8
\BOOKMARK [1][-]{section.2.3}{Multiplication }{chapter.2}% 9
\BOOKMARK [1][-]{section.2.4}{Division}{chapter.2}% 10
\BOOKMARK [0][-]{chapter.3}{Factorization and order of operations}{part.1}% 11
\BOOKMARK [1][-]{section.3.1}{Factorization}{chapter.3}% 12
\BOOKMARK [1][-]{section.3.2}{Order of operations}{chapter.3}% 13
\BOOKMARK [0][-]{chapter.4}{Fractions}{part.1}% 14
\BOOKMARK [1][-]{section.4.1}{Introduction}{chapter.4}% 15
\BOOKMARK [1][-]{section.4.2}{Values, expanding and simplifying}{chapter.4}% 16
\BOOKMARK [1][-]{section.4.3}{Addition and subtraction}{chapter.4}% 17
\BOOKMARK [1][-]{section.4.4}{Fractions multiplied by integers}{chapter.4}% 18
\BOOKMARK [1][-]{section.4.5}{Fractions divided by integers}{chapter.4}% 19
\BOOKMARK [1][-]{section.4.6}{Fractions multiplied by fractions}{chapter.4}% 20
\BOOKMARK [1][-]{section.4.7}{Cancelation of fractions}{chapter.4}% 21
\BOOKMARK [1][-]{section.4.8}{Division by fractions}{chapter.4}% 22
\BOOKMARK [1][-]{section.4.9}{Rational numbers}{chapter.4}% 23
\BOOKMARK [0][-]{chapter.5}{Negative numbers }{part.1}% 24
\BOOKMARK [1][-]{section.5.1}{Introduction}{chapter.5}% 25
\BOOKMARK [1][-]{section.5.2}{The elementary operations}{chapter.5}% 26
\BOOKMARK [1][-]{section.5.3}{Negative numbers as amounts}{chapter.5}% 27
\BOOKMARK [0][-]{chapter.6}{Geometry}{part.1}% 28
\BOOKMARK [1][-]{section.6.1}{Terms}{chapter.6}% 29
\BOOKMARK [1][-]{section.6.2}{Attributes of triangles and quadrilaterals}{chapter.6}% 30
\BOOKMARK [1][-]{section.6.3}{Perimeter}{chapter.6}% 31
\BOOKMARK [1][-]{section.6.4}{Area}{chapter.6}% 32
\BOOKMARK [-1][-]{part.2}{II Algebra and geometry }{}% 33
\BOOKMARK [0][-]{chapter.7}{Algebra}{part.2}% 34
\BOOKMARK [1][-]{section.7.1}{Introduction}{chapter.7}% 35
\BOOKMARK [1][-]{section.7.2}{Powers}{chapter.7}% 36
\BOOKMARK [1][-]{section.7.3}{Irrational numbers}{chapter.7}% 37
\BOOKMARK [0][-]{chapter.8}{Equations }{part.2}% 38
\BOOKMARK [1][-]{section.8.1}{Introduction}{chapter.8}% 39
\BOOKMARK [1][-]{section.8.2}{Solving with the elementary operations}{chapter.8}% 40
\BOOKMARK [1][-]{section.8.3}{Solving with elementary operations summarized}{chapter.8}% 41
\BOOKMARK [1][-]{section.8.4}{Power equations}{chapter.8}% 42
\BOOKMARK [0][-]{chapter.9}{Functions }{part.2}% 43
\BOOKMARK [1][-]{section.9.1}{Introduction}{chapter.9}% 44
\BOOKMARK [1][-]{section.9.2}{Linear functions and graphs}{chapter.9}% 45
\BOOKMARK [0][-]{chapter.10}{Geometry}{part.2}% 46
\BOOKMARK [1][-]{section.10.1}{Formulas of area and perimeter}{chapter.10}% 47
\BOOKMARK [1][-]{section.10.2}{Congruent and similar triangles}{chapter.10}% 48
\BOOKMARK [1][-]{section.10.3}{Explanations}{chapter.10}% 49
\BOOKMARK [0][-]{chapter*.104}{Index}{part.2}% 50
