\BOOKMARK [-1][-]{part.1}{I Tall, regning og geometri}{}% 1
\BOOKMARK [0][-]{chapter.1}{Tallene v\345re }{part.1}% 2
\BOOKMARK [1][-]{section.1.1}{Likhetstegnet, mengder og tallinjer}{chapter.1}% 3
\BOOKMARK [1][-]{section.1.2}{Tall, siffer og verdi}{chapter.1}% 4
\BOOKMARK [1][-]{section.1.3}{Koordinatsystem}{chapter.1}% 5
\BOOKMARK [1][-]{section*.4}{Oppgaver}{chapter.1}% 6
\BOOKMARK [0][-]{chapter.2}{De fire regneartene }{part.1}% 7
\BOOKMARK [1][-]{section.2.1}{Addisjon}{chapter.2}% 8
\BOOKMARK [1][-]{section.2.2}{Subtraksjon}{chapter.2}% 9
\BOOKMARK [1][-]{section.2.3}{Multiplikasjon \(ganging\) }{chapter.2}% 10
\BOOKMARK [1][-]{section.2.4}{Divisjon \(deling\)}{chapter.2}% 11
\BOOKMARK [1][-]{section*.9}{Oppgaver}{chapter.2}% 12
\BOOKMARK [0][-]{chapter.3}{Faktorisering og regnerekkef\370lge }{part.1}% 13
\BOOKMARK [1][-]{section.3.1}{Regnerekkef\370lge}{chapter.3}% 14
\BOOKMARK [1][-]{section.3.2}{Faktorisering}{chapter.3}% 15
\BOOKMARK [1][-]{section*.20}{Oppgaver}{chapter.3}% 16
\BOOKMARK [0][-]{chapter.4}{Br\370k }{part.1}% 17
\BOOKMARK [1][-]{section.4.1}{Introduksjon}{chapter.4}% 18
\BOOKMARK [1][-]{section.4.2}{Verdi, utviding og forkorting av br\370k}{chapter.4}% 19
\BOOKMARK [1][-]{section.4.3}{Addisjon og subtraksjon}{chapter.4}% 20
\BOOKMARK [1][-]{section.4.4}{Br\370k ganget med heltall}{chapter.4}% 21
\BOOKMARK [1][-]{section.4.5}{Br\370k delt med heltall}{chapter.4}% 22
\BOOKMARK [1][-]{section.4.6}{Br\370k ganget med br\370k}{chapter.4}% 23
\BOOKMARK [1][-]{section.4.7}{Kansellering av faktorer}{chapter.4}% 24
\BOOKMARK [1][-]{section.4.8}{Deling med br\370k}{chapter.4}% 25
\BOOKMARK [1][-]{section.4.9}{Rasjonale tall}{chapter.4}% 26
\BOOKMARK [1][-]{section*.44}{Oppgaver}{chapter.4}% 27
\BOOKMARK [0][-]{chapter.5}{Negative tall }{part.1}% 28
\BOOKMARK [1][-]{section.5.1}{Introduksjon}{chapter.5}% 29
\BOOKMARK [1][-]{section.5.2}{De fire regneartene med negative tall}{chapter.5}% 30
\BOOKMARK [1][-]{section.5.3}{Negative tall som mengde}{chapter.5}% 31
\BOOKMARK [1][-]{section*.54}{Oppgaver}{chapter.5}% 32
\BOOKMARK [0][-]{chapter.6}{Utregningsmetoder }{part.1}% 33
\BOOKMARK [1][-]{section.6.1}{Addisjon}{chapter.6}% 34
\BOOKMARK [1][-]{section.6.2}{Subtraksjon}{chapter.6}% 35
\BOOKMARK [1][-]{section.6.3}{Ganging}{chapter.6}% 36
\BOOKMARK [1][-]{section.6.4}{Divisjon}{chapter.6}% 37
\BOOKMARK [2][-]{subsection.6.4.1}{Divisjon med desimaltall som svar}{section.6.4}% 38
\BOOKMARK [1][-]{section.6.5}{Regning med tid }{chapter.6}% 39
\BOOKMARK [1][-]{section.6.6}{Avrunding og overslagsregning}{chapter.6}% 40
\BOOKMARK [2][-]{subsection.6.6.1}{Overslagsregning}{section.6.6}% 41
\BOOKMARK [1][-]{section.6.7}{Standardform}{chapter.6}% 42
\BOOKMARK [1][-]{section*.76}{Oppgaver}{chapter.6}% 43
\BOOKMARK [0][-]{chapter.7}{Geometri }{part.1}% 44
\BOOKMARK [1][-]{section.7.1}{Begrep}{chapter.7}% 45
\BOOKMARK [1][-]{section.7.2}{Egenskaper for trekanter og firkanter}{chapter.7}% 46
\BOOKMARK [1][-]{section.7.3}{Omkrets}{chapter.7}% 47
\BOOKMARK [1][-]{section.7.4}{Areal}{chapter.7}% 48
\BOOKMARK [1][-]{section.7.5}{Tredimensjonal geometri}{chapter.7}% 49
\BOOKMARK [1][-]{section.7.6}{Volum}{chapter.7}% 50
\BOOKMARK [1][-]{section.7.7}{Symmetri}{chapter.7}% 51
\BOOKMARK [1][-]{section*.95}{Oppgaver}{chapter.7}% 52
\BOOKMARK [-1][-]{part.2}{II Algebra og geometri }{}% 53
\BOOKMARK [0][-]{chapter.8}{Algebra }{part.2}% 54
\BOOKMARK [1][-]{section.8.1}{Introduksjon}{chapter.8}% 55
\BOOKMARK [1][-]{section.8.2}{Potenser}{chapter.8}% 56
\BOOKMARK [1][-]{section.8.3}{Irrasjonale tall}{chapter.8}% 57
\BOOKMARK [1][-]{section*.114}{Oppgaver}{chapter.8}% 58
\BOOKMARK [0][-]{chapter.9}{Likninger }{part.2}% 59
\BOOKMARK [1][-]{section.9.1}{Introduksjon}{chapter.9}% 60
\BOOKMARK [1][-]{section.9.2}{L\370sing ved de fire regneartene}{chapter.9}% 61
\BOOKMARK [1][-]{section.9.3}{L\370singsmetodene oppsummert}{chapter.9}% 62
\BOOKMARK [1][-]{section.9.4}{Potenslikninger}{chapter.9}% 63
\BOOKMARK [1][-]{section.9.5}{Ulikheter}{chapter.9}% 64
\BOOKMARK [2][-]{subsection.9.5.1}{Introduksjon}{section.9.5}% 65
\BOOKMARK [2][-]{subsection.9.5.2}{L\370sing av ulikheter}{section.9.5}% 66
\BOOKMARK [1][-]{section.9.6}{Likninger med flere ukjente; likningssett}{chapter.9}% 67
\BOOKMARK [1][-]{section*.150}{Oppgaver}{chapter.9}% 68
\BOOKMARK [0][-]{chapter.10}{Funksjoner }{part.2}% 69
\BOOKMARK [1][-]{section.10.1}{Introduksjon}{chapter.10}% 70
\BOOKMARK [1][-]{section.10.2}{Line\346re funksjoner og grafer}{chapter.10}% 71
\BOOKMARK [1][-]{section.10.3}{Viktige punkt p\345 grafer}{chapter.10}% 72
\BOOKMARK [1][-]{section*.154}{Oppgaver}{chapter.10}% 73
\BOOKMARK [0][-]{chapter.11}{Geometri }{part.2}% 74
\BOOKMARK [1][-]{section.11.1}{Formler for areal og omkrets}{chapter.11}% 75
\BOOKMARK [1][-]{section.11.2}{Kongruente og formlike trekanter}{chapter.11}% 76
\BOOKMARK [1][-]{section.11.3}{Forklaringar}{chapter.11}% 77
\BOOKMARK [1][-]{section*.174}{Oppgaver}{chapter.11}% 78
\BOOKMARK [0][-]{section*.175}{Fasit}{part.2}% 79
\BOOKMARK [0][-]{chapter*.178}{Indeks}{part.2}% 80
