\BOOKMARK [-1][-]{part.1}{I Tal, rekning og geometri}{}% 1
\BOOKMARK [0][-]{chapter.1}{Tala v\345re }{part.1}% 2
\BOOKMARK [1][-]{section.1.1}{Likskapsteiknet, mengder og tallinjer}{chapter.1}% 3
\BOOKMARK [1][-]{section.1.2}{Tal, siffer og verdi}{chapter.1}% 4
\BOOKMARK [1][-]{section.1.3}{Koordinatsystem}{chapter.1}% 5
\BOOKMARK [0][-]{chapter.2}{Dei fire rekneartane }{part.1}% 6
\BOOKMARK [1][-]{section.2.1}{Addisjon}{chapter.2}% 7
\BOOKMARK [1][-]{section.2.2}{Subtraksjon}{chapter.2}% 8
\BOOKMARK [1][-]{section.2.3}{Multiplikasjon \(Gonging\) }{chapter.2}% 9
\BOOKMARK [1][-]{section.2.4}{Divisjon \(deling\)}{chapter.2}% 10
\BOOKMARK [1][-]{section*.8}{Oppgaver}{chapter.2}% 11
\BOOKMARK [0][-]{chapter.3}{Faktorisering og reknerekkef\370lge }{part.1}% 12
\BOOKMARK [1][-]{section.3.1}{Faktorisering}{chapter.3}% 13
\BOOKMARK [1][-]{section.3.2}{Reknerekkef\370lge}{chapter.3}% 14
\BOOKMARK [0][-]{chapter.4}{Br\370k }{part.1}% 15
\BOOKMARK [1][-]{section.4.1}{Introduksjon}{chapter.4}% 16
\BOOKMARK [1][-]{section.4.2}{Verdi, utviding og forkorting av br\370k}{chapter.4}% 17
\BOOKMARK [1][-]{section.4.3}{Addisjon og subtraksjon}{chapter.4}% 18
\BOOKMARK [1][-]{section.4.4}{Br\370k gonga med heiltal}{chapter.4}% 19
\BOOKMARK [1][-]{section.4.5}{Br\370k delt med heiltal}{chapter.4}% 20
\BOOKMARK [1][-]{section.4.6}{Br\370k gonga med br\370k}{chapter.4}% 21
\BOOKMARK [1][-]{section.4.7}{Kansellering av faktorar}{chapter.4}% 22
\BOOKMARK [1][-]{section.4.8}{Deling med br\370k}{chapter.4}% 23
\BOOKMARK [1][-]{section.4.9}{Rasjonale og blanda tal}{chapter.4}% 24
\BOOKMARK [1][-]{section*.42}{Oppgaver}{chapter.4}% 25
\BOOKMARK [0][-]{chapter.5}{Negative tal }{part.1}% 26
\BOOKMARK [1][-]{section.5.1}{Introduksjon}{chapter.5}% 27
\BOOKMARK [1][-]{section.5.2}{Dei fire rekneartane med negative tal}{chapter.5}% 28
\BOOKMARK [1][-]{section.5.3}{Negative tal som mengde}{chapter.5}% 29
\BOOKMARK [0][-]{chapter.6}{Utrekningsmetodar }{part.1}% 30
\BOOKMARK [1][-]{section.6.1}{Addisjon}{chapter.6}% 31
\BOOKMARK [1][-]{section.6.2}{Subtraksjon}{chapter.6}% 32
\BOOKMARK [1][-]{section.6.3}{Ganging}{chapter.6}% 33
\BOOKMARK [1][-]{section.6.4}{Divisjon}{chapter.6}% 34
\BOOKMARK [2][-]{subsection.6.4.1}{Divisjon med desimaltal som svar}{section.6.4}% 35
\BOOKMARK [1][-]{section.6.5}{Primtalsfaktorisering }{chapter.6}% 36
\BOOKMARK [1][-]{section*.67}{Oppgaver}{chapter.6}% 37
\BOOKMARK [0][-]{chapter.7}{Geometri}{part.1}% 38
\BOOKMARK [1][-]{section.7.1}{Omgrep}{chapter.7}% 39
\BOOKMARK [1][-]{section.7.2}{Eigenskapar for trekantar og firkantar}{chapter.7}% 40
\BOOKMARK [1][-]{section.7.3}{Omkrins}{chapter.7}% 41
\BOOKMARK [1][-]{section.7.4}{Areal}{chapter.7}% 42
\BOOKMARK [1][-]{section.7.5}{Tredimensjonal geometri}{chapter.7}% 43
\BOOKMARK [1][-]{section.7.6}{Volum}{chapter.7}% 44
\BOOKMARK [-1][-]{part.2}{II Algebra og geometri }{}% 45
\BOOKMARK [0][-]{chapter.8}{Algebra}{part.2}% 46
\BOOKMARK [1][-]{section.8.1}{Introduksjon}{chapter.8}% 47
\BOOKMARK [1][-]{section.8.2}{Potensar}{chapter.8}% 48
\BOOKMARK [1][-]{section.8.3}{Irrasjonale tal}{chapter.8}% 49
\BOOKMARK [0][-]{chapter.9}{Likningar }{part.2}% 50
\BOOKMARK [1][-]{section.9.1}{Introduksjon}{chapter.9}% 51
\BOOKMARK [1][-]{section.9.2}{L\370ysing ved dei fire rekneartane}{chapter.9}% 52
\BOOKMARK [1][-]{section.9.3}{L\370ysingsmetodane oppsummert}{chapter.9}% 53
\BOOKMARK [1][-]{section.9.4}{Potenslikningar}{chapter.9}% 54
\BOOKMARK [1][-]{section.9.5}{Ulikskapar}{chapter.9}% 55
\BOOKMARK [2][-]{subsection.9.5.1}{Introduksjon}{section.9.5}% 56
\BOOKMARK [2][-]{subsection.9.5.2}{L\370ysing av ulikskapar}{section.9.5}% 57
\BOOKMARK [1][-]{section*.123}{Oppgaver}{chapter.9}% 58
\BOOKMARK [0][-]{chapter.10}{Funksjonar }{part.2}% 59
\BOOKMARK [1][-]{section.10.1}{Introduksjon}{chapter.10}% 60
\BOOKMARK [1][-]{section.10.2}{Line\346re funksjonar og grafar}{chapter.10}% 61
\BOOKMARK [1][-]{section*.125}{Oppgaver}{chapter.10}% 62
\BOOKMARK [0][-]{chapter.11}{Geometri}{part.2}% 63
\BOOKMARK [1][-]{section.11.1}{Formlar for areal og omkrins}{chapter.11}% 64
\BOOKMARK [1][-]{section.11.2}{Kongruente og formlike trekantar}{chapter.11}% 65
\BOOKMARK [1][-]{section.11.3}{Forklaringar}{chapter.11}% 66
\BOOKMARK [0][-]{section*.145}{Fasit}{part.2}% 67
\BOOKMARK [0][-]{chapter*.148}{Indeks}{part.2}% 68
