This is pdfTeX, Version 3.14159265-2.6-1.40.20 (TeX Live 2019/Debian) (preloaded format=pdflatex 2021.6.9)  17 OCT 2022 22:10
entering extended mode
 restricted \write18 enabled.
 %&-line parsing enabled.
**rek_nn.tex
(./rek_nn.tex
LaTeX2e <2020-02-02> patch level 2
L3 programming layer <2020-02-14> (../../doc.tex)
(/usr/share/texlive/texmf-dist/tex/latex/standalone/standalone.cls
Document Class: standalone 2018/03/26 v1.3a Class to compile TeX sub-files stan
dalone
(/usr/share/texlive/texmf-dist/tex/latex/tools/shellesc.sty
Package: shellesc 2019/11/08 v1.0c unified shell escape interface for LaTeX
Package shellesc Info: Restricted shell escape enabled on input line 77.
)
(/usr/share/texlive/texmf-dist/tex/generic/iftex/ifluatex.sty
Package: ifluatex 2019/10/25 v1.5 ifluatex legacy package. Use iftex instead.

(/usr/share/texlive/texmf-dist/tex/generic/iftex/iftex.sty
Package: iftex 2019/11/07 v1.0c TeX engine tests
))
(/usr/share/texlive/texmf-dist/tex/latex/xkeyval/xkeyval.sty
Package: xkeyval 2014/12/03 v2.7a package option processing (HA)

(/usr/share/texlive/texmf-dist/tex/generic/xkeyval/xkeyval.tex
(/usr/share/texlive/texmf-dist/tex/generic/xkeyval/xkvutils.tex
\XKV@toks=\toks14
\XKV@tempa@toks=\toks15

(/usr/share/texlive/texmf-dist/tex/generic/xkeyval/keyval.tex))
\XKV@depth=\count167
File: xkeyval.tex 2014/12/03 v2.7a key=value parser (HA)
))
\sa@internal=\count168
\c@sapage=\count169

(/usr/share/texlive/texmf-dist/tex/latex/standalone/standalone.cfg
File: standalone.cfg 2018/03/26 v1.3a Default configuration file for 'standalon
e' class
)
(/usr/share/texlive/texmf-dist/tex/latex/base/report.cls
Document Class: report 2019/12/20 v1.4l Standard LaTeX document class
(/usr/share/texlive/texmf-dist/tex/latex/base/size11.clo
File: size11.clo 2019/12/20 v1.4l Standard LaTeX file (size option)
)
\c@part=\count170
\c@chapter=\count171
\c@section=\count172
\c@subsection=\count173
\c@subsubsection=\count174
\c@paragraph=\count175
\c@subparagraph=\count176
\c@figure=\count177
\c@table=\count178
\abovecaptionskip=\skip47
\belowcaptionskip=\skip48
\bibindent=\dimen134
)) (../../preamb.tex
(/usr/share/texlive/texmf-dist/tex/latex/base/fontenc.sty
Package: fontenc 2020/02/11 v2.0o Standard LaTeX package
)
(/usr/share/texmf/tex/latex/lm/lmodern.sty
Package: lmodern 2009/10/30 v1.6 Latin Modern Fonts
LaTeX Font Info:    Overwriting symbol font `operators' in version `normal'
(Font)                  OT1/cmr/m/n --> OT1/lmr/m/n on input line 22.
LaTeX Font Info:    Overwriting symbol font `letters' in version `normal'
(Font)                  OML/cmm/m/it --> OML/lmm/m/it on input line 23.
LaTeX Font Info:    Overwriting symbol font `symbols' in version `normal'
(Font)                  OMS/cmsy/m/n --> OMS/lmsy/m/n on input line 24.
LaTeX Font Info:    Overwriting symbol font `largesymbols' in version `normal'
(Font)                  OMX/cmex/m/n --> OMX/lmex/m/n on input line 25.
LaTeX Font Info:    Overwriting symbol font `operators' in version `bold'
(Font)                  OT1/cmr/bx/n --> OT1/lmr/bx/n on input line 26.
LaTeX Font Info:    Overwriting symbol font `letters' in version `bold'
(Font)                  OML/cmm/b/it --> OML/lmm/b/it on input line 27.
LaTeX Font Info:    Overwriting symbol font `symbols' in version `bold'
(Font)                  OMS/cmsy/b/n --> OMS/lmsy/b/n on input line 28.
LaTeX Font Info:    Overwriting symbol font `largesymbols' in version `bold'
(Font)                  OMX/cmex/m/n --> OMX/lmex/m/n on input line 29.
LaTeX Font Info:    Overwriting math alphabet `\mathbf' in version `normal'
(Font)                  OT1/cmr/bx/n --> OT1/lmr/bx/n on input line 31.
LaTeX Font Info:    Overwriting math alphabet `\mathsf' in version `normal'
(Font)                  OT1/cmss/m/n --> OT1/lmss/m/n on input line 32.
LaTeX Font Info:    Overwriting math alphabet `\mathit' in version `normal'
(Font)                  OT1/cmr/m/it --> OT1/lmr/m/it on input line 33.
LaTeX Font Info:    Overwriting math alphabet `\mathtt' in version `normal'
(Font)                  OT1/cmtt/m/n --> OT1/lmtt/m/n on input line 34.
LaTeX Font Info:    Overwriting math alphabet `\mathbf' in version `bold'
(Font)                  OT1/cmr/bx/n --> OT1/lmr/bx/n on input line 35.
LaTeX Font Info:    Overwriting math alphabet `\mathsf' in version `bold'
(Font)                  OT1/cmss/bx/n --> OT1/lmss/bx/n on input line 36.
LaTeX Font Info:    Overwriting math alphabet `\mathit' in version `bold'
(Font)                  OT1/cmr/bx/it --> OT1/lmr/bx/it on input line 37.
LaTeX Font Info:    Overwriting math alphabet `\mathtt' in version `bold'
(Font)                  OT1/cmtt/m/n --> OT1/lmtt/m/n on input line 38.
)
(/usr/share/texlive/texmf-dist/tex/latex/geometry/geometry.sty
Package: geometry 2020/01/02 v5.9 Page Geometry

(/usr/share/texlive/texmf-dist/tex/generic/iftex/ifvtex.sty
Package: ifvtex 2019/10/25 v1.7 ifvtex legacy package. Use iftex instead.
)
\Gm@cnth=\count179
\Gm@cntv=\count180
\c@Gm@tempcnt=\count181
\Gm@bindingoffset=\dimen135
\Gm@wd@mp=\dimen136
\Gm@odd@mp=\dimen137
\Gm@even@mp=\dimen138
\Gm@layoutwidth=\dimen139
\Gm@layoutheight=\dimen140
\Gm@layouthoffset=\dimen141
\Gm@layoutvoffset=\dimen142
\Gm@dimlist=\toks16
)
(/usr/share/texlive/texmf-dist/tex/latex/import/import.sty
Package: import 2009/03/23  v 5.1
)
(/usr/share/texlive/texmf-dist/tex/latex/standalone/standalone.sty
Package: standalone 2018/03/26 v1.3a Package to include TeX sub-files with prea
mbles

(/usr/share/texlive/texmf-dist/tex/latex/currfile/currfile.sty
Package: currfile 2015/04/23 v0.7c Provides the file path elements of the curre
nt input file

(/usr/share/texlive/texmf-dist/tex/latex/kvoptions/kvoptions.sty
Package: kvoptions 2019/11/29 v3.13 Key value format for package options (HO)

(/usr/share/texlive/texmf-dist/tex/generic/ltxcmds/ltxcmds.sty
Package: ltxcmds 2019/12/15 v1.24 LaTeX kernel commands for general use (HO)
)
(/usr/share/texlive/texmf-dist/tex/generic/kvsetkeys/kvsetkeys.sty
Package: kvsetkeys 2019/12/15 v1.18 Key value parser (HO)
))
(/usr/share/texlive/texmf-dist/tex/latex/filehook/filehook.sty
Package: filehook 2020/02/03 v0.7 Hooks for input files
)
\c@currfiledepth=\count182
)
(/usr/share/texlive/texmf-dist/tex/latex/gincltex/gincltex.sty
(/usr/share/texlive/texmf-dist/tex/latex/svn-prov/svn-prov.sty
Package: svn-prov 2010/04/24 v3.1862 Package Date/Version from SVN Keywords
)
Package: gincltex 2011/09/04 v0.3 Include external LaTeX files like graphics

(/usr/share/texlive/texmf-dist/tex/latex/adjustbox/adjustbox.sty
Package: adjustbox 2019/01/04 v1.2 Adjusting TeX boxes (trim, clip, ...)

(/usr/share/texlive/texmf-dist/tex/latex/adjustbox/adjcalc.sty
Package: adjcalc 2012/05/16 v1.1 Provides advanced setlength with multiple back
-ends (calc, etex, pgfmath)
)
(/usr/share/texlive/texmf-dist/tex/latex/adjustbox/trimclip.sty
Package: trimclip 2018/04/08 v1.1 Trim and clip general TeX material

(/usr/share/texlive/texmf-dist/tex/latex/graphics/graphicx.sty
Package: graphicx 2019/11/30 v1.2a Enhanced LaTeX Graphics (DPC,SPQR)

(/usr/share/texlive/texmf-dist/tex/latex/graphics/graphics.sty
Package: graphics 2019/11/30 v1.4a Standard LaTeX Graphics (DPC,SPQR)

(/usr/share/texlive/texmf-dist/tex/latex/graphics/trig.sty
Package: trig 2016/01/03 v1.10 sin cos tan (DPC)
)
(/usr/share/texlive/texmf-dist/tex/latex/graphics-cfg/graphics.cfg
File: graphics.cfg 2016/06/04 v1.11 sample graphics configuration
)
Package graphics Info: Driver file: pdftex.def on input line 105.

(/usr/share/texlive/texmf-dist/tex/latex/graphics-def/pdftex.def
File: pdftex.def 2018/01/08 v1.0l Graphics/color driver for pdftex
))
\Gin@req@height=\dimen143
\Gin@req@width=\dimen144
)
(/usr/share/texlive/texmf-dist/tex/latex/collectbox/collectbox.sty
Package: collectbox 2012/05/17 v0.4b Collect macro arguments as boxes
\collectedbox=\box45
)
\tc@llx=\dimen145
\tc@lly=\dimen146
\tc@urx=\dimen147
\tc@ury=\dimen148
Package trimclip Info: Using driver 'tc-pdftex.def'.

(/usr/share/texlive/texmf-dist/tex/latex/adjustbox/tc-pdftex.def
File: tc-pdftex.def 2019/01/04 v2.2 Clipping driver for pdftex
))
\adjbox@Width=\dimen149
\adjbox@Height=\dimen150
\adjbox@Depth=\dimen151
\adjbox@Totalheight=\dimen152
\adjbox@pwidth=\dimen153
\adjbox@pheight=\dimen154
\adjbox@pdepth=\dimen155
\adjbox@ptotalheight=\dimen156

(/usr/share/texlive/texmf-dist/tex/latex/ifoddpage/ifoddpage.sty
Package: ifoddpage 2016/04/23 v1.1 Conditionals for odd/even page detection
\c@checkoddpage=\count183
)
(/usr/share/texlive/texmf-dist/tex/latex/varwidth/varwidth.sty
Package: varwidth 2009/03/30 ver 0.92;  Variable-width minipages
\@vwid@box=\box46
\sift@deathcycles=\count184
\@vwid@loff=\dimen157
\@vwid@roff=\dimen158
))
\gincltex@box=\box47
)
(/usr/share/texlive/texmf-dist/tex/latex/filemod/filemod-expmin.sty
Package: filemod-expmin 2011/09/19 v1.2 Get and compare file modification times
 (expandable; minimal)
))
(/usr/share/texlive/texmf-dist/tex/latex/amsmath/amsmath.sty
Package: amsmath 2020/01/20 v2.17e AMS math features
\@mathmargin=\skip49

For additional information on amsmath, use the `?' option.
(/usr/share/texlive/texmf-dist/tex/latex/amsmath/amstext.sty
Package: amstext 2000/06/29 v2.01 AMS text

(/usr/share/texlive/texmf-dist/tex/latex/amsmath/amsgen.sty
File: amsgen.sty 1999/11/30 v2.0 generic functions
\@emptytoks=\toks17
\ex@=\dimen159
))
(/usr/share/texlive/texmf-dist/tex/latex/amsmath/amsbsy.sty
Package: amsbsy 1999/11/29 v1.2d Bold Symbols
\pmbraise@=\dimen160
)
(/usr/share/texlive/texmf-dist/tex/latex/amsmath/amsopn.sty
Package: amsopn 2016/03/08 v2.02 operator names
)
\inf@bad=\count185
LaTeX Info: Redefining \frac on input line 227.
\uproot@=\count186
\leftroot@=\count187
LaTeX Info: Redefining \overline on input line 389.
\classnum@=\count188
\DOTSCASE@=\count189
LaTeX Info: Redefining \ldots on input line 486.
LaTeX Info: Redefining \dots on input line 489.
LaTeX Info: Redefining \cdots on input line 610.
\Mathstrutbox@=\box48
\strutbox@=\box49
\big@size=\dimen161
LaTeX Font Info:    Redeclaring font encoding OML on input line 733.
LaTeX Font Info:    Redeclaring font encoding OMS on input line 734.
\macc@depth=\count190
\c@MaxMatrixCols=\count191
\dotsspace@=\muskip16
\c@parentequation=\count192
\dspbrk@lvl=\count193
\tag@help=\toks18
\row@=\count194
\column@=\count195
\maxfields@=\count196
\andhelp@=\toks19
\eqnshift@=\dimen162
\alignsep@=\dimen163
\tagshift@=\dimen164
\tagwidth@=\dimen165
\totwidth@=\dimen166
\lineht@=\dimen167
\@envbody=\toks20
\multlinegap=\skip50
\multlinetaggap=\skip51
\mathdisplay@stack=\toks21
LaTeX Info: Redefining \[ on input line 2859.
LaTeX Info: Redefining \] on input line 2860.
)
(/usr/share/texlive/texmf-dist/tex/latex/amsfonts/amssymb.sty
Package: amssymb 2013/01/14 v3.01 AMS font symbols

(/usr/share/texlive/texmf-dist/tex/latex/amsfonts/amsfonts.sty
Package: amsfonts 2013/01/14 v3.01 Basic AMSFonts support
\symAMSa=\mathgroup4
\symAMSb=\mathgroup5
LaTeX Font Info:    Redeclaring math symbol \hbar on input line 98.
LaTeX Font Info:    Overwriting math alphabet `\mathfrak' in version `bold'
(Font)                  U/euf/m/n --> U/euf/b/n on input line 106.
))
(/usr/share/texlive/texmf-dist/tex/latex/esint/esint.sty
Package: esint 
\symlargesymbolsA=\mathgroup6
)
(/usr/share/texlive/texmf-dist/tex/generic/babel/babel.sty
Package: babel 2020/02/14 3.40 The Babel package

(/usr/share/texlive/texmf-dist/tex/generic/babel/switch.def
File: switch.def 2020/02/14 3.40 Babel switching mechanism
)
(/usr/share/texlive/texmf-dist/tex/generic/babel-english/english.ldf
Language: english 2017/06/06 v3.3r English support from the babel system

(/usr/share/texlive/texmf-dist/tex/generic/babel/babel.def
File: babel.def 2020/02/14 3.40 Babel common definitions
\babel@savecnt=\count197
\U@D=\dimen168

(/usr/share/texlive/texmf-dist/tex/generic/babel/txtbabel.def)
\bbl@readstream=\read2
\bbl@dirlevel=\count198
)
Package babel Info: \l@canadian = using hyphenrules for english
(babel)             (\language0) on input line 102.
Package babel Info: \l@australian = using hyphenrules for ukenglish
(babel)             (\language65) on input line 105.
Package babel Info: \l@newzealand = using hyphenrules for ukenglish
(babel)             (\language65) on input line 108.
))
(/usr/share/texlive/texmf-dist/tex/latex/tabu/tabu.sty
Package: tabu 2019/01/11 v2.9 - flexible LaTeX tabulars (FC+tabu-fixed) + inter
mediate FMi

(/usr/share/texlive/texmf-dist/tex/latex/tools/array.sty
Package: array 2019/08/31 v2.4l Tabular extension package (FMi)
\col@sep=\dimen169
\ar@mcellbox=\box50
\extrarowheight=\dimen170
\NC@list=\toks22
\extratabsurround=\skip52
\backup@length=\skip53
\ar@cellbox=\box51
)
\c@taburow=\count199
\tabu@nbcols=\count266
\tabu@cnt=\count267
\tabu@Xcol=\count268
\tabu@alloc=\count269
\tabu@nested=\count270
\tabu@target=\dimen171
\tabu@spreadtarget=\dimen172
\tabu@naturalX=\dimen173
\tabucolX=\dimen174
\tabu@Xsum=\dimen175
\extrarowdepth=\dimen176
\abovetabulinesep=\dimen177
\belowtabulinesep=\dimen178
\tabustrutrule=\dimen179
\tabu@thebody=\toks23
\tabu@footnotes=\toks24
\tabu@box=\box52
\tabu@arstrutbox=\box53
\tabu@hleads=\box54
\tabu@vleads=\box55
\tabu@cellskip=\skip54
)
(/usr/share/texlive/texmf-dist/tex/latex/titlesec/titlesec.sty
Package: titlesec 2019/10/16 v2.13 Sectioning titles
\ttl@box=\box56
\beforetitleunit=\skip55
\aftertitleunit=\skip56
\ttl@plus=\dimen180
\ttl@minus=\dimen181
\ttl@toksa=\toks25
\titlewidth=\dimen182
\titlewidthlast=\dimen183
\titlewidthfirst=\dimen184
)
(/usr/share/texlive/texmf-dist/tex/latex/ragged2e/ragged2e.sty
Package: ragged2e 2019/07/28 v2.2 ragged2e Package (MS)

(/usr/share/texlive/texmf-dist/tex/latex/ms/everysel.sty
Package: everysel 2011/10/28 v1.2 EverySelectfont Package (MS)
)
\CenteringLeftskip=\skip57
\RaggedLeftLeftskip=\skip58
\RaggedRightLeftskip=\skip59
\CenteringRightskip=\skip60
\RaggedLeftRightskip=\skip61
\RaggedRightRightskip=\skip62
\CenteringParfillskip=\skip63
\RaggedLeftParfillskip=\skip64
\RaggedRightParfillskip=\skip65
\JustifyingParfillskip=\skip66
\CenteringParindent=\skip67
\RaggedLeftParindent=\skip68
\RaggedRightParindent=\skip69
\JustifyingParindent=\skip70
)
(/usr/share/texlive/texmf-dist/tex/latex/float/float.sty
Package: float 2001/11/08 v1.3d Float enhancements (AL)
\c@float@type=\count271
\float@exts=\toks26
\float@box=\box57
\@float@everytoks=\toks27
\@floatcapt=\box58
)
(/usr/share/texlive/texmf-dist/tex/latex/subfig/subfig.sty
Package: subfig 2005/06/28 ver: 1.3 subfig package

(/usr/share/texlive/texmf-dist/tex/latex/caption/caption.sty
Package: caption 2020/01/03 v3.4h Customizing captions (AR)

(/usr/share/texlive/texmf-dist/tex/latex/caption/caption3.sty
Package: caption3 2020/01/03 v1.8h caption3 kernel (AR)
Package caption3 Info: TeX engine: e-TeX on input line 61.
\captionmargin=\dimen185
\captionmargin@=\dimen186
\captionwidth=\dimen187
\caption@tempdima=\dimen188
\caption@indent=\dimen189
\caption@parindent=\dimen190
\caption@hangindent=\dimen191
Package caption Info: Standard document class detected.
)
\c@caption@flags=\count272
\c@continuedfloat=\count273
Package caption Info: float package is loaded.
)
\c@KVtest=\count274
\sf@farskip=\skip71
\sf@captopadj=\dimen192
\sf@capskip=\skip72
\sf@nearskip=\skip73
\c@subfigure=\count275
\c@subfigure@save=\count276
\c@lofdepth=\count277
\c@subtable=\count278
\c@subtable@save=\count279
\c@lotdepth=\count280
\sf@top=\skip74
\sf@bottom=\skip75
)
(/usr/share/texlive/texmf-dist/tex/latex/placeins/placeins.sty
Package: placeins 2005/04/18  v 2.2
)
(/usr/share/texlive/texmf-dist/tex/latex/cancel/cancel.sty
Package: cancel 2013/04/12 v2.2 Cancel math terms
)
(/usr/share/texlive/texmf-dist/tex/latex/framed/framed.sty
Package: framed 2011/10/22 v 0.96: framed or shaded text with page breaks
\OuterFrameSep=\skip76
\fb@frw=\dimen193
\fb@frh=\dimen194
\FrameRule=\dimen195
\FrameSep=\dimen196
)
(/usr/share/texlive/texmf-dist/tex/latex/wrapfig/wrapfig.sty
\wrapoverhang=\dimen197
\WF@size=\dimen198
\c@WF@wrappedlines=\count281
\WF@box=\box59
\WF@everypar=\toks28
Package: wrapfig 2003/01/31  v 3.6
)
(/usr/share/texlive/texmf-dist/tex/latex/tocloft/tocloft.sty
Package: tocloft 2017/08/31 v2.3i parameterised ToC, etc., typesetting
Package tocloft Info: The document has chapter divisions on input line 51.
\cftparskip=\skip77
\cftbeforetoctitleskip=\skip78
\cftaftertoctitleskip=\skip79
\cftbeforepartskip=\skip80
\cftpartnumwidth=\skip81
\cftpartindent=\skip82
\cftbeforechapskip=\skip83
\cftchapindent=\skip84
\cftchapnumwidth=\skip85
\cftbeforesecskip=\skip86
\cftsecindent=\skip87
\cftsecnumwidth=\skip88
\cftbeforesubsecskip=\skip89
\cftsubsecindent=\skip90
\cftsubsecnumwidth=\skip91
\cftbeforesubsubsecskip=\skip92
\cftsubsubsecindent=\skip93
\cftsubsubsecnumwidth=\skip94
\cftbeforeparaskip=\skip95
\cftparaindent=\skip96
\cftparanumwidth=\skip97
\cftbeforesubparaskip=\skip98
\cftsubparaindent=\skip99
\cftsubparanumwidth=\skip100
\cftbeforeloftitleskip=\skip101
\cftafterloftitleskip=\skip102
\cftbeforefigskip=\skip103
\cftfigindent=\skip104
\cftfignumwidth=\skip105
\cftbeforelottitleskip=\skip106
\cftafterlottitleskip=\skip107
\cftbeforetabskip=\skip108
\cfttabindent=\skip109
\cfttabnumwidth=\skip110
\cftbeforesubfigskip=\skip111
\cftsubfigindent=\skip112
\cftsubfignumwidth=\skip113
\cftbeforesubtabskip=\skip114
\cftsubtabindent=\skip115
\cftsubtabnumwidth=\skip116
)
(/usr/share/texlive/texmf-dist/tex/latex/tools/bm.sty
Package: bm 2019/07/24 v1.2d Bold Symbol Support (DPC/FMi)
\symboldoperators=\mathgroup7
\symboldletters=\mathgroup8
\symboldsymbols=\mathgroup9
LaTeX Font Info:    Redeclaring math alphabet \mathbf on input line 141.
LaTeX Info: Redefining \bm on input line 209.
)
(/usr/share/texlive/texmf-dist/tex/latex/xcolor/xcolor.sty
Package: xcolor 2016/05/11 v2.12 LaTeX color extensions (UK)

(/usr/share/texlive/texmf-dist/tex/latex/graphics-cfg/color.cfg
File: color.cfg 2016/01/02 v1.6 sample color configuration
)
Package xcolor Info: Driver file: pdftex.def on input line 225.

(/usr/share/texlive/texmf-dist/tex/latex/colortbl/colortbl.sty
Package: colortbl 2020/01/04 v1.0e Color table columns (DPC)
\everycr=\toks29
\minrowclearance=\skip117
)
\rownum=\count282
Package xcolor Info: Model `cmy' substituted by `cmy0' on input line 1348.
Package xcolor Info: Model `hsb' substituted by `rgb' on input line 1352.
Package xcolor Info: Model `RGB' extended on input line 1364.
Package xcolor Info: Model `HTML' substituted by `rgb' on input line 1366.
Package xcolor Info: Model `Hsb' substituted by `hsb' on input line 1367.
Package xcolor Info: Model `tHsb' substituted by `hsb' on input line 1368.
Package xcolor Info: Model `HSB' substituted by `hsb' on input line 1369.
Package xcolor Info: Model `Gray' substituted by `gray' on input line 1370.
Package xcolor Info: Model `wave' substituted by `hsb' on input line 1371.

(/usr/share/texlive/texmf-dist/tex/latex/graphics/dvipsnam.def
File: dvipsnam.def 2016/06/17 v3.0m Driver-dependent file (DPC,SPQR)
))
(/usr/share/texlive/texmf-dist/tex/latex/was/icomma.sty
Package: icomma 2002/03/10 v2.0 (WaS)
)
(/usr/share/texlive/texmf-dist/tex/latex/tcolorbox/tcolorbox.sty
Package: tcolorbox 2019/11/15 version 4.22 text color boxes

(/usr/share/texlive/texmf-dist/tex/latex/pgf/basiclayer/pgf.sty
(/usr/share/texlive/texmf-dist/tex/latex/pgf/utilities/pgfrcs.sty
(/usr/share/texlive/texmf-dist/tex/generic/pgf/utilities/pgfutil-common.tex
\pgfutil@everybye=\toks30
\pgfutil@tempdima=\dimen199
\pgfutil@tempdimb=\dimen256

(/usr/share/texlive/texmf-dist/tex/generic/pgf/utilities/pgfutil-common-lists.t
ex)) (/usr/share/texlive/texmf-dist/tex/generic/pgf/utilities/pgfutil-latex.def
\pgfutil@abb=\box60
(/usr/share/texlive/texmf-dist/tex/latex/ms/everyshi.sty
Package: everyshi 2001/05/15 v3.00 EveryShipout Package (MS)
))
(/usr/share/texlive/texmf-dist/tex/generic/pgf/utilities/pgfrcs.code.tex
(/usr/share/texlive/texmf-dist/tex/generic/pgf/pgf.revision.tex)
Package: pgfrcs 2020/01/08 v3.1.5b (3.1.5b)
))
Package: pgf 2020/01/08 v3.1.5b (3.1.5b)

(/usr/share/texlive/texmf-dist/tex/latex/pgf/basiclayer/pgfcore.sty
(/usr/share/texlive/texmf-dist/tex/latex/pgf/systemlayer/pgfsys.sty
(/usr/share/texlive/texmf-dist/tex/generic/pgf/systemlayer/pgfsys.code.tex
Package: pgfsys 2020/01/08 v3.1.5b (3.1.5b)

(/usr/share/texlive/texmf-dist/tex/generic/pgf/utilities/pgfkeys.code.tex
\pgfkeys@pathtoks=\toks31
\pgfkeys@temptoks=\toks32

(/usr/share/texlive/texmf-dist/tex/generic/pgf/utilities/pgfkeysfiltered.code.t
ex
\pgfkeys@tmptoks=\toks33
))
\pgf@x=\dimen257
\pgf@y=\dimen258
\pgf@xa=\dimen259
\pgf@ya=\dimen260
\pgf@xb=\dimen261
\pgf@yb=\dimen262
\pgf@xc=\dimen263
\pgf@yc=\dimen264
\pgf@xd=\dimen265
\pgf@yd=\dimen266
\w@pgf@writea=\write3
\r@pgf@reada=\read3
\c@pgf@counta=\count283
\c@pgf@countb=\count284
\c@pgf@countc=\count285
\c@pgf@countd=\count286
\t@pgf@toka=\toks34
\t@pgf@tokb=\toks35
\t@pgf@tokc=\toks36
\pgf@sys@id@count=\count287
 (/usr/share/texlive/texmf-dist/tex/generic/pgf/systemlayer/pgf.cfg
File: pgf.cfg 2020/01/08 v3.1.5b (3.1.5b)
)
Driver file for pgf: pgfsys-pdftex.def

(/usr/share/texlive/texmf-dist/tex/generic/pgf/systemlayer/pgfsys-pdftex.def
File: pgfsys-pdftex.def 2020/01/08 v3.1.5b (3.1.5b)

(/usr/share/texlive/texmf-dist/tex/generic/pgf/systemlayer/pgfsys-common-pdf.de
f
File: pgfsys-common-pdf.def 2020/01/08 v3.1.5b (3.1.5b)
)))
(/usr/share/texlive/texmf-dist/tex/generic/pgf/systemlayer/pgfsyssoftpath.code.
tex
File: pgfsyssoftpath.code.tex 2020/01/08 v3.1.5b (3.1.5b)
\pgfsyssoftpath@smallbuffer@items=\count288
\pgfsyssoftpath@bigbuffer@items=\count289
)
(/usr/share/texlive/texmf-dist/tex/generic/pgf/systemlayer/pgfsysprotocol.code.
tex
File: pgfsysprotocol.code.tex 2020/01/08 v3.1.5b (3.1.5b)
))
(/usr/share/texlive/texmf-dist/tex/generic/pgf/basiclayer/pgfcore.code.tex
Package: pgfcore 2020/01/08 v3.1.5b (3.1.5b)

(/usr/share/texlive/texmf-dist/tex/generic/pgf/math/pgfmath.code.tex
(/usr/share/texlive/texmf-dist/tex/generic/pgf/math/pgfmathcalc.code.tex
(/usr/share/texlive/texmf-dist/tex/generic/pgf/math/pgfmathutil.code.tex)
(/usr/share/texlive/texmf-dist/tex/generic/pgf/math/pgfmathparser.code.tex
\pgfmath@dimen=\dimen267
\pgfmath@count=\count290
\pgfmath@box=\box61
\pgfmath@toks=\toks37
\pgfmath@stack@operand=\toks38
\pgfmath@stack@operation=\toks39
)
(/usr/share/texlive/texmf-dist/tex/generic/pgf/math/pgfmathfunctions.code.tex
(/usr/share/texlive/texmf-dist/tex/generic/pgf/math/pgfmathfunctions.basic.code
.tex)
(/usr/share/texlive/texmf-dist/tex/generic/pgf/math/pgfmathfunctions.trigonomet
ric.code.tex)
(/usr/share/texlive/texmf-dist/tex/generic/pgf/math/pgfmathfunctions.random.cod
e.tex)
(/usr/share/texlive/texmf-dist/tex/generic/pgf/math/pgfmathfunctions.comparison
.code.tex)
(/usr/share/texlive/texmf-dist/tex/generic/pgf/math/pgfmathfunctions.base.code.
tex)
(/usr/share/texlive/texmf-dist/tex/generic/pgf/math/pgfmathfunctions.round.code
.tex)
(/usr/share/texlive/texmf-dist/tex/generic/pgf/math/pgfmathfunctions.misc.code.
tex)
(/usr/share/texlive/texmf-dist/tex/generic/pgf/math/pgfmathfunctions.integerari
thmetics.code.tex)))
(/usr/share/texlive/texmf-dist/tex/generic/pgf/math/pgfmathfloat.code.tex
\c@pgfmathroundto@lastzeros=\count291
))
(/usr/share/texlive/texmf-dist/tex/generic/pgf/math/pgfint.code.tex)
(/usr/share/texlive/texmf-dist/tex/generic/pgf/basiclayer/pgfcorepoints.code.te
x
File: pgfcorepoints.code.tex 2020/01/08 v3.1.5b (3.1.5b)
\pgf@picminx=\dimen268
\pgf@picmaxx=\dimen269
\pgf@picminy=\dimen270
\pgf@picmaxy=\dimen271
\pgf@pathminx=\dimen272
\pgf@pathmaxx=\dimen273
\pgf@pathminy=\dimen274
\pgf@pathmaxy=\dimen275
\pgf@xx=\dimen276
\pgf@xy=\dimen277
\pgf@yx=\dimen278
\pgf@yy=\dimen279
\pgf@zx=\dimen280
\pgf@zy=\dimen281
)
(/usr/share/texlive/texmf-dist/tex/generic/pgf/basiclayer/pgfcorepathconstruct.
code.tex
File: pgfcorepathconstruct.code.tex 2020/01/08 v3.1.5b (3.1.5b)
\pgf@path@lastx=\dimen282
\pgf@path@lasty=\dimen283
)
(/usr/share/texlive/texmf-dist/tex/generic/pgf/basiclayer/pgfcorepathusage.code
.tex
File: pgfcorepathusage.code.tex 2020/01/08 v3.1.5b (3.1.5b)
\pgf@shorten@end@additional=\dimen284
\pgf@shorten@start@additional=\dimen285
)
(/usr/share/texlive/texmf-dist/tex/generic/pgf/basiclayer/pgfcorescopes.code.te
x
File: pgfcorescopes.code.tex 2020/01/08 v3.1.5b (3.1.5b)
\pgfpic=\box62
\pgf@hbox=\box63
\pgf@layerbox@main=\box64
\pgf@picture@serial@count=\count292
)
(/usr/share/texlive/texmf-dist/tex/generic/pgf/basiclayer/pgfcoregraphicstate.c
ode.tex
File: pgfcoregraphicstate.code.tex 2020/01/08 v3.1.5b (3.1.5b)
\pgflinewidth=\dimen286
)
(/usr/share/texlive/texmf-dist/tex/generic/pgf/basiclayer/pgfcoretransformation
s.code.tex
File: pgfcoretransformations.code.tex 2020/01/08 v3.1.5b (3.1.5b)
\pgf@pt@x=\dimen287
\pgf@pt@y=\dimen288
\pgf@pt@temp=\dimen289
)
(/usr/share/texlive/texmf-dist/tex/generic/pgf/basiclayer/pgfcorequick.code.tex
File: pgfcorequick.code.tex 2020/01/08 v3.1.5b (3.1.5b)
)
(/usr/share/texlive/texmf-dist/tex/generic/pgf/basiclayer/pgfcoreobjects.code.t
ex
File: pgfcoreobjects.code.tex 2020/01/08 v3.1.5b (3.1.5b)
)
(/usr/share/texlive/texmf-dist/tex/generic/pgf/basiclayer/pgfcorepathprocessing
.code.tex
File: pgfcorepathprocessing.code.tex 2020/01/08 v3.1.5b (3.1.5b)
)
(/usr/share/texlive/texmf-dist/tex/generic/pgf/basiclayer/pgfcorearrows.code.te
x
File: pgfcorearrows.code.tex 2020/01/08 v3.1.5b (3.1.5b)
\pgfarrowsep=\dimen290
)
(/usr/share/texlive/texmf-dist/tex/generic/pgf/basiclayer/pgfcoreshade.code.tex
File: pgfcoreshade.code.tex 2020/01/08 v3.1.5b (3.1.5b)
\pgf@max=\dimen291
\pgf@sys@shading@range@num=\count293
\pgf@shadingcount=\count294
)
(/usr/share/texlive/texmf-dist/tex/generic/pgf/basiclayer/pgfcoreimage.code.tex
File: pgfcoreimage.code.tex 2020/01/08 v3.1.5b (3.1.5b)

(/usr/share/texlive/texmf-dist/tex/generic/pgf/basiclayer/pgfcoreexternal.code.
tex
File: pgfcoreexternal.code.tex 2020/01/08 v3.1.5b (3.1.5b)
\pgfexternal@startupbox=\box65
))
(/usr/share/texlive/texmf-dist/tex/generic/pgf/basiclayer/pgfcorelayers.code.te
x
File: pgfcorelayers.code.tex 2020/01/08 v3.1.5b (3.1.5b)
)
(/usr/share/texlive/texmf-dist/tex/generic/pgf/basiclayer/pgfcoretransparency.c
ode.tex
File: pgfcoretransparency.code.tex 2020/01/08 v3.1.5b (3.1.5b)
)
(/usr/share/texlive/texmf-dist/tex/generic/pgf/basiclayer/pgfcorepatterns.code.
tex
File: pgfcorepatterns.code.tex 2020/01/08 v3.1.5b (3.1.5b)
)
(/usr/share/texlive/texmf-dist/tex/generic/pgf/basiclayer/pgfcorerdf.code.tex
File: pgfcorerdf.code.tex 2020/01/08 v3.1.5b (3.1.5b)
)))
(/usr/share/texlive/texmf-dist/tex/generic/pgf/modules/pgfmoduleshapes.code.tex
File: pgfmoduleshapes.code.tex 2020/01/08 v3.1.5b (3.1.5b)
\pgfnodeparttextbox=\box66
) (/usr/share/texlive/texmf-dist/tex/generic/pgf/modules/pgfmoduleplot.code.tex
File: pgfmoduleplot.code.tex 2020/01/08 v3.1.5b (3.1.5b)
)
(/usr/share/texlive/texmf-dist/tex/latex/pgf/compatibility/pgfcomp-version-0-65
.sty
Package: pgfcomp-version-0-65 2020/01/08 v3.1.5b (3.1.5b)
\pgf@nodesepstart=\dimen292
\pgf@nodesepend=\dimen293
)
(/usr/share/texlive/texmf-dist/tex/latex/pgf/compatibility/pgfcomp-version-1-18
.sty
Package: pgfcomp-version-1-18 2020/01/08 v3.1.5b (3.1.5b)
)) (/usr/share/texlive/texmf-dist/tex/latex/tools/verbatim.sty
Package: verbatim 2019/11/10 v1.5r LaTeX2e package for verbatim enhancements
\every@verbatim=\toks40
\verbatim@line=\toks41
\verbatim@in@stream=\read4
)
(/usr/share/texlive/texmf-dist/tex/latex/environ/environ.sty
Package: environ 2014/05/04 v0.3 A new way to define environments

(/usr/share/texlive/texmf-dist/tex/latex/trimspaces/trimspaces.sty
Package: trimspaces 2009/09/17 v1.1 Trim spaces around a token list
))
(/usr/share/texlive/texmf-dist/tex/latex/etoolbox/etoolbox.sty
Package: etoolbox 2019/09/21 v2.5h e-TeX tools for LaTeX (JAW)
\etb@tempcnta=\count295
)
\tcb@titlebox=\box67
\tcb@upperbox=\box68
\tcb@lowerbox=\box69
\tcb@phantombox=\box70
\c@tcbbreakpart=\count296
\c@tcblayer=\count297
\tcolorbox@number=\count298
\tcb@temp=\box71
\tcb@temp=\box72
\tcb@temp=\box73
\tcb@temp=\box74
\tcb@out=\write4
\tcb@record@out=\write5

(/usr/share/texlive/texmf-dist/tex/latex/tcolorbox/tcbraster.code.tex
Library (tcolorbox): 'tcbraster.code.tex' version '4.22'
\c@tcbrastercolumn=\count299
\c@tcbrasterrow=\count300
\c@tcbraster=\count301
) (/usr/share/texlive/texmf-dist/tex/latex/tcolorbox/tcbskins.code.tex
Library (tcolorbox): 'tcbskins.code.tex' version '4.22'
(/usr/share/texlive/texmf-dist/tex/latex/pgf/frontendlayer/tikz.sty
(/usr/share/texlive/texmf-dist/tex/latex/pgf/utilities/pgffor.sty
(/usr/share/texlive/texmf-dist/tex/latex/pgf/utilities/pgfkeys.sty
(/usr/share/texlive/texmf-dist/tex/generic/pgf/utilities/pgfkeys.code.tex))
(/usr/share/texlive/texmf-dist/tex/latex/pgf/math/pgfmath.sty
(/usr/share/texlive/texmf-dist/tex/generic/pgf/math/pgfmath.code.tex))
(/usr/share/texlive/texmf-dist/tex/generic/pgf/utilities/pgffor.code.tex
Package: pgffor 2020/01/08 v3.1.5b (3.1.5b)

(/usr/share/texlive/texmf-dist/tex/generic/pgf/math/pgfmath.code.tex)
\pgffor@iter=\dimen294
\pgffor@skip=\dimen295
\pgffor@stack=\toks42
\pgffor@toks=\toks43
))
(/usr/share/texlive/texmf-dist/tex/generic/pgf/frontendlayer/tikz/tikz.code.tex
Package: tikz 2020/01/08 v3.1.5b (3.1.5b)

(/usr/share/texlive/texmf-dist/tex/generic/pgf/libraries/pgflibraryplothandlers
.code.tex
File: pgflibraryplothandlers.code.tex 2020/01/08 v3.1.5b (3.1.5b)
\pgf@plot@mark@count=\count302
\pgfplotmarksize=\dimen296
)
\tikz@lastx=\dimen297
\tikz@lasty=\dimen298
\tikz@lastxsaved=\dimen299
\tikz@lastysaved=\dimen300
\tikz@lastmovetox=\dimen301
\tikz@lastmovetoy=\dimen302
\tikzleveldistance=\dimen303
\tikzsiblingdistance=\dimen304
\tikz@figbox=\box75
\tikz@figbox@bg=\box76
\tikz@tempbox=\box77
\tikz@tempbox@bg=\box78
\tikztreelevel=\count303
\tikznumberofchildren=\count304
\tikznumberofcurrentchild=\count305
\tikz@fig@count=\count306

(/usr/share/texlive/texmf-dist/tex/generic/pgf/modules/pgfmodulematrix.code.tex
File: pgfmodulematrix.code.tex 2020/01/08 v3.1.5b (3.1.5b)
\pgfmatrixcurrentrow=\count307
\pgfmatrixcurrentcolumn=\count308
\pgf@matrix@numberofcolumns=\count309
)
\tikz@expandcount=\count310

(/usr/share/texlive/texmf-dist/tex/generic/pgf/frontendlayer/tikz/libraries/tik
zlibrarytopaths.code.tex
File: tikzlibrarytopaths.code.tex 2020/01/08 v3.1.5b (3.1.5b)
)))
\tcb@waterbox=\box79

(/usr/share/texlive/texmf-dist/tex/latex/tcolorbox/tcbskinsjigsaw.code.tex
Library (tcolorbox): 'tcbskinsjigsaw.code.tex' version '4.22'
)) (/usr/share/texlive/texmf-dist/tex/latex/tcolorbox/tcbbreakable.code.tex
Library (tcolorbox): 'tcbbreakable.code.tex' version '4.22'
\tcb@testbox=\box80
\tcb@totalupperbox=\box81
\tcb@totallowerbox=\box82
) (/usr/share/texlive/texmf-dist/tex/latex/tcolorbox/tcbhooks.code.tex
Library (tcolorbox): 'tcbhooks.code.tex' version '4.22'
) (/usr/share/texlive/texmf-dist/tex/latex/tcolorbox/tcbtheorems.code.tex
Library (tcolorbox): 'tcbtheorems.code.tex' version '4.22'
) (/usr/share/texlive/texmf-dist/tex/latex/tcolorbox/tcbfitting.code.tex
Library (tcolorbox): 'tcbfitting.code.tex' version '4.22'
\tcbfitdim=\dimen305
\tcb@lowerfitdim=\dimen306
\tcb@upperfitdim=\dimen307
\tcb@cur@hbadness=\count311
) (/usr/share/texlive/texmf-dist/tex/latex/tcolorbox/tcbxparse.code.tex
Library (tcolorbox): 'tcbxparse.code.tex' version '4.22'
(/usr/share/texlive/texmf-dist/tex/latex/l3packages/xparse/xparse.sty
(/usr/share/texlive/texmf-dist/tex/latex/l3kernel/expl3.sty
Package: expl3 2020-02-14 L3 programming layer (loader) 

(/usr/share/texlive/texmf-dist/tex/latex/l3backend/l3backend-pdfmode.def
File: l3backend-pdfmode.def 2020-02-03 L3 backend support: PDF mode
\l__kernel_color_stack_int=\count312
\l__pdf_internal_box=\box83
))
Package: xparse 2020-02-14 L3 Experimental document command parser
\l__xparse_current_arg_int=\count313
\g__xparse_grabber_int=\count314
\l__xparse_m_args_int=\count315
\l__xparse_v_nesting_int=\count316
)))
(/usr/share/texlive/texmf-dist/tex/latex/tools/multicol.sty
Package: multicol 2019/12/09 v1.8y multicolumn formatting (FMi)
\c@tracingmulticols=\count317
\mult@box=\box84
\multicol@leftmargin=\dimen308
\c@unbalance=\count318
\c@collectmore=\count319
\doublecol@number=\count320
\multicoltolerance=\count321
\multicolpretolerance=\count322
\full@width=\dimen309
\page@free=\dimen310
\premulticols=\dimen311
\postmulticols=\dimen312
\multicolsep=\skip118
\multicolbaselineskip=\skip119
\partial@page=\box85
\last@line=\box86
\maxbalancingoverflow=\dimen313
\mult@rightbox=\box87
\mult@grightbox=\box88
\mult@gfirstbox=\box89
\mult@firstbox=\box90
\@tempa=\box91
\@tempa=\box92
\@tempa=\box93
\@tempa=\box94
\@tempa=\box95
\@tempa=\box96
\@tempa=\box97
\@tempa=\box98
\@tempa=\box99
\@tempa=\box100
\@tempa=\box101
\@tempa=\box102
\@tempa=\box103
\@tempa=\box104
\@tempa=\box105
\@tempa=\box106
\@tempa=\box107
\@tempa=\box108
\@tempa=\box109
\@tempa=\box110
\@tempa=\box111
\@tempa=\box112
\@tempa=\box113
\@tempa=\box114
\@tempa=\box115
\@tempa=\box116
\@tempa=\box117
\@tempa=\box118
\@tempa=\box119
\@tempa=\box120
\@tempa=\box121
\@tempa=\box122
\@tempa=\box123
\@tempa=\box124
\@tempa=\box125
\@tempa=\box126
\@tempa=\box127
\c@minrows=\count323
\c@columnbadness=\count324
\c@finalcolumnbadness=\count325
\last@try=\dimen314
\multicolovershoot=\dimen315
\multicolundershoot=\dimen316
\mult@nat@firstbox=\box128
\colbreak@box=\box129
\mc@col@check@num=\count326
)
(/usr/share/texlive/texmf-dist/tex/latex/stackengine/stackengine.sty
Package: stackengine 2017/02/13 v4.01\ Stacking text and objects in convenient 
ways

(/usr/share/texlive/texmf-dist/tex/generic/listofitems/listofitems.sty
(/usr/share/texlive/texmf-dist/tex/generic/listofitems/listofitems.tex
\loi_cnt_foreach_nest=\count327
\loi_nestcnt=\count328
)
Package: listofitems 2019/08/21 v1.63 Grab items in lists using user-specified 
sep char (CT)
)
(/usr/share/texlive/texmf-dist/tex/latex/tools/calc.sty
Package: calc 2017/05/25 v4.3 Infix arithmetic (KKT,FJ)
\calc@Acount=\count329
\calc@Bcount=\count330
\calc@Adimen=\dimen317
\calc@Bdimen=\dimen318
\calc@Askip=\skip120
\calc@Bskip=\skip121
LaTeX Info: Redefining \setlength on input line 80.
LaTeX Info: Redefining \addtolength on input line 81.
\calc@Ccount=\count331
\calc@Cskip=\skip122
)
\c@@stackindex=\count332
\@boxshift=\skip123
\stack@tmplength=\skip124
\temp@stkl=\skip125
\@stackedboxwidth=\skip126
\@addedbox=\box130
\@anchorbox=\box131
\stackedbox=\box132
\@centerbox=\box133
\c@ROWcellindex@=\count333
)
(/usr/share/texlive/texmf-dist/tex/latex/esvect/esvect.sty
Package: esvect 
\symesvector=\mathgroup10
)
(/usr/share/texlive/texmf-dist/tex/latex/multirow/multirow.sty
Package: multirow 2019/05/31 v2.5 Span multiple rows of a table
\multirow@colwidth=\skip127
\multirow@cntb=\count334
\multirow@dima=\skip128
\bigstrutjot=\dimen319
)
(/usr/share/texlive/texmf-dist/tex/latex/tools/longtable.sty
Package: longtable 2020/01/07 v4.13 Multi-page Table package (DPC)
\LTleft=\skip129
\LTright=\skip130
\LTpre=\skip131
\LTpost=\skip132
\LTchunksize=\count335
\LTcapwidth=\dimen320
\LT@head=\box134
\LT@firsthead=\box135
\LT@foot=\box136
\LT@lastfoot=\box137
\LT@cols=\count336
\LT@rows=\count337
\c@LT@tables=\count338
\c@LT@chunks=\count339
\LT@p@ftn=\toks44
)
(/usr/share/texlive/texmf-dist/tex/latex/mathtools/mathtools.sty
Package: mathtools 2020/01/17 v1.23 mathematical typesetting tools

(/usr/share/texlive/texmf-dist/tex/latex/mathtools/mhsetup.sty
Package: mhsetup 2017/03/31 v1.3 programming setup (MH)
)
LaTeX Info: Thecontrolsequence`\('isalreadyrobust on input line 129.
LaTeX Info: Thecontrolsequence`\)'isalreadyrobust on input line 129.
LaTeX Info: Thecontrolsequence`\['isalreadyrobust on input line 129.
LaTeX Info: Thecontrolsequence`\]'isalreadyrobust on input line 129.
\g_MT_multlinerow_int=\count340
\l_MT_multwidth_dim=\dimen321
\origjot=\skip133
\l_MT_shortvdotswithinadjustabove_dim=\dimen322
\l_MT_shortvdotswithinadjustbelow_dim=\dimen323
\l_MT_above_intertext_sep=\dimen324
\l_MT_below_intertext_sep=\dimen325
\l_MT_above_shortintertext_sep=\dimen326
\l_MT_below_shortintertext_sep=\dimen327
)
(/usr/share/texlive/texmf-dist/tex/latex/imakeidx/imakeidx.sty
Package: imakeidx 2016/10/15 v1.3e Package for typesetting indices in a synchro
nous mode

(/usr/share/texlive/texmf-dist/tex/generic/iftex/ifxetex.sty
Package: ifxetex 2019/10/25 v0.7 ifxetex legacy package. Use iftex instead.
))
\rek_nn@idxfile=\write6
\openout6 = `rek_nn.idx'.


Writing index file rek_nn.idx
(/usr/share/texlive/texmf-dist/tex/latex/footmisc/footmisc.sty
Package: footmisc 2011/06/06 v5.5b a miscellany of footnote facilities
\FN@temptoken=\toks45
\footnotemargin=\dimen328
\c@pp@next@reset=\count341
Package footmisc Info: Declaring symbol style bringhurst on input line 855.
Package footmisc Info: Declaring symbol style chicago on input line 863.
Package footmisc Info: Declaring symbol style wiley on input line 872.
Package footmisc Info: Declaring symbol style lamport-robust on input line 883.

Package footmisc Info: Declaring symbol style lamport* on input line 903.
Package footmisc Info: Declaring symbol style lamport*-robust on input line 924
.
)
(/usr/share/texlive/texmf-dist/tex/latex/bigfoot/perpage.sty
Package: perpage 2014/10/25 2.0 Reset/sort counters per page
\c@abspage=\count342
)
\c@pp@a@footnote=\count343

(/usr/share/texlive/texmf-dist/tex/latex/enumitem/enumitem.sty
Package: enumitem 2019/06/20 v3.9 Customized lists
\enitkv@toks@=\toks46
\labelindent=\skip134
\enit@outerparindent=\dimen329
\enit@toks=\toks47
\enit@inbox=\box138
\enit@count@id=\count344
\enitdp@description=\count345
)
\c@rg=\count346
\c@opg=\count347
\c@grub=\count348
\c@vedl=\count349
\c@vedleq=\count350

(/usr/share/texlive/texmf-dist/tex/latex/listings/listings.sty
\lst@mode=\count351
\lst@gtempboxa=\box139
\lst@token=\toks48
\lst@length=\count352
\lst@currlwidth=\dimen330
\lst@column=\count353
\lst@pos=\count354
\lst@lostspace=\dimen331
\lst@width=\dimen332
\lst@newlines=\count355
\lst@lineno=\count356
\lst@maxwidth=\dimen333

(/usr/share/texlive/texmf-dist/tex/latex/listings/lstmisc.sty
File: lstmisc.sty 2019/09/10 1.8c (Carsten Heinz)
\c@lstnumber=\count357
\lst@skipnumbers=\count358
\lst@framebox=\box140
)
(/usr/share/texlive/texmf-dist/tex/latex/listings/listings.cfg
File: listings.cfg 2019/09/10 1.8c listings configuration
))
Package: listings 2019/09/10 1.8c (Carsten Heinz)

(/usr/share/texlive/texmf-dist/tex/latex/datetime2/datetime2.sty
Package: datetime2 2019/11/11 v1.5.5 (NLCT) date and time formats

(/usr/share/texlive/texmf-dist/tex/latex/tracklang/tracklang.sty
Package: tracklang 2019/11/30 v1.4 (NLCT) Track Languages

(/usr/share/texlive/texmf-dist/tex/generic/tracklang/tracklang.tex))
(/usr/share/texlive/texmf-dist/tex/latex/datetime2-english/datetime2-english.ld
f
File: datetime2-english.ldf 2019/10/21 v1.05 (NLCT)

(/usr/share/texlive/texmf-dist/tex/latex/datetime2-english/datetime2-english-ba
se.ldf
File: datetime2-english-base.ldf 2019/10/21 v1.05 (NLCT)
)))) (/usr/share/texlive/texmf-dist/tex/latex/hyperref/hyperref.sty
Package: hyperref 2020/01/14 v7.00d Hypertext links for LaTeX

(/usr/share/texlive/texmf-dist/tex/latex/pdftexcmds/pdftexcmds.sty
Package: pdftexcmds 2019/11/24 v0.31 Utility functions of pdfTeX for LuaTeX (HO
)

(/usr/share/texlive/texmf-dist/tex/generic/infwarerr/infwarerr.sty
Package: infwarerr 2019/12/03 v1.5 Providing info/warning/error messages (HO)
)
Package pdftexcmds Info: \pdf@primitive is available.
Package pdftexcmds Info: \pdf@ifprimitive is available.
Package pdftexcmds Info: \pdfdraftmode found.
)
(/usr/share/texlive/texmf-dist/tex/generic/kvdefinekeys/kvdefinekeys.sty
Package: kvdefinekeys 2019-12-19 v1.6 Define keys (HO)
)
(/usr/share/texlive/texmf-dist/tex/generic/pdfescape/pdfescape.sty
Package: pdfescape 2019/12/09 v1.15 Implements pdfTeX's escape features (HO)
)
(/usr/share/texlive/texmf-dist/tex/latex/hycolor/hycolor.sty
Package: hycolor 2020-01-27 v1.10 Color options for hyperref/bookmark (HO)
)
(/usr/share/texlive/texmf-dist/tex/latex/letltxmacro/letltxmacro.sty
Package: letltxmacro 2019/12/03 v1.6 Let assignment for LaTeX macros (HO)
)
(/usr/share/texlive/texmf-dist/tex/latex/auxhook/auxhook.sty
Package: auxhook 2019-12-17 v1.6 Hooks for auxiliary files (HO)
)
\@linkdim=\dimen334
\Hy@linkcounter=\count359
\Hy@pagecounter=\count360

(/usr/share/texlive/texmf-dist/tex/latex/hyperref/pd1enc.def
File: pd1enc.def 2020/01/14 v7.00d Hyperref: PDFDocEncoding definition (HO)
Now handling font encoding PD1 ...
... no UTF-8 mapping file for font encoding PD1
)
(/usr/share/texlive/texmf-dist/tex/generic/intcalc/intcalc.sty
Package: intcalc 2019/12/15 v1.3 Expandable calculations with integers (HO)
)
(/usr/share/texlive/texmf-dist/tex/generic/etexcmds/etexcmds.sty
Package: etexcmds 2019/12/15 v1.7 Avoid name clashes with e-TeX commands (HO)
)
\Hy@SavedSpaceFactor=\count361
\pdfmajorversion=\count362
Package hyperref Info: Hyper figures OFF on input line 4547.
Package hyperref Info: Link nesting OFF on input line 4552.
Package hyperref Info: Hyper index ON on input line 4555.
Package hyperref Info: Plain pages OFF on input line 4562.
Package hyperref Info: Backreferencing OFF on input line 4567.
Package hyperref Info: Implicit mode ON; LaTeX internals redefined.
Package hyperref Info: Bookmarks ON on input line 4800.
\c@Hy@tempcnt=\count363

(/usr/share/texlive/texmf-dist/tex/latex/url/url.sty
\Urlmuskip=\muskip17
Package: url 2013/09/16  ver 3.4  Verb mode for urls, etc.
)
LaTeX Info: Redefining \url on input line 5159.
\XeTeXLinkMargin=\dimen335

(/usr/share/texlive/texmf-dist/tex/generic/bitset/bitset.sty
Package: bitset 2019/12/09 v1.3 Handle bit-vector datatype (HO)

(/usr/share/texlive/texmf-dist/tex/generic/bigintcalc/bigintcalc.sty
Package: bigintcalc 2019/12/15 v1.5 Expandable calculations on big integers (HO
)
))
\Fld@menulength=\count364
\Field@Width=\dimen336
\Fld@charsize=\dimen337
Package hyperref Info: Hyper figures OFF on input line 6430.
Package hyperref Info: Link nesting OFF on input line 6435.
Package hyperref Info: Hyper index ON on input line 6438.
Package hyperref Info: backreferencing OFF on input line 6445.
Package hyperref Info: Link coloring OFF on input line 6450.
Package hyperref Info: Link coloring with OCG OFF on input line 6455.
Package hyperref Info: PDF/A mode OFF on input line 6460.
LaTeX Info: Redefining \ref on input line 6500.
LaTeX Info: Redefining \pageref on input line 6504.

(/usr/share/texlive/texmf-dist/tex/generic/atbegshi/atbegshi.sty
Package: atbegshi 2019/12/05 v1.19 At begin shipout hook (HO)
)
\Hy@abspage=\count365
\c@Item=\count366
\c@Hfootnote=\count367
)
Package hyperref Info: Driver: hpdftex.

(/usr/share/texlive/texmf-dist/tex/latex/hyperref/hpdftex.def
File: hpdftex.def 2020/01/14 v7.00d Hyperref driver for pdfTeX

(/usr/share/texlive/texmf-dist/tex/latex/atveryend/atveryend.sty
Package: atveryend 2019-12-11 v1.11 Hooks at the very end of document (HO)
)
\Fld@listcount=\count368
\c@bookmark@seq@number=\count369

(/usr/share/texlive/texmf-dist/tex/latex/rerunfilecheck/rerunfilecheck.sty
Package: rerunfilecheck 2019/12/05 v1.9 Rerun checks for auxiliary files (HO)

(/usr/share/texlive/texmf-dist/tex/generic/uniquecounter/uniquecounter.sty
Package: uniquecounter 2019/12/15 v1.4 Provide unlimited unique counter (HO)
)
Package uniquecounter Info: New unique counter `rerunfilecheck' on input line 2
86.
)
\Hy@SectionHShift=\skip135
)
(../nn.tex) (./rek_nn.aux)
\openout1 = `rek_nn.aux'.

LaTeX Font Info:    Checking defaults for OML/cmm/m/it on input line 5.
LaTeX Font Info:    ... okay on input line 5.
LaTeX Font Info:    Checking defaults for OMS/cmsy/m/n on input line 5.
LaTeX Font Info:    ... okay on input line 5.
LaTeX Font Info:    Checking defaults for OT1/cmr/m/n on input line 5.
LaTeX Font Info:    ... okay on input line 5.
LaTeX Font Info:    Checking defaults for T1/cmr/m/n on input line 5.
LaTeX Font Info:    ... okay on input line 5.
LaTeX Font Info:    Checking defaults for TS1/cmr/m/n on input line 5.
LaTeX Font Info:    ... okay on input line 5.
LaTeX Font Info:    Checking defaults for OMX/cmex/m/n on input line 5.
LaTeX Font Info:    ... okay on input line 5.
LaTeX Font Info:    Checking defaults for U/cmr/m/n on input line 5.
LaTeX Font Info:    ... okay on input line 5.
LaTeX Font Info:    Checking defaults for PD1/pdf/m/n on input line 5.
LaTeX Font Info:    ... okay on input line 5.
LaTeX Font Info:    Trying to load font information for T1+lmr on input line 5.

 (/usr/share/texmf/tex/latex/lm/t1lmr.fd
File: t1lmr.fd 2009/10/30 v1.6 Font defs for Latin Modern
)
*geometry* detected driver: pdftex

Package geometry Warning: The marginal notes overrun the paper.
     Add 17.78496pt and more to the right margin.

*geometry* verbose mode - [ preamble ] result:
* driver: pdftex
* paper: custom
* layout: <same size as paper>
* layoutoffset:(h,v)=(0.0pt,0.0pt)
* modes: 
* h-part:(L,W,R)=(65.44142pt, 341.43307pt, 51.21504pt)
* v-part:(T,H,B)=(51.21504pt, 574.74559pt, 56.9055pt)
* \paperwidth=458.08954pt
* \paperheight=682.86613pt
* \textwidth=341.43307pt
* \textheight=574.74559pt
* \oddsidemargin=-6.82857pt
* \evensidemargin=-6.82857pt
* \topmargin=-58.05495pt
* \headheight=12.0pt
* \headsep=25.0pt
* \topskip=11.0pt
* \footskip=30.0pt
* \marginparwidth=59.0pt
* \marginparsep=10.0pt
* \columnsep=10.0pt
* \skip\footins=10.0pt plus 4.0pt minus 2.0pt
* \hoffset=0.0pt
* \voffset=0.0pt
* \mag=1000
* \@twocolumnfalse
* \@twosidefalse
* \@mparswitchfalse
* \@reversemarginfalse
* (1in=72.27pt=25.4mm, 1cm=28.453pt)

(/usr/share/texlive/texmf-dist/tex/context/base/mkii/supp-pdf.mkii
[Loading MPS to PDF converter (version 2006.09.02).]
\scratchcounter=\count370
\scratchdimen=\dimen338
\scratchbox=\box141
\nofMPsegments=\count371
\nofMParguments=\count372
\everyMPshowfont=\toks49
\MPscratchCnt=\count373
\MPscratchDim=\dimen339
\MPnumerator=\count374
\makeMPintoPDFobject=\count375
\everyMPtoPDFconversion=\toks50
) (/usr/share/texlive/texmf-dist/tex/latex/epstopdf-pkg/epstopdf-base.sty
Package: epstopdf-base 2020-01-24 v2.11 Base part for package epstopdf
Package epstopdf-base Info: Redefining graphics rule for `.eps' on input line 4
85.

(/usr/share/texlive/texmf-dist/tex/latex/latexconfig/epstopdf-sys.cfg
File: epstopdf-sys.cfg 2010/07/13 v1.3 Configuration of (r)epstopdf for TeX Liv
e
))
ABD: EverySelectfont initializing macros
LaTeX Info: Redefining \selectfont on input line 5.
Package caption Info: Begin \AtBeginDocument code.
Package caption Info: subfig package v1.3 is loaded.
Package caption Info: hyperref package is loaded.
Package caption Info: listings package is loaded.
Package caption Info: longtable package is loaded.

(/usr/share/texlive/texmf-dist/tex/latex/caption/ltcaption.sty
Package: ltcaption 2018/08/26 v1.4a longtable captions (AR)
)
Package caption Info: wrapfig package is loaded.
Package caption Info: End \AtBeginDocument code.

ABD: EveryShipout initializing macros
\c@lstlisting=\count376
\AtBeginShipoutBox=\box142
Package hyperref Info: Link coloring OFF on input line 5.

(/usr/share/texlive/texmf-dist/tex/latex/hyperref/nameref.sty
Package: nameref 2019/09/16 v2.46 Cross-referencing by name of section

(/usr/share/texlive/texmf-dist/tex/latex/refcount/refcount.sty
Package: refcount 2019/12/15 v3.6 Data extraction from label references (HO)
)
(/usr/share/texlive/texmf-dist/tex/generic/gettitlestring/gettitlestring.sty
Package: gettitlestring 2019/12/15 v1.6 Cleanup title references (HO)
)
\c@section@level=\count377
)
LaTeX Info: Redefining \ref on input line 5.
LaTeX Info: Redefining \pageref on input line 5.
LaTeX Info: Redefining \nameref on input line 5.

(./rek_nn.out) (./rek_nn.out)
\@outlinefile=\write7
\openout7 = `rek_nn.out'.

<rekfig/plus1.pdf, id=31, 46.02194pt x 47.44727pt>
File: rekfig/plus1.pdf Graphic file (type pdf)
<use rekfig/plus1.pdf>
Package pdftex.def Info: rekfig/plus1.pdf  used on input line 19.
(pdftex.def)             Requested size: 46.02182pt x 47.44714pt.
LaTeX Font Info:    Trying to load font information for OT1+lmr on input line 1
9.
 (/usr/share/texmf/tex/latex/lm/ot1lmr.fd
File: ot1lmr.fd 2009/10/30 v1.6 Font defs for Latin Modern
)
LaTeX Font Info:    Trying to load font information for OML+lmm on input line 1
9.

(/usr/share/texmf/tex/latex/lm/omllmm.fd
File: omllmm.fd 2009/10/30 v1.6 Font defs for Latin Modern
)
LaTeX Font Info:    Trying to load font information for OMS+lmsy on input line 
19.

(/usr/share/texmf/tex/latex/lm/omslmsy.fd
File: omslmsy.fd 2009/10/30 v1.6 Font defs for Latin Modern
)
LaTeX Font Info:    Trying to load font information for OMX+lmex on input line 
19.

(/usr/share/texmf/tex/latex/lm/omxlmex.fd
File: omxlmex.fd 2009/10/30 v1.6 Font defs for Latin Modern
)
LaTeX Font Info:    External font `lmex10' loaded for size
(Font)              <10.95> on input line 19.
LaTeX Font Info:    External font `lmex10' loaded for size
(Font)              <8> on input line 19.
LaTeX Font Info:    External font `lmex10' loaded for size
(Font)              <6> on input line 19.
LaTeX Font Info:    Trying to load font information for U+msa on input line 19.


(/usr/share/texlive/texmf-dist/tex/latex/amsfonts/umsa.fd
File: umsa.fd 2013/01/14 v3.01 AMS symbols A
)
LaTeX Font Info:    Trying to load font information for U+msb on input line 19.


(/usr/share/texlive/texmf-dist/tex/latex/amsfonts/umsb.fd
File: umsb.fd 2013/01/14 v3.01 AMS symbols B
)
LaTeX Font Info:    Trying to load font information for U+esint on input line 1
9.

(/usr/share/texlive/texmf-dist/tex/latex/esint/uesint.fd
File: uesint.fd 
)
LaTeX Font Info:    Trying to load font information for U+esvect on input line 
19.

(/usr/share/texlive/texmf-dist/tex/latex/esvect/uesvect.fd
File: uesvect.fd 
)
<rekfig/plus2.pdf, id=32, 46.02194pt x 47.44727pt>
File: rekfig/plus2.pdf Graphic file (type pdf)
<use rekfig/plus2.pdf>
Package pdftex.def Info: rekfig/plus2.pdf  used on input line 27.
(pdftex.def)             Requested size: 46.02182pt x 47.44714pt.
<rekfig/plus3.pdf, id=33, 46.02194pt x 47.44727pt>
File: rekfig/plus3.pdf Graphic file (type pdf)
<use rekfig/plus3.pdf>
Package pdftex.def Info: rekfig/plus3.pdf  used on input line 34.
(pdftex.def)             Requested size: 46.02182pt x 47.44714pt.
<rekfig/plus4.pdf, id=34, 57.40446pt x 47.44727pt>
File: rekfig/plus4.pdf Graphic file (type pdf)
<use rekfig/plus4.pdf>
Package pdftex.def Info: rekfig/plus4.pdf  used on input line 41.
(pdftex.def)             Requested size: 57.4043pt x 47.44714pt.
<rekfig/plus1a.pdf, id=35, 46.02194pt x 47.44727pt>
File: rekfig/plus1a.pdf Graphic file (type pdf)
<use rekfig/plus1a.pdf>
Package pdftex.def Info: rekfig/plus1a.pdf  used on input line 56.
(pdftex.def)             Requested size: 46.02182pt x 47.44714pt.
<rekfig/plus1b.pdf, id=36, 46.02194pt x 47.44727pt>
File: rekfig/plus1b.pdf Graphic file (type pdf)
<use rekfig/plus1b.pdf>
Package pdftex.def Info: rekfig/plus1b.pdf  used on input line 56.
(pdftex.def)             Requested size: 46.02182pt x 47.44714pt.
<rekfig/plus1c.pdf, id=37, 46.02194pt x 47.44727pt>
File: rekfig/plus1c.pdf Graphic file (type pdf)
<use rekfig/plus1c.pdf>
Package pdftex.def Info: rekfig/plus1c.pdf  used on input line 56.
(pdftex.def)             Requested size: 46.02182pt x 47.44714pt.
 [1


{/var/lib/texmf/fonts/map/pdftex/updmap/pdftex.map} <./rekfig/plus1.pdf> <./rek
fig/plus2.pdf> <./rekfig/plus3.pdf> <./rekfig/plus4.pdf> <./rekfig/plus1a.pdf> 
<./rekfig/plus1b.pdf> <./rekfig/plus1c.pdf>]pdfTeX warning (ext4): destination 
with the same identifier (name{subfigure.1.1}) has been already used, duplicate
 ignored
<to be read again> 
                   \relax 
l.70 }
       \vsk
<rekfig/plus2a.pdf, id=105, 46.02194pt x 47.44727pt>
File: rekfig/plus2a.pdf Graphic file (type pdf)
<use rekfig/plus2a.pdf>
Package pdftex.def Info: rekfig/plus2a.pdf  used on input line 70.
(pdftex.def)             Requested size: 46.02182pt x 47.44714pt.
pdfTeX warning (ext4): destination with the same identifier (name{subfigure.1.2
}) has been already used, duplicate ignored
<to be read again> 
                   \relax 
l.70 }
       \vsk
<rekfig/plus2b.pdf, id=106, 46.02194pt x 47.44727pt>
File: rekfig/plus2b.pdf Graphic file (type pdf)
<use rekfig/plus2b.pdf>
Package pdftex.def Info: rekfig/plus2b.pdf  used on input line 70.
(pdftex.def)             Requested size: 46.02182pt x 47.44714pt.
pdfTeX warning (ext4): destination with the same identifier (name{subfigure.1.3
}) has been already used, duplicate ignored
<to be read again> 
                   \relax 
l.70 }
       \vsk
<rekfig/plus2c.pdf, id=107, 46.02194pt x 47.44727pt>
File: rekfig/plus2c.pdf Graphic file (type pdf)
<use rekfig/plus2c.pdf>
Package pdftex.def Info: rekfig/plus2c.pdf  used on input line 70.
(pdftex.def)             Requested size: 46.02182pt x 47.44714pt.

Underfull \hbox (badness 10000) in paragraph at lines 70--70
[]\T1/lmr/m/n/10.95 Vi legg saman tiarane: $[]$. Sidan 10 tiarar er det
 []


Underfull \hbox (badness 10000) in paragraph at lines 70--70
\T1/lmr/m/n/10.95 same som 100, legg vi til 1 p hun-dreplassen, og skriv opp
 []


Overfull \hbox (2.85382pt too wide) in paragraph at lines 89--89
[][] 
 []


Overfull \hbox (2.85382pt too wide) in paragraph at lines 101--101
[][]
 []

[2 <./rekfig/plus2a.pdf> <./rekfig/plus2b.pdf> <./rekfig/plus2c.pdf>]pdfTeX war
ning (ext4): destination with the same identifier (name{subfigure.1.1}) has bee
n already used, duplicate ignored
<to be read again> 
                   \relax 
l.148 }
        \vskpdfTeX warning (ext4): destination with the same identifier (name{s
ubfigure.1.2}) has been already used, duplicate ignored
<to be read again> 
                   \relax 
l.148 }
        \vskpdfTeX warning (ext4): destination with the same identifier (name{s
ubfigure.1.3}) has been already used, duplicate ignored
<to be read again> 
                   \relax 
l.148 }
        \vsk
Underfull \hbox (badness 10000) in paragraph at lines 148--148
[]\T1/lmr/m/n/10.95 Vi star-tar med det led-det vi sjlv nsker, ofte er det lu
rt 
 []


Underfull \hbox (badness 10000) in paragraph at lines 148--148
[]\T1/lmr/m/n/10.95 Vi legg til $\OT1/lmr/m/n/10.95 6$\T1/lmr/m/n/10.95 . Da ha
r vi to-talt lagt til $\OT1/lmr/m/n/10.95 6$\T1/lmr/m/n/10.95 , og vi-dare er
 []


Underfull \hbox (badness 10000) in paragraph at lines 148--148
[]\T1/lmr/m/n/10.95 Vi legg til 30. Da har vi s to-talt lagt til 36, og vi-dar
e er
 []


Underfull \hbox (badness 10000) in paragraph at lines 148--148
[]\T1/lmr/m/n/10.95 Vi legg til 50. Da har vi to-talt lagt til 86, alts har vi

 []


Underfull \hbox (badness 10000) in paragraph at lines 152--152
[]\T1/lmr/m/n/10.95 Ved frste augekast kan kan-skje tabell-me-to-den sj ut so
m ein
 []


Underfull \hbox (badness 10000) in paragraph at lines 152--152
\T1/lmr/m/n/10.95 in-nvikla mte  rekne ad-dis-jon p saman-likna med opp-stil
l-ing,
 []


Underfull \hbox (badness 10000) in paragraph at lines 152--152
\T1/lmr/m/n/10.95 men med v-ing vil mange op-pdage at tabell-me-to-den be-trer

 []

[3]
<rekfig/min1.pdf, id=145, 46.02194pt x 47.44727pt>
File: rekfig/min1.pdf Graphic file (type pdf)
<use rekfig/min1.pdf>
Package pdftex.def Info: rekfig/min1.pdf  used on input line 164.
(pdftex.def)             Requested size: 46.02182pt x 47.44714pt.
<rekfig/min2.pdf, id=146, 34.64944pt x 47.44727pt>
File: rekfig/min2.pdf Graphic file (type pdf)
<use rekfig/min2.pdf>
Package pdftex.def Info: rekfig/min2.pdf  used on input line 171.
(pdftex.def)             Requested size: 34.64934pt x 47.44714pt.
<rekfig/min3.pdf, id=147, 46.02194pt x 47.44727pt>
File: rekfig/min3.pdf Graphic file (type pdf)
<use rekfig/min3.pdf>
Package pdftex.def Info: rekfig/min3.pdf  used on input line 178.
(pdftex.def)             Requested size: 46.02182pt x 47.44714pt.
<rekfig/min4.pdf, id=148, 57.40446pt x 47.44727pt>
File: rekfig/min4.pdf Graphic file (type pdf)
<use rekfig/min4.pdf>
Package pdftex.def Info: rekfig/min4.pdf  used on input line 185.
(pdftex.def)             Requested size: 57.4043pt x 47.44714pt.
pdfTeX warning (ext4): destination with the same identifier (name{subfigure.1.1
}) has been already used, duplicate ignored
<to be read again> 
                   \relax 
l.201 }
       
<rekfig/min1a.pdf, id=149, 46.02194pt x 47.44727pt>
File: rekfig/min1a.pdf Graphic file (type pdf)
<use rekfig/min1a.pdf>
Package pdftex.def Info: rekfig/min1a.pdf  used on input line 201.
(pdftex.def)             Requested size: 46.02182pt x 47.44714pt.
pdfTeX warning (ext4): destination with the same identifier (name{subfigure.1.2
}) has been already used, duplicate ignored
<to be read again> 
                   \relax 
l.201 }
       
<rekfig/min1b.pdf, id=150, 46.02194pt x 47.44727pt>
File: rekfig/min1b.pdf Graphic file (type pdf)
<use rekfig/min1b.pdf>
Package pdftex.def Info: rekfig/min1b.pdf  used on input line 201.
(pdftex.def)             Requested size: 46.02182pt x 47.44714pt.
pdfTeX warning (ext4): destination with the same identifier (name{subfigure.1.3
}) has been already used, duplicate ignored
<to be read again> 
                   \relax 
l.201 }
       
<rekfig/min1c.pdf, id=151, 46.02194pt x 47.44727pt>
File: rekfig/min1c.pdf Graphic file (type pdf)
<use rekfig/min1c.pdf>
Package pdftex.def Info: rekfig/min1c.pdf  used on input line 201.
(pdftex.def)             Requested size: 46.02182pt x 47.44714pt.
 [4

 <./rekfig/min1.pdf> <./rekfig/min2.pdf> <./rekfig/min3.pdf> <./rekfig/min4.pdf
> <./rekfig/min1a.pdf> <./rekfig/min1b.pdf> <./rekfig/min1c.pdf>]pdfTeX warning
 (ext4): destination with the same identifier (name{subfigure.1.1}) has been al
ready used, duplicate ignored
<to be read again> 
                   \relax 
l.214 }
       
<rekfig/min2a.pdf, id=219, 34.64944pt x 47.44727pt>
File: rekfig/min2a.pdf Graphic file (type pdf)
<use rekfig/min2a.pdf>
Package pdftex.def Info: rekfig/min2a.pdf  used on input line 214.
(pdftex.def)             Requested size: 34.64934pt x 47.44714pt.
pdfTeX warning (ext4): destination with the same identifier (name{subfigure.1.2
}) has been already used, duplicate ignored
<to be read again> 
                   \relax 
l.214 }
       
<rekfig/min2b.pdf, id=220, 34.64944pt x 47.44727pt>
File: rekfig/min2b.pdf Graphic file (type pdf)
<use rekfig/min2b.pdf>
Package pdftex.def Info: rekfig/min2b.pdf  used on input line 214.
(pdftex.def)             Requested size: 34.64934pt x 47.44714pt.

Underfull \hbox (badness 10000) in paragraph at lines 214--214
[]\T1/lmr/m/n/10.95 Vi merkar oss at 7 er strre enn 3, der-for tar vi 1 tiar
 []


Underfull \hbox (badness 10000) in paragraph at lines 214--214
\T1/lmr/m/n/10.95 fr dei 8 p tiarplassen. Dette mark-erer vi ved  sette
 []


Underfull \hbox (badness 10000) in paragraph at lines 214--214
\T1/lmr/m/n/10.95 ein strek over 8. S finn vi dif-fer-ansen mel-lom einarane:
 []


Underfull \hbox (badness 10000) in paragraph at lines 214--214
[]\T1/lmr/m/n/10.95 Sidan vi tok 1 fr dei 8 tiarane, er der no berre 7 tiarar.
 Vi
 []

[5 <./rekfig/min2a.pdf> <./rekfig/min2b.pdf>]pdfTeX warning (ext4): destination
 with the same identifier (name{subfigure.1.1}) has been already used, duplicat
e ignored
<to be read again> 
                   \relax 
l.323 }
       pdfTeX warning (ext4): destination with the same identifier (name{subfig
ure.1.2}) has been already used, duplicate ignored
<to be read again> 
                   \relax 
l.323 }
       pdfTeX warning (ext4): destination with the same identifier (name{subfig
ure.1.3}) has been already used, duplicate ignored
<to be read again> 
                   \relax 
l.323 }
       pdfTeX warning (ext4): destination with the same identifier (name{subfig
ure.1.4}) has been already used, duplicate ignored
<to be read again> 
                   \relax 
l.323 }
       
Underfull \hbox (badness 10000) in paragraph at lines 323--323
[]\T1/lmr/m/n/10.95 Vi legg til 389, og fr $[]$. Da er vi framme p
 []

[6]
LaTeX Font Info:    Trying to load font information for TS1+lmr on input line 3
33.
 (/usr/share/texmf/tex/latex/lm/ts1lmr.fd
File: ts1lmr.fd 2009/10/30 v1.6 Font defs for Latin Modern
)
Underfull \hbox (badness 10000) in paragraph at lines 333--333
[]\T1/lmr/m/n/10.95 Nr ein gongar eit heil-tal med 10, fr ein svaret ved 
 []


Underfull \hbox (badness 10000) in paragraph at lines 333--333
[]\T1/lmr/m/n/10.95 Nr ein gongar eit heil-tal med 100, fr ein svaret ved 
 []

[7

]
Underfull \hbox (badness 10000) in paragraph at lines 363--363
[]\T1/lmr/m/n/10.95 Nr ein gongar eit des-i-mal-tal med 10, fr ein svaret ved
 
 []


Underfull \hbox (badness 10000) in paragraph at lines 363--363
[]\T1/lmr/m/n/10.95 Nr ein gongar eit heil-tal med 100, fr ein svaret ved 
 []


Underfull \hbox (badness 10000) in paragraph at lines 389--389
[][][]\T1/lmr/m/n/10.95 regel 0.1[][][] er berre eit spe-sialtil-felle av [][]r
egel 0.2[][][]. For ek-sem-pel, 
 []


Underfull \hbox (badness 10000) in paragraph at lines 389--389
\T1/lmr/m/n/10.95 bruke [][]regel 0.1[][][] p rek-nestykket $[]$ gir same re-s
ul-tat som 
 []

[8]

LaTeX Warning: Hyper reference `titalsys' on page 9 undefined on input line 393
.


LaTeX Warning: Reference `titalsys' on page 9 undefined on input line 393.


Underfull \hbox (badness 10000) in paragraph at lines 393--393
[]\T1/lmr/m/n/10.95 Titalsystemet baserer seg p grup-per av ti, hun-dre, tusen
 osv.,
 []


Underfull \hbox (badness 10000) in paragraph at lines 393--393
\T1/lmr/m/n/10.95 og tide-lar, hun-drede-lar og tusende-lar osv. (sj []regel [
][]). Nr ein
 []


Underfull \hbox (badness 10000) in paragraph at lines 393--393
\T1/lmr/m/n/10.95 gongar eit tall med 10, vil alle einarane i talet bli til tia
rar, alle
 []


Underfull \hbox (badness 10000) in paragraph at lines 393--393
\T1/lmr/m/n/10.95 tiarar bli til hun-dra osv. Kvart sif-fer forsky-vast alts 
in plass
 []


Underfull \hbox (badness 10000) in paragraph at lines 393--393
\T1/lmr/m/n/10.95 mot ven-stre. Tilsvarende forsky-vast kvart sif-fer to plas-s
ar mot
 []


Underfull \hbox (badness 10000) in paragraph at lines 393--393
\T1/lmr/m/n/10.95 ven-stre nr ein gongar med 100, tre plas-sar nr ein gongar 
med
 []


LaTeX Warning: Hyper reference `gangpar' on page 9 undefined on input line 395.



LaTeX Warning: Reference `gangpar' on page 9 undefined on input line 395.

<rekfig/gang1.pdf, id=277, 80.16951pt x 65.94637pt>
File: rekfig/gang1.pdf Graphic file (type pdf)
<use rekfig/gang1.pdf>
Package pdftex.def Info: rekfig/gang1.pdf  used on input line 401.
(pdftex.def)             Requested size: 80.1693pt x 65.9462pt.
<rekfig/gfleirsif.pdf, id=278, 227.62039pt x 81.5045pt>
File: rekfig/gfleirsif.pdf Graphic file (type pdf)
<use rekfig/gfleirsif.pdf>
Package pdftex.def Info: rekfig/gfleirsif.pdf  used on input line 407.
(pdftex.def)             Requested size: 227.61983pt x 81.50429pt.
[9 <./rekfig/gang1.pdf> <./rekfig/gfleirsif.pdf>]
LaTeX Font Info:    External font `lmex10' loaded for size
(Font)              <9> on input line 437.
LaTeX Font Info:    External font `lmex10' loaded for size
(Font)              <5> on input line 437.

Overfull \hbox (0.51714pt too wide) in paragraph at lines 439--440
\T1/lmr/m/n/10.95 Kompaktmetoden byg-ger p dei same prin-sippa som gong-ing p
 utvida 
 []

<rekfig/gfleirsifa.pdf, id=297, 74.58865pt x 66.75941pt>
File: rekfig/gfleirsifa.pdf Graphic file (type pdf)
<use rekfig/gfleirsifa.pdf>
Package pdftex.def Info: rekfig/gfleirsifa.pdf  used on input line 446.
(pdftex.def)             Requested size: 74.58846pt x 66.75923pt.
[10 <./rekfig/gfleirsifa.pdf>]
Underfull \hbox (badness 10000) in paragraph at lines 461--461
\T1/lmr/m/n/10.95 S gongar vi sifra i 279 enkeltvis med 30. Dette kan foren-kl
ast
 []


Underfull \hbox (badness 10000) in paragraph at lines 461--461
\T1/lmr/m/n/10.95 til  gonge med 3, s lenge vi plasserer sifra n plass forsk
yvde
 []

[11]
Underfull \hbox (badness 10000) in paragraph at lines 470--470
[]\T1/lmr/m/n/10.95 Nr ein deler eit des-i-mal-tal med 10, fr ein svaret ved 

 []


Underfull \hbox (badness 10000) in paragraph at lines 470--470
[]\T1/lmr/m/n/10.95 Nr ein deler eit des-i-mal-tal med 10, fr ein svaret ved 

 []

[12

]

LaTeX Warning: Hyper reference `titalsys' on page 13 undefined on input line 49
6.


LaTeX Warning: Reference `titalsys' on page 13 undefined on input line 496.


Underfull \hbox (badness 10000) in paragraph at lines 496--496
[]\T1/lmr/m/n/10.95 Titalsystemet baserer seg p grup-per av ti, hun-dre, tusen
 osv.,
 []


Underfull \hbox (badness 10000) in paragraph at lines 496--496
\T1/lmr/m/n/10.95 og tideler, hun-dredeler og tusendeler osv (sj []regel [][])
. Nr ein
 []


Underfull \hbox (badness 10000) in paragraph at lines 496--496
\T1/lmr/m/n/10.95 deler eit tall med 10, vil alle einare i tal-let bli til tide
-lar, alle
 []


Underfull \hbox (badness 10000) in paragraph at lines 496--496
\T1/lmr/m/n/10.95 tiarar bli til einarar osv. Kvart sif-fer forsky-vast alts 
in plass
 []


Underfull \hbox (badness 10000) in paragraph at lines 496--496
\T1/lmr/m/n/10.95 mot h-gre. Tilsvarande forsky-vast kvart sif-fer to plas-sar
 mot
 []


Underfull \hbox (badness 10000) in paragraph at lines 496--496
\T1/lmr/m/n/10.95 h-gre nr ein deler med 100, tre plas-sar nr ein deler med 
1000
 []


LaTeX Warning: Reference `Divisjon' on page 13 undefined on input line 499.

<rekfig/del1.pdf, id=324, 80.16951pt x 57.40446pt>
File: rekfig/del1.pdf Graphic file (type pdf)
<use rekfig/del1.pdf>
Package pdftex.def Info: rekfig/del1.pdf  used on input line 509.
(pdftex.def)             Requested size: 80.1693pt x 57.4043pt.

Overfull \hbox (7.8982pt too wide) in paragraph at lines 509--509
 [] 
 []

<rekfig/del2.pdf, id=325, 102.93457pt x 96.53064pt>
File: rekfig/del2.pdf Graphic file (type pdf)
<use rekfig/del2.pdf>
Package pdftex.def Info: rekfig/del2.pdf  used on input line 517.
(pdftex.def)             Requested size: 102.93431pt x 96.53038pt.
[13 <./rekfig/del1.pdf> <./rekfig/del2.pdf>]pdfTeX warning (ext4): destination 
with the same identifier (name{subfigure.1.1}) has been already used, duplicate
 ignored
<to be read again> 
                   \relax 
l.541 }
       
<../fig/delalg.pdf, id=343, 83.01012pt x 57.40446pt>
File: ../fig/delalg.pdf Graphic file (type pdf)
<use ../fig/delalg.pdf>
Package pdftex.def Info: ../fig/delalg.pdf  used on input line 541.
(pdftex.def)             Requested size: 83.0099pt x 57.4043pt.
pdfTeX warning (ext4): destination with the same identifier (name{subfigure.1.2
}) has been already used, duplicate ignored
<to be read again> 
                   \relax 
l.541 }
       
<../fig/delalg0.pdf, id=344, 68.78699pt x 137.0721pt>
File: ../fig/delalg0.pdf Graphic file (type pdf)
<use ../fig/delalg0.pdf>
Package pdftex.def Info: ../fig/delalg0.pdf  used on input line 541.
(pdftex.def)             Requested size: 68.7868pt x 137.07175pt.

Underfull \hbox (badness 10000) in paragraph at lines 541--541
\T1/lmr/m/n/10.95 Figuren over il-lus-tr-erer mengda 92, som vi skal dele inn i
 4 like
 []


Underfull \hbox (badness 10000) in paragraph at lines 541--541
[]\T1/lmr/m/n/10.95 Vi star-tar med  fordele s mange av tiarane som mog-leg.
 []


Underfull \hbox (badness 10000) in paragraph at lines 541--541
\T1/lmr/m/n/10.95 Av dei 9 tiarane, kan kvar gruppe f 2. Da har vi to-talt
 []

pdfTeX warning (ext4): destination with the same identifier (name{subfigure.1.1
}) has been already used, duplicate ignored
<to be read again> 
                   \relax 
l.541 }
       
<../fig/delalgaa.pdf, id=345, 14.725pt x 57.40446pt>
File: ../fig/delalgaa.pdf Graphic file (type pdf)
<use ../fig/delalgaa.pdf>
Package pdftex.def Info: ../fig/delalgaa.pdf  used on input line 541.
(pdftex.def)             Requested size: 14.72496pt x 57.4043pt.
pdfTeX warning (ext4): destination with the same identifier (name{subfigure.1.2
}) has been already used, duplicate ignored
<to be read again> 
                   \relax 
l.541 }
       
<../fig/delalga.pdf, id=346, 68.78699pt x 137.0721pt>
File: ../fig/delalga.pdf Graphic file (type pdf)
<use ../fig/delalga.pdf>
Package pdftex.def Info: ../fig/delalga.pdf  used on input line 541.
(pdftex.def)             Requested size: 68.7868pt x 137.07175pt.

Underfull \hbox (badness 10000) in paragraph at lines 541--541
[]\T1/lmr/m/n/10.95 Vi str no ig-jen med 1 tiar og 2 einarar, alts 12 einarar
.
 []


Underfull \hbox (badness 10000) in paragraph at lines 541--541
\T1/lmr/m/n/10.95 Av dei 12 einarane, kan kvar gruppe f 3. Da har vi to-talt
 []

<../fig/delalgb.pdf, id=347, 68.78699pt x 137.0721pt>
File: ../fig/delalgb.pdf Graphic file (type pdf)
<use ../fig/delalgb.pdf>
Package pdftex.def Info: ../fig/delalgb.pdf  used on input line 541.
(pdftex.def)             Requested size: 68.7868pt x 137.07175pt.

Underfull \hbox (badness 10000) in paragraph at lines 541--541
[]\T1/lmr/m/n/10.95 No er heile mengda 92 fordelt, og da er vi fer-dige med
 []

[14 <../fig/delalg.pdf> <../fig/delalg0.pdf> <../fig/delalgaa.pdf> <../fig/dela
lga.pdf> <../fig/delalgb.pdf>]
Underfull \hbox (badness 10000) in paragraph at lines 588--588
[]\T1/lmr/m/sl/9 Merk\T1/lmr/m/n/9 : same rek-nestykke
 []


Underfull \hbox (badness 10000) in paragraph at lines 588--588
\T1/lmr/m/n/9 som i \T1/lmr/m/sl/9 Ek-sem-pel 2\T1/lmr/m/n/9 , men ei
 []

[15]pdfTeX warning (ext4): destination with the same identifier (name{subfigure
.1.1}) has been already used, duplicate ignored
<to be read again> 
                   \relax 
l.638 }
       pdfTeX warning (ext4): destination with the same identifier (name{subfig
ure.1.2}) has been already used, duplicate ignored
<to be read again> 
                   \relax 
l.638 }
       pdfTeX warning (ext4): destination with the same identifier (name{subfig
ure.1.3}) has been already used, duplicate ignored
<to be read again> 
                   \relax 
l.638 }
       pdfTeX warning (ext4): destination with the same identifier (name{subfig
ure.1.4}) has been already used, duplicate ignored
<to be read again> 
                   \relax 
l.638 }
       
Underfull \hbox (badness 10000) in paragraph at lines 638--638
[]\T1/lmr/m/n/10.95 Vi gongar 10 med 4, som er lik 40. Da har vi s langt
 []


Underfull \hbox (badness 10000) in paragraph at lines 638--638
[]\T1/lmr/m/n/10.95 Vi gongar 10 med 4, som er lik 40. Da har vi s langt
 []


Underfull \hbox (badness 10000) in paragraph at lines 638--638
[]\T1/lmr/m/n/10.95 Vi gongar 3 med 4, som er lik 12. Da har vi komme til
 []


Underfull \hbox (badness 10000) in paragraph at lines 641--641
[]\T1/lmr/m/n/10.95 Det kan vere lurt  sj tilbake p utrekningar gjort med ta
bell-
 []


Underfull \hbox (badness 10000) in paragraph at lines 641--641
\T1/lmr/m/n/10.95 me-to-den for  tenke over om ein kunne valt tal p ein be-tr
e
 []


Underfull \hbox (badness 10000) in paragraph at lines 641--641
\T1/lmr/m/n/10.95 mte. For ek-sem-pel, i \T1/lmr/m/sl/10.95 Ek-sem-pel 1 \T1/l
mr/m/n/10.95 over kunne vi starta med 
 []


Underfull \hbox (badness 10000) in paragraph at lines 641--641
\T1/lmr/m/n/10.95 gonge med 20. Dette er om-lag like enkelt som  gonge med 10,

 []

[16]
Underfull \hbox (badness 10000) in paragraph at lines 655--655
[]\T1/lmr/m/n/10.95 Det strste heil-talet vi kan gonge med 4 utan at pro-duk-t
et blir
 []

<../fig/mod1.pdf, id=384, 171.21968pt x 57.40446pt>
File: ../fig/mod1.pdf Graphic file (type pdf)
<use ../fig/mod1.pdf>
Package pdftex.def Info: ../fig/mod1.pdf  used on input line 655.
(pdftex.def)             Requested size: 171.21925pt x 57.4043pt.

Underfull \hbox (badness 10000) in paragraph at lines 666--666
[]\T1/lmr/m/n/10.95 Det strste heil-talet vi kan gonge med 3 utan at pro-duk-t
et blir
 []

<../fig/mod2.pdf, id=385, 164.10309pt x 85.86078pt>
File: ../fig/mod2.pdf Graphic file (type pdf)
<use ../fig/mod2.pdf>
Package pdftex.def Info: ../fig/mod2.pdf  used on input line 666.
(pdftex.def)             Requested size: 164.10268pt x 85.86057pt.
[17 <../fig/mod1.pdf> <../fig/mod2.pdf>]
<rekfig/mod3.pdf, id=405, 80.16951pt x 57.40446pt>
File: rekfig/mod3.pdf Graphic file (type pdf)
<use rekfig/mod3.pdf>
Package pdftex.def Info: rekfig/mod3.pdf  used on input line 691.
(pdftex.def)             Requested size: 80.1693pt x 57.4043pt.

Underfull \hbox (badness 10000) in paragraph at lines 696--696
[]\T1/lmr/m/n/10.95 Viss vi ut-frer ein \T1/lmr/m/it/10.95 modulo-operasjon\T1
/lmr/m/n/10.95 , finn vi resten i eit de-
 []


Underfull \hbox (badness 10000) in paragraph at lines 696--696
\T1/lmr/m/n/10.95 lestykke. Dette blir ofte vist ved forko-rtinga [][][][][][].
 For ek-sem-pel
 []

LaTeX Font Info:    Trying to load font information for T1+lmtt on input line 6
96.
(/usr/share/texmf/tex/latex/lm/t1lmtt.fd
File: t1lmtt.fd 2009/10/30 v1.6 Font defs for Latin Modern
)
Underfull \hbox (badness 10000) in paragraph at lines 696--696
\T1/lmr/m/n/10.95 I til-legg til [][][][][][], blir ogs [][][][][][] og [][][]
[][][] brukt som sym-bol for
 []

[18 <./rekfig/mod3.pdf>]

LaTeX Warning: Hyper reference `delmbr' on page 19 undefined on input line 723.



LaTeX Warning: Reference `delmbr' on page 19 undefined on input line 723.


LaTeX Warning: Hyper reference `gangpar' on page 19 undefined on input line 723
.


LaTeX Warning: Reference `gangpar' on page 19 undefined on input line 723.

[19]
<rekfig/deldes1.pdf, id=424, 89.74529pt x 80.16951pt>
File: rekfig/deldes1.pdf Graphic file (type pdf)
<use rekfig/deldes1.pdf>
Package pdftex.def Info: rekfig/deldes1.pdf  used on input line 748.
(pdftex.def)             Requested size: 89.74506pt x 80.1693pt.

Underfull \hbox (badness 10000) in paragraph at lines 757--757
[]\T1/lmr/m/n/10.95 Sidan vi deler med 4, er det snakk om  fordele 11 likt i 4
 grup-
 []


Underfull \hbox (badness 10000) in paragraph at lines 757--757
[]\T1/lmr/m/n/10.95 8 av dei 11 einarane kan vi fordele likt i 4 grup-per. Da h
ar
 []


Underfull \hbox (badness 10000) in paragraph at lines 757--757
[]\T1/lmr/m/n/10.95 28 av dei 30 tide-lane kan vi fordele likt i 4 grup-per. Da

 []


Underfull \hbox (badness 10000) in paragraph at lines 757--757
\T1/lmr/m/n/10.95 har vi ig-jen 2 tide-lar. Dette er det same som 20 hun-drede-

 []


Underfull \hbox (badness 10000) in paragraph at lines 757--757
[]\T1/lmr/m/n/10.95 Heile mengda 11 er no fordelt, og da er vi fer-dige med
 []

[20 <./rekfig/deldes1.pdf>]pdfTeX warning (ext4): destination with the same ide
ntifier (name{subfigure.1.1}) has been already used, duplicate ignored
<to be read again> 
                   \relax 
l.830 }
       pdfTeX warning (ext4): destination with the same identifier (name{subfig
ure.1.2}) has been already used, duplicate ignored
<to be read again> 
                   \relax 
l.830 }
       pdfTeX warning (ext4): destination with the same identifier (name{subfig
ure.1.3}) has been already used, duplicate ignored
<to be read again> 
                   \relax 
l.830 }
       
Underfull \hbox (badness 10000) in paragraph at lines 830--830
[]\T1/lmr/m/n/10.95 Sidan 2 er det frste prim-tal-let, un-der-sker vi om 84 e
r
 []


Underfull \hbox (badness 10000) in paragraph at lines 830--830
[]\T1/lmr/m/n/10.95 Vi un-der-sker om ogs 42 er dele-leg med 2. Det er det,
 []


Underfull \hbox (badness 10000) in paragraph at lines 830--830
[]\T1/lmr/m/n/10.95 Vi un-der-sker om ogs 21 er dele-leg med 2. Det er det
 []


Underfull \hbox (badness 10000) in paragraph at lines 830--830
\T1/lmr/m/n/10.95 ikkje, fordi $[]$. Der-for gr vi over til neste prim-
 []

[21

]
<../fig/primn100.pdf, id=441, 228.12227pt x 228.12227pt>
File: ../fig/primn100.pdf Graphic file (type pdf)
<use ../fig/primn100.pdf>
Package pdftex.def Info: ../fig/primn100.pdf  used on input line 833.
(pdftex.def)             Requested size: 228.1217pt x 228.1217pt.
 [22 <../fig/primn100.pdf>]
Package atveryend Info: Empty hook `BeforeClearDocument' on input line 834.
Package atveryend Info: Empty hook `AfterLastShipout' on input line 834.
 (./rek_nn.aux)
Package atveryend Info: Executing hook `AtVeryEndDocument' on input line 834.
Package atveryend Info: Executing hook `AtEndAfterFileList' on input line 834.
Package rerunfilecheck Info: File `rek_nn.out' has not changed.
(rerunfilecheck)             Checksum: F0087233709CE36EB71E2D52A5A02F6B;326.


LaTeX Warning: There were undefined references.

 ) 
Here is how much of TeX's memory you used:
 33161 strings out of 481239
 641980 string characters out of 5920378
 959506 words of memory out of 5000000
 47617 multiletter control sequences out of 15000+600000
 610385 words of font info for 91 fonts, out of 8000000 for 9000
 1141 hyphenation exceptions out of 8191
 70i,12n,104p,875b,1085s stack positions out of 5000i,500n,10000p,200000b,80000s
{/usr/share/texmf/fonts/enc/dvips/lm/lm-rm.enc}{/usr/share/texmf/fonts/enc/dv
ips/lm/lm-ec.enc}{/usr/share/texmf/fonts/enc/dvips/lm/lm-mathsy.enc}{/usr/share
/texmf/fonts/enc/dvips/lm/lm-ts1.enc}{/usr/share/texmf/fonts/enc/dvips/lm/lm-ma
thit.enc}</usr/share/texlive/texmf-dist/fonts/type1/public/amsfonts/cm/cmmi10.p
fb></usr/share/texlive/texmf-dist/fonts/type1/public/amsfonts/cm/cmr10.pfb></us
r/share/texlive/texmf-dist/fonts/type1/public/amsfonts/cm/cmr12.pfb></usr/share
/texlive/texmf-dist/fonts/type1/public/amsfonts/cm/cmr6.pfb></usr/share/texlive
/texmf-dist/fonts/type1/public/amsfonts/cm/cmsy10.pfb></usr/share/texmf/fonts/t
ype1/public/lm/lmbx10.pfb></usr/share/texmf/fonts/type1/public/lm/lmbx12.pfb></
usr/share/texmf/fonts/type1/public/lm/lmmi10.pfb></usr/share/texmf/fonts/type1/
public/lm/lmr10.pfb></usr/share/texmf/fonts/type1/public/lm/lmr8.pfb></usr/shar
e/texmf/fonts/type1/public/lm/lmr9.pfb></usr/share/texmf/fonts/type1/public/lm/
lmri10.pfb></usr/share/texmf/fonts/type1/public/lm/lmro10.pfb></usr/share/texmf
/fonts/type1/public/lm/lmro9.pfb></usr/share/texmf/fonts/type1/public/lm/lmsy10
.pfb></usr/share/texmf/fonts/type1/public/lm/lmsy9.pfb></usr/share/texmf/fonts/
type1/public/lm/lmtt10.pfb>
Output written on rek_nn.pdf (22 pages, 350479 bytes).
PDF statistics:
 525 PDF objects out of 1000 (max. 8388607)
 445 compressed objects within 5 object streams
 79 named destinations out of 1000 (max. 500000)
 231 words of extra memory for PDF output out of 10000 (max. 10000000)

