\BOOKMARK [0][-]{chapter.1}{Mengder}{}% 1
\BOOKMARK [1][-]{section.1.1}{Mengder}{chapter.1}% 2
\BOOKMARK [1][-]{section.1.2}{Verdi- og definisjonsmengder}{chapter.1}% 3
\BOOKMARK [0][-]{chapter.2}{Algebra}{}% 4
\BOOKMARK [1][-]{section.2.1}{Kvadratsetningene og fullstendige kvadrat}{chapter.2}% 5
\BOOKMARK [1][-]{section.2.2}{Andregradslikninger}{chapter.2}% 6
\BOOKMARK [1][-]{section.2.3}{Navn p\345 funksjoner}{chapter.2}% 7
\BOOKMARK [1][-]{section.2.4}{Polynomdivisjon}{chapter.2}% 8
\BOOKMARK [1][-]{section.2.5}{Polynomers egenskaper}{chapter.2}% 9
\BOOKMARK [1][-]{section.2.6}{Logaritmer}{chapter.2}% 10
\BOOKMARK [1][-]{section.2.7}{Forklaringer}{chapter.2}% 11
\BOOKMARK [0][-]{chapter.3}{Grenseverdier og kontinuitet}{}% 12
\BOOKMARK [1][-]{section.3.1}{Grenseverdier}{chapter.3}% 13
\BOOKMARK [0][-]{chapter.4}{Derivasjon}{}% 14
\BOOKMARK [1][-]{section.4.1}{Definisjoner }{chapter.4}% 15
\BOOKMARK [1][-]{section.4.2}{Derivasjonsregler}{chapter.4}% 16
\BOOKMARK [1][-]{section.4.3}{Kjerneregelen}{chapter.4}% 17
\BOOKMARK [1][-]{section.4.4}{Produktregelen}{chapter.4}% 18
\BOOKMARK [1][-]{section.4.5}{Divisjonsregelen}{chapter.4}% 19
\BOOKMARK [0][-]{chapter.5}{Funksjonsdr\370fting}{}% 20
\BOOKMARK [1][-]{section.5.1}{Monotoniegenskaper}{chapter.5}% 21
\BOOKMARK [1][-]{section.5.2}{Injektive funksjoner}{chapter.5}% 22
\BOOKMARK [1][-]{section.5.3}{Omvendte funksjoner}{chapter.5}% 23
\BOOKMARK [1][-]{section.5.4}{Ekstremalpunkt}{chapter.5}% 24
\BOOKMARK [1][-]{section.5.5}{Konvekse og konkave funksjoner}{chapter.5}% 25
\BOOKMARK [0][-]{chapter.6}{Vektorer}{}% 26
\BOOKMARK [0][-]{chapter.7}{Geometri}{}% 27
\BOOKMARK [1][-]{section.7.1}{Definisjoner}{chapter.7}% 28
\BOOKMARK [1][-]{section.7.2}{Egenskaper til trekanter}{chapter.7}% 29
\BOOKMARK [0][-]{chapter.8}{Numeriske metoder}{}% 30
\BOOKMARK [1][-]{section.8.1}{Newtons metode}{chapter.8}% 31
\BOOKMARK [1][-]{section.8.2}{Derivasjon}{chapter.8}% 32
\BOOKMARK [1][-]{section.8.3}{Vekstmodeller}{chapter.8}% 33
