\BOOKMARK [0][-]{chapter.1}{Mengder og vilk\345r}{}% 1
\BOOKMARK [1][-]{section.1.1}{Mengder}{chapter.1}% 2
\BOOKMARK [2][-]{subsection.1.1.1}{Definisjon}{section.1.1}% 3
\BOOKMARK [2][-]{subsection.1.1.2}{Symbolet for uendelig}{section.1.1}% 4
\BOOKMARK [2][-]{subsection.1.1.3}{Verdi- og definisjonsmengder}{section.1.1}% 5
\BOOKMARK [1][-]{section.1.2}{Vilk\345r}{chapter.1}% 6
\BOOKMARK [2][-]{subsection.1.2.1}{Symboler for vilk\345r}{section.1.2}% 7
\BOOKMARK [2][-]{subsection.1.2.2}{Funksjoner med vilk\345r}{section.1.2}% 8
\BOOKMARK [0][-]{chapter.2}{Algebra}{}% 9
\BOOKMARK [1][-]{section.2.1}{Faktorisering}{chapter.2}% 10
\BOOKMARK [1][-]{section.2.2}{Andregradslikninger}{chapter.2}% 11
\BOOKMARK [1][-]{section.2.3}{Polynomdivisjon}{chapter.2}% 12
\BOOKMARK [2][-]{subsection.2.3.1}{Metoder}{section.2.3}% 13
\BOOKMARK [2][-]{subsection.2.3.2}{Delelighet og faktorer}{section.2.3}% 14
\BOOKMARK [1][-]{section.2.4}{Eulers tall}{chapter.2}% 15
\BOOKMARK [1][-]{section.2.5}{Logaritmer}{chapter.2}% 16
\BOOKMARK [1][-]{section.2.6}{Forklaringer}{chapter.2}% 17
\BOOKMARK [1][-]{section*.11}{Oppgaver}{chapter.2}% 18
\BOOKMARK [0][-]{chapter.3}{Geometri}{}% 19
\BOOKMARK [1][-]{section.3.1}{Definisjoner}{chapter.3}% 20
\BOOKMARK [1][-]{section.3.2}{Egenskaper til sirkler}{chapter.3}% 21
\BOOKMARK [1][-]{section.3.3}{Egenskaper til trekanter}{chapter.3}% 22
\BOOKMARK [1][-]{section.3.4}{Forklaringer}{chapter.3}% 23
\BOOKMARK [1][-]{section*.30}{Oppgaver}{chapter.3}% 24
\BOOKMARK [0][-]{chapter.4}{Vektorer}{}% 25
\BOOKMARK [1][-]{section.4.1}{Introduksjon}{chapter.4}% 26
\BOOKMARK [1][-]{section.4.2}{Regneregler for vektorer}{chapter.4}% 27
\BOOKMARK [1][-]{section.4.3}{Lengden til en vektor}{chapter.4}% 28
\BOOKMARK [1][-]{section.4.4}{Skalarproduktet I}{chapter.4}% 29
\BOOKMARK [1][-]{section.4.5}{Skalarproduktet II}{chapter.4}% 30
\BOOKMARK [1][-]{section.4.6}{Vektorer vinkelrett p\345 hverandre}{chapter.4}% 31
\BOOKMARK [1][-]{section.4.7}{Parallelle vektorer}{chapter.4}% 32
\BOOKMARK [1][-]{section.4.8}{Vektorfunksjoner}{chapter.4}% 33
\BOOKMARK [2][-]{subsection.4.8.1}{Parameterisering}{section.4.8}% 34
\BOOKMARK [2][-]{subsection.4.8.2}{Vektorfunksjonen til en linje}{section.4.8}% 35
\BOOKMARK [1][-]{section.4.9}{Sirkellikningen}{chapter.4}% 36
\BOOKMARK [1][-]{section.4.10}{Determinanter}{chapter.4}% 37
\BOOKMARK [1][-]{section*.48}{Oppgaver}{chapter.4}% 38
\BOOKMARK [0][-]{chapter.5}{Grenseverdier og kontinuitet}{}% 39
\BOOKMARK [1][-]{section.5.1}{Grenseverdier}{chapter.5}% 40
\BOOKMARK [1][-]{section.5.2}{Kontinuitet}{chapter.5}% 41
\BOOKMARK [0][-]{chapter.6}{Derivasjon}{}% 42
\BOOKMARK [1][-]{section.6.1}{Definisjoner }{chapter.6}% 43
\BOOKMARK [1][-]{section.6.2}{Derivasjonsregler}{chapter.6}% 44
\BOOKMARK [2][-]{subsection.6.2.1}{Den deriverte av element\346re funksjoner}{section.6.2}% 45
\BOOKMARK [2][-]{subsection.6.2.2}{Kjerne-, produkt- og divisjonsregelen ved derivasjon}{section.6.2}% 46
\BOOKMARK [1][-]{section*.64}{Oppgaver}{chapter.6}% 47
\BOOKMARK [0][-]{chapter.7}{Funksjonsdr\370fting}{}% 48
\BOOKMARK [1][-]{section.7.1}{Monotoniegenskaper}{chapter.7}% 49
\BOOKMARK [1][-]{section.7.2}{Ekstremalpunkt, vendepunkt og infleksjons-punkt}{chapter.7}% 50
\BOOKMARK [1][-]{section.7.3}{Asymptoter}{chapter.7}% 51
\BOOKMARK [1][-]{section.7.4}{Konvekse og konkave funksjoner}{chapter.7}% 52
\BOOKMARK [1][-]{section.7.5}{Injektive og omvendte funksjoner}{chapter.7}% 53
\BOOKMARK [0][-]{chapter*.80}{Vedlegg A-F}{}% 54
\BOOKMARK [0][-]{chapter*.90}{Indeks}{}% 55
