\BOOKMARK [0][-]{chapter.1}{F\370lger og rekker}{}% 1
\BOOKMARK [1][-]{section.1.1}{F\370lger}{chapter.1}% 2
\BOOKMARK [2][-]{subsection.1.1.1}{Aritmetiske f\370lger}{section.1.1}% 3
\BOOKMARK [2][-]{subsection.1.1.2}{Geometriske f\370lger}{section.1.1}% 4
\BOOKMARK [1][-]{section.1.2}{Rekker}{chapter.1}% 5
\BOOKMARK [2][-]{subsection.1.2.1}{Aritmetiske rekker}{section.1.2}% 6
\BOOKMARK [2][-]{subsection.1.2.2}{Geometriske rekker}{section.1.2}% 7
\BOOKMARK [2][-]{subsection.1.2.3}{Uendelige geometrisk rekker}{section.1.2}% 8
\BOOKMARK [2][-]{subsection.1.2.4}{Summetegnet}{section.1.2}% 9
\BOOKMARK [1][-]{section.1.3}{Induksjon}{chapter.1}% 10
\BOOKMARK [1][-]{section*.8}{Oppgaver}{chapter.1}% 11
\BOOKMARK [0][-]{chapter.2}{Trigonometri}{}% 12
\BOOKMARK [1][-]{section.2.1}{Vinkler og enhetssirkelen}{chapter.2}% 13
\BOOKMARK [2][-]{subsection.2.1.1}{Vinkel og vinkelm\345l}{section.2.1}% 14
\BOOKMARK [2][-]{subsection.2.1.2}{Enhetssirkelen som tallinje}{section.2.1}% 15
\BOOKMARK [1][-]{section.2.2}{Trigonometriske uttrykk}{chapter.2}% 16
\BOOKMARK [2][-]{subsection.2.2.1}{Sinus, cosinus og tangens til \040x }{section.2.2}% 17
\BOOKMARK [2][-]{subsection.2.2.2}{Arcuscosinus, arcusinus og arcustangens}{section.2.2}% 18
\BOOKMARK [2][-]{subsection.2.2.3}{Eksaktverdier }{section.2.2}% 19
\BOOKMARK [2][-]{subsection.2.2.4}{Trigonometriske identiteter}{section.2.2}% 20
\BOOKMARK [2][-]{subsection.2.2.5}{Sinus og cosinus kombinert }{section.2.2}% 21
\BOOKMARK [1][-]{section.2.3}{Line\346re ligninger }{chapter.2}% 22
\BOOKMARK [2][-]{subsection.2.3.1}{Cosinus-ligninger}{section.2.3}% 23
\BOOKMARK [2][-]{subsection.2.3.2}{Sinusligninger}{section.2.3}% 24
\BOOKMARK [2][-]{subsection.2.3.3}{Tangensligninger}{section.2.3}% 25
\BOOKMARK [2][-]{subsection.2.3.4}{ asin\(kx\) + bcos\(kx\) =0 }{section.2.3}% 26
\BOOKMARK [2][-]{subsection.2.3.5}{ asin\(kx\) + bcos\(kx\) =d }{section.2.3}% 27
\BOOKMARK [1][-]{section.2.4}{Kvadratiske ligninger}{chapter.2}% 28
\BOOKMARK [2][-]{subsection.2.4.1}{L\370sning ved abc-formelen}{section.2.4}% 29
\BOOKMARK [2][-]{subsection.2.4.2}{Kvadrater av sinus og cosinus kombinert}{section.2.4}% 30
\BOOKMARK [1][-]{section.2.5}{Trigonometriske funksjoner }{chapter.2}% 31
\BOOKMARK [2][-]{subsection.2.5.1}{Cosinusfunksjoner}{section.2.5}% 32
\BOOKMARK [2][-]{subsection.2.5.2}{Sinusfunksjoner}{section.2.5}% 33
\BOOKMARK [2][-]{subsection.2.5.3}{Tangensfunksjoner}{section.2.5}% 34
\BOOKMARK [2][-]{subsection.2.5.4}{Den deriverte av de trigonometriske funksjonene}{section.2.5}% 35
\BOOKMARK [1][-]{section*.33}{Forklaringer}{chapter.2}% 36
\BOOKMARK [1][-]{section*.34}{Oppgaver}{chapter.2}% 37
\BOOKMARK [0][-]{chapter.3}{Vektorer i rommet}{}% 38
\BOOKMARK [1][-]{section.3.1}{Vektorer i rommet}{chapter.3}% 39
\BOOKMARK [1][-]{section.3.2}{Lengden til en vektor }{chapter.3}% 40
\BOOKMARK [1][-]{section.3.3}{Regneregler og skalarprodukt}{chapter.3}% 41
\BOOKMARK [1][-]{section.3.4}{Vinkelrette og parallelle vektorer }{chapter.3}% 42
\BOOKMARK [1][-]{section.3.5}{Determinanter}{chapter.3}% 43
\BOOKMARK [1][-]{section.3.6}{Vektorproduktet}{chapter.3}% 44
\BOOKMARK [2][-]{subsection.3.6.1}{Vektorprodukt som areal og volum}{section.3.6}% 45
\BOOKMARK [1][-]{section*.52}{Forklaringer}{chapter.3}% 46
\BOOKMARK [1][-]{section*.54}{Oppgaver}{chapter.3}% 47
\BOOKMARK [0][-]{chapter.4}{Romgeometrier}{}% 48
\BOOKMARK [1][-]{section.4.1}{Parameteriseringer}{chapter.4}% 49
\BOOKMARK [2][-]{subsection.4.1.1}{Linje i rommet}{section.4.1}% 50
\BOOKMARK [2][-]{subsection.4.1.2}{Plan i rommet}{section.4.1}% 51
\BOOKMARK [1][-]{section.4.2}{Ligninger til geometrier}{chapter.4}% 52
\BOOKMARK [2][-]{subsection.4.2.1}{Ligningen til et plan}{section.4.2}% 53
\BOOKMARK [2][-]{subsection.4.2.2}{Linja mellom to plan}{section.4.2}% 54
\BOOKMARK [2][-]{subsection.4.2.3}{Kuleligningen}{section.4.2}% 55
\BOOKMARK [1][-]{section.4.3}{Avstander mellom geometrier}{chapter.4}% 56
\BOOKMARK [2][-]{subsection.4.3.1}{Avstand mellom punkt og linje}{section.4.3}% 57
\BOOKMARK [2][-]{subsection.4.3.2}{Avstand mellom punkt og plan}{section.4.3}% 58
\BOOKMARK [1][-]{section.4.4}{Vinkler mellom geometrier}{chapter.4}% 59
\BOOKMARK [2][-]{subsection.4.4.1}{Vinkelen mellom to linjer }{section.4.4}% 60
\BOOKMARK [2][-]{subsection.4.4.2}{Vinkelen mellom to plan}{section.4.4}% 61
\BOOKMARK [2][-]{subsection.4.4.3}{Vinkelen mellom plan og linje}{section.4.4}% 62
\BOOKMARK [1][-]{section*.72}{Oppgaver}{chapter.4}% 63
\BOOKMARK [0][-]{chapter.5}{Integrasjon }{}% 64
\BOOKMARK [1][-]{section.5.1}{Bestemt og ubestemt integral }{chapter.5}% 65
\BOOKMARK [2][-]{subsection.5.1.1}{Den antideriverte}{section.5.1}% 66
\BOOKMARK [2][-]{subsection.5.1.2}{Analysens fundamentalteorem}{section.5.1}% 67
\BOOKMARK [2][-]{subsection.5.1.3}{Ubestemte integral}{section.5.1}% 68
\BOOKMARK [1][-]{section.5.2}{Integralregning}{chapter.5}% 69
\BOOKMARK [2][-]{subsection.5.2.1}{Integralet av utvalge funksjoner}{section.5.2}% 70
\BOOKMARK [2][-]{subsection.5.2.2}{Bytte av variabel}{section.5.2}% 71
\BOOKMARK [2][-]{subsection.5.2.3}{Delvis integrasjon}{section.5.2}% 72
\BOOKMARK [2][-]{subsection.5.2.4}{Delbr\370ksoppspaltning}{section.5.2}% 73
\BOOKMARK [1][-]{section.5.3}{Areal og volum}{chapter.5}% 74
\BOOKMARK [2][-]{subsection.5.3.1}{Avgrenset areal}{section.5.3}% 75
\BOOKMARK [2][-]{subsection.5.3.2}{Volumet av en figur}{section.5.3}% 76
\BOOKMARK [2][-]{subsection.5.3.3}{Volum av omdreiningslegemer}{section.5.3}% 77
\BOOKMARK [1][-]{section*.88}{Forklaringer}{chapter.5}% 78
\BOOKMARK [1][-]{section*.89}{Oppgaver}{chapter.5}% 79
\BOOKMARK [0][-]{chapter*.90}{Vedlegg A-F}{}% 80
\BOOKMARK [0][-]{chapter*.105}{Indeks}{}% 81
\BOOKMARK [0][-]{chapter*.107}{Fasit}{}% 82
