This is pdfTeX, Version 3.14159265-2.6-1.40.20 (TeX Live 2019/Debian) (preloaded format=pdflatex 2021.6.9)  24 AUG 2022 13:28
entering extended mode
 restricted \write18 enabled.
 %&-line parsing enabled.
**geo.tex
(./geo.tex
LaTeX2e <2020-02-02> patch level 2
L3 programming layer <2020-02-14> (../../doc.tex)
(/usr/share/texlive/texmf-dist/tex/latex/standalone/standalone.cls
Document Class: standalone 2018/03/26 v1.3a Class to compile TeX sub-files stan
dalone
(/usr/share/texlive/texmf-dist/tex/latex/tools/shellesc.sty
Package: shellesc 2019/11/08 v1.0c unified shell escape interface for LaTeX
Package shellesc Info: Restricted shell escape enabled on input line 77.
)
(/usr/share/texlive/texmf-dist/tex/generic/iftex/ifluatex.sty
Package: ifluatex 2019/10/25 v1.5 ifluatex legacy package. Use iftex instead.

(/usr/share/texlive/texmf-dist/tex/generic/iftex/iftex.sty
Package: iftex 2019/11/07 v1.0c TeX engine tests
))
(/usr/share/texlive/texmf-dist/tex/latex/xkeyval/xkeyval.sty
Package: xkeyval 2014/12/03 v2.7a package option processing (HA)

(/usr/share/texlive/texmf-dist/tex/generic/xkeyval/xkeyval.tex
(/usr/share/texlive/texmf-dist/tex/generic/xkeyval/xkvutils.tex
\XKV@toks=\toks14
\XKV@tempa@toks=\toks15

(/usr/share/texlive/texmf-dist/tex/generic/xkeyval/keyval.tex))
\XKV@depth=\count167
File: xkeyval.tex 2014/12/03 v2.7a key=value parser (HA)
))
\sa@internal=\count168
\c@sapage=\count169

(/usr/share/texlive/texmf-dist/tex/latex/standalone/standalone.cfg
File: standalone.cfg 2018/03/26 v1.3a Default configuration file for 'standalon
e' class
)
(/usr/share/texlive/texmf-dist/tex/latex/base/report.cls
Document Class: report 2019/12/20 v1.4l Standard LaTeX document class
(/usr/share/texlive/texmf-dist/tex/latex/base/size11.clo
File: size11.clo 2019/12/20 v1.4l Standard LaTeX file (size option)
)
\c@part=\count170
\c@chapter=\count171
\c@section=\count172
\c@subsection=\count173
\c@subsubsection=\count174
\c@paragraph=\count175
\c@subparagraph=\count176
\c@figure=\count177
\c@table=\count178
\abovecaptionskip=\skip47
\belowcaptionskip=\skip48
\bibindent=\dimen134
)) (../../preamb.tex
(/usr/share/texlive/texmf-dist/tex/latex/base/fontenc.sty
Package: fontenc 2020/02/11 v2.0o Standard LaTeX package
)
(/usr/share/texmf/tex/latex/lm/lmodern.sty
Package: lmodern 2009/10/30 v1.6 Latin Modern Fonts
LaTeX Font Info:    Overwriting symbol font `operators' in version `normal'
(Font)                  OT1/cmr/m/n --> OT1/lmr/m/n on input line 22.
LaTeX Font Info:    Overwriting symbol font `letters' in version `normal'
(Font)                  OML/cmm/m/it --> OML/lmm/m/it on input line 23.
LaTeX Font Info:    Overwriting symbol font `symbols' in version `normal'
(Font)                  OMS/cmsy/m/n --> OMS/lmsy/m/n on input line 24.
LaTeX Font Info:    Overwriting symbol font `largesymbols' in version `normal'
(Font)                  OMX/cmex/m/n --> OMX/lmex/m/n on input line 25.
LaTeX Font Info:    Overwriting symbol font `operators' in version `bold'
(Font)                  OT1/cmr/bx/n --> OT1/lmr/bx/n on input line 26.
LaTeX Font Info:    Overwriting symbol font `letters' in version `bold'
(Font)                  OML/cmm/b/it --> OML/lmm/b/it on input line 27.
LaTeX Font Info:    Overwriting symbol font `symbols' in version `bold'
(Font)                  OMS/cmsy/b/n --> OMS/lmsy/b/n on input line 28.
LaTeX Font Info:    Overwriting symbol font `largesymbols' in version `bold'
(Font)                  OMX/cmex/m/n --> OMX/lmex/m/n on input line 29.
LaTeX Font Info:    Overwriting math alphabet `\mathbf' in version `normal'
(Font)                  OT1/cmr/bx/n --> OT1/lmr/bx/n on input line 31.
LaTeX Font Info:    Overwriting math alphabet `\mathsf' in version `normal'
(Font)                  OT1/cmss/m/n --> OT1/lmss/m/n on input line 32.
LaTeX Font Info:    Overwriting math alphabet `\mathit' in version `normal'
(Font)                  OT1/cmr/m/it --> OT1/lmr/m/it on input line 33.
LaTeX Font Info:    Overwriting math alphabet `\mathtt' in version `normal'
(Font)                  OT1/cmtt/m/n --> OT1/lmtt/m/n on input line 34.
LaTeX Font Info:    Overwriting math alphabet `\mathbf' in version `bold'
(Font)                  OT1/cmr/bx/n --> OT1/lmr/bx/n on input line 35.
LaTeX Font Info:    Overwriting math alphabet `\mathsf' in version `bold'
(Font)                  OT1/cmss/bx/n --> OT1/lmss/bx/n on input line 36.
LaTeX Font Info:    Overwriting math alphabet `\mathit' in version `bold'
(Font)                  OT1/cmr/bx/it --> OT1/lmr/bx/it on input line 37.
LaTeX Font Info:    Overwriting math alphabet `\mathtt' in version `bold'
(Font)                  OT1/cmtt/m/n --> OT1/lmtt/m/n on input line 38.
)
(/usr/share/texlive/texmf-dist/tex/latex/geometry/geometry.sty
Package: geometry 2020/01/02 v5.9 Page Geometry

(/usr/share/texlive/texmf-dist/tex/generic/iftex/ifvtex.sty
Package: ifvtex 2019/10/25 v1.7 ifvtex legacy package. Use iftex instead.
)
\Gm@cnth=\count179
\Gm@cntv=\count180
\c@Gm@tempcnt=\count181
\Gm@bindingoffset=\dimen135
\Gm@wd@mp=\dimen136
\Gm@odd@mp=\dimen137
\Gm@even@mp=\dimen138
\Gm@layoutwidth=\dimen139
\Gm@layoutheight=\dimen140
\Gm@layouthoffset=\dimen141
\Gm@layoutvoffset=\dimen142
\Gm@dimlist=\toks16
)
(/usr/share/texlive/texmf-dist/tex/latex/import/import.sty
Package: import 2009/03/23  v 5.1
)
(/usr/share/texlive/texmf-dist/tex/latex/standalone/standalone.sty
Package: standalone 2018/03/26 v1.3a Package to include TeX sub-files with prea
mbles

(/usr/share/texlive/texmf-dist/tex/latex/currfile/currfile.sty
Package: currfile 2015/04/23 v0.7c Provides the file path elements of the curre
nt input file

(/usr/share/texlive/texmf-dist/tex/latex/kvoptions/kvoptions.sty
Package: kvoptions 2019/11/29 v3.13 Key value format for package options (HO)

(/usr/share/texlive/texmf-dist/tex/generic/ltxcmds/ltxcmds.sty
Package: ltxcmds 2019/12/15 v1.24 LaTeX kernel commands for general use (HO)
)
(/usr/share/texlive/texmf-dist/tex/generic/kvsetkeys/kvsetkeys.sty
Package: kvsetkeys 2019/12/15 v1.18 Key value parser (HO)
))
(/usr/share/texlive/texmf-dist/tex/latex/filehook/filehook.sty
Package: filehook 2020/02/03 v0.7 Hooks for input files
)
\c@currfiledepth=\count182
)
(/usr/share/texlive/texmf-dist/tex/latex/gincltex/gincltex.sty
(/usr/share/texlive/texmf-dist/tex/latex/svn-prov/svn-prov.sty
Package: svn-prov 2010/04/24 v3.1862 Package Date/Version from SVN Keywords
)
Package: gincltex 2011/09/04 v0.3 Include external LaTeX files like graphics

(/usr/share/texlive/texmf-dist/tex/latex/adjustbox/adjustbox.sty
Package: adjustbox 2019/01/04 v1.2 Adjusting TeX boxes (trim, clip, ...)

(/usr/share/texlive/texmf-dist/tex/latex/adjustbox/adjcalc.sty
Package: adjcalc 2012/05/16 v1.1 Provides advanced setlength with multiple back
-ends (calc, etex, pgfmath)
)
(/usr/share/texlive/texmf-dist/tex/latex/adjustbox/trimclip.sty
Package: trimclip 2018/04/08 v1.1 Trim and clip general TeX material

(/usr/share/texlive/texmf-dist/tex/latex/graphics/graphicx.sty
Package: graphicx 2019/11/30 v1.2a Enhanced LaTeX Graphics (DPC,SPQR)

(/usr/share/texlive/texmf-dist/tex/latex/graphics/graphics.sty
Package: graphics 2019/11/30 v1.4a Standard LaTeX Graphics (DPC,SPQR)

(/usr/share/texlive/texmf-dist/tex/latex/graphics/trig.sty
Package: trig 2016/01/03 v1.10 sin cos tan (DPC)
)
(/usr/share/texlive/texmf-dist/tex/latex/graphics-cfg/graphics.cfg
File: graphics.cfg 2016/06/04 v1.11 sample graphics configuration
)
Package graphics Info: Driver file: pdftex.def on input line 105.

(/usr/share/texlive/texmf-dist/tex/latex/graphics-def/pdftex.def
File: pdftex.def 2018/01/08 v1.0l Graphics/color driver for pdftex
))
\Gin@req@height=\dimen143
\Gin@req@width=\dimen144
)
(/usr/share/texlive/texmf-dist/tex/latex/collectbox/collectbox.sty
Package: collectbox 2012/05/17 v0.4b Collect macro arguments as boxes
\collectedbox=\box45
)
\tc@llx=\dimen145
\tc@lly=\dimen146
\tc@urx=\dimen147
\tc@ury=\dimen148
Package trimclip Info: Using driver 'tc-pdftex.def'.

(/usr/share/texlive/texmf-dist/tex/latex/adjustbox/tc-pdftex.def
File: tc-pdftex.def 2019/01/04 v2.2 Clipping driver for pdftex
))
\adjbox@Width=\dimen149
\adjbox@Height=\dimen150
\adjbox@Depth=\dimen151
\adjbox@Totalheight=\dimen152
\adjbox@pwidth=\dimen153
\adjbox@pheight=\dimen154
\adjbox@pdepth=\dimen155
\adjbox@ptotalheight=\dimen156

(/usr/share/texlive/texmf-dist/tex/latex/ifoddpage/ifoddpage.sty
Package: ifoddpage 2016/04/23 v1.1 Conditionals for odd/even page detection
\c@checkoddpage=\count183
)
(/usr/share/texlive/texmf-dist/tex/latex/varwidth/varwidth.sty
Package: varwidth 2009/03/30 ver 0.92;  Variable-width minipages
\@vwid@box=\box46
\sift@deathcycles=\count184
\@vwid@loff=\dimen157
\@vwid@roff=\dimen158
))
\gincltex@box=\box47
)
(/usr/share/texlive/texmf-dist/tex/latex/filemod/filemod-expmin.sty
Package: filemod-expmin 2011/09/19 v1.2 Get and compare file modification times
 (expandable; minimal)
))
(/usr/share/texlive/texmf-dist/tex/latex/amsmath/amsmath.sty
Package: amsmath 2020/01/20 v2.17e AMS math features
\@mathmargin=\skip49

For additional information on amsmath, use the `?' option.
(/usr/share/texlive/texmf-dist/tex/latex/amsmath/amstext.sty
Package: amstext 2000/06/29 v2.01 AMS text

(/usr/share/texlive/texmf-dist/tex/latex/amsmath/amsgen.sty
File: amsgen.sty 1999/11/30 v2.0 generic functions
\@emptytoks=\toks17
\ex@=\dimen159
))
(/usr/share/texlive/texmf-dist/tex/latex/amsmath/amsbsy.sty
Package: amsbsy 1999/11/29 v1.2d Bold Symbols
\pmbraise@=\dimen160
)
(/usr/share/texlive/texmf-dist/tex/latex/amsmath/amsopn.sty
Package: amsopn 2016/03/08 v2.02 operator names
)
\inf@bad=\count185
LaTeX Info: Redefining \frac on input line 227.
\uproot@=\count186
\leftroot@=\count187
LaTeX Info: Redefining \overline on input line 389.
\classnum@=\count188
\DOTSCASE@=\count189
LaTeX Info: Redefining \ldots on input line 486.
LaTeX Info: Redefining \dots on input line 489.
LaTeX Info: Redefining \cdots on input line 610.
\Mathstrutbox@=\box48
\strutbox@=\box49
\big@size=\dimen161
LaTeX Font Info:    Redeclaring font encoding OML on input line 733.
LaTeX Font Info:    Redeclaring font encoding OMS on input line 734.
\macc@depth=\count190
\c@MaxMatrixCols=\count191
\dotsspace@=\muskip16
\c@parentequation=\count192
\dspbrk@lvl=\count193
\tag@help=\toks18
\row@=\count194
\column@=\count195
\maxfields@=\count196
\andhelp@=\toks19
\eqnshift@=\dimen162
\alignsep@=\dimen163
\tagshift@=\dimen164
\tagwidth@=\dimen165
\totwidth@=\dimen166
\lineht@=\dimen167
\@envbody=\toks20
\multlinegap=\skip50
\multlinetaggap=\skip51
\mathdisplay@stack=\toks21
LaTeX Info: Redefining \[ on input line 2859.
LaTeX Info: Redefining \] on input line 2860.
)
(/usr/share/texlive/texmf-dist/tex/latex/amsfonts/amssymb.sty
Package: amssymb 2013/01/14 v3.01 AMS font symbols

(/usr/share/texlive/texmf-dist/tex/latex/amsfonts/amsfonts.sty
Package: amsfonts 2013/01/14 v3.01 Basic AMSFonts support
\symAMSa=\mathgroup4
\symAMSb=\mathgroup5
LaTeX Font Info:    Redeclaring math symbol \hbar on input line 98.
LaTeX Font Info:    Overwriting math alphabet `\mathfrak' in version `bold'
(Font)                  U/euf/m/n --> U/euf/b/n on input line 106.
))
(/usr/share/texlive/texmf-dist/tex/latex/esint/esint.sty
Package: esint 
\symlargesymbolsA=\mathgroup6
)
(/usr/share/texlive/texmf-dist/tex/generic/babel/babel.sty
Package: babel 2020/02/14 3.40 The Babel package

(/usr/share/texlive/texmf-dist/tex/generic/babel/switch.def
File: switch.def 2020/02/14 3.40 Babel switching mechanism
)
(/usr/share/texlive/texmf-dist/tex/generic/babel-english/english.ldf
Language: english 2017/06/06 v3.3r English support from the babel system

(/usr/share/texlive/texmf-dist/tex/generic/babel/babel.def
File: babel.def 2020/02/14 3.40 Babel common definitions
\babel@savecnt=\count197
\U@D=\dimen168

(/usr/share/texlive/texmf-dist/tex/generic/babel/txtbabel.def)
\bbl@readstream=\read2
\bbl@dirlevel=\count198
)
Package babel Info: \l@canadian = using hyphenrules for english
(babel)             (\language0) on input line 102.
Package babel Info: \l@australian = using hyphenrules for ukenglish
(babel)             (\language65) on input line 105.
Package babel Info: \l@newzealand = using hyphenrules for ukenglish
(babel)             (\language65) on input line 108.
))
(/usr/share/texlive/texmf-dist/tex/latex/tabu/tabu.sty
Package: tabu 2019/01/11 v2.9 - flexible LaTeX tabulars (FC+tabu-fixed) + inter
mediate FMi

(/usr/share/texlive/texmf-dist/tex/latex/tools/array.sty
Package: array 2019/08/31 v2.4l Tabular extension package (FMi)
\col@sep=\dimen169
\ar@mcellbox=\box50
\extrarowheight=\dimen170
\NC@list=\toks22
\extratabsurround=\skip52
\backup@length=\skip53
\ar@cellbox=\box51
)
\c@taburow=\count199
\tabu@nbcols=\count266
\tabu@cnt=\count267
\tabu@Xcol=\count268
\tabu@alloc=\count269
\tabu@nested=\count270
\tabu@target=\dimen171
\tabu@spreadtarget=\dimen172
\tabu@naturalX=\dimen173
\tabucolX=\dimen174
\tabu@Xsum=\dimen175
\extrarowdepth=\dimen176
\abovetabulinesep=\dimen177
\belowtabulinesep=\dimen178
\tabustrutrule=\dimen179
\tabu@thebody=\toks23
\tabu@footnotes=\toks24
\tabu@box=\box52
\tabu@arstrutbox=\box53
\tabu@hleads=\box54
\tabu@vleads=\box55
\tabu@cellskip=\skip54
)
(/usr/share/texlive/texmf-dist/tex/latex/titlesec/titlesec.sty
Package: titlesec 2019/10/16 v2.13 Sectioning titles
\ttl@box=\box56
\beforetitleunit=\skip55
\aftertitleunit=\skip56
\ttl@plus=\dimen180
\ttl@minus=\dimen181
\ttl@toksa=\toks25
\titlewidth=\dimen182
\titlewidthlast=\dimen183
\titlewidthfirst=\dimen184
)
(/usr/share/texlive/texmf-dist/tex/latex/ragged2e/ragged2e.sty
Package: ragged2e 2019/07/28 v2.2 ragged2e Package (MS)

(/usr/share/texlive/texmf-dist/tex/latex/ms/everysel.sty
Package: everysel 2011/10/28 v1.2 EverySelectfont Package (MS)
)
\CenteringLeftskip=\skip57
\RaggedLeftLeftskip=\skip58
\RaggedRightLeftskip=\skip59
\CenteringRightskip=\skip60
\RaggedLeftRightskip=\skip61
\RaggedRightRightskip=\skip62
\CenteringParfillskip=\skip63
\RaggedLeftParfillskip=\skip64
\RaggedRightParfillskip=\skip65
\JustifyingParfillskip=\skip66
\CenteringParindent=\skip67
\RaggedLeftParindent=\skip68
\RaggedRightParindent=\skip69
\JustifyingParindent=\skip70
)
(/usr/share/texlive/texmf-dist/tex/latex/float/float.sty
Package: float 2001/11/08 v1.3d Float enhancements (AL)
\c@float@type=\count271
\float@exts=\toks26
\float@box=\box57
\@float@everytoks=\toks27
\@floatcapt=\box58
)
(/usr/share/texlive/texmf-dist/tex/latex/subfig/subfig.sty
Package: subfig 2005/06/28 ver: 1.3 subfig package

(/usr/share/texlive/texmf-dist/tex/latex/caption/caption.sty
Package: caption 2020/01/03 v3.4h Customizing captions (AR)

(/usr/share/texlive/texmf-dist/tex/latex/caption/caption3.sty
Package: caption3 2020/01/03 v1.8h caption3 kernel (AR)
Package caption3 Info: TeX engine: e-TeX on input line 61.
\captionmargin=\dimen185
\captionmargin@=\dimen186
\captionwidth=\dimen187
\caption@tempdima=\dimen188
\caption@indent=\dimen189
\caption@parindent=\dimen190
\caption@hangindent=\dimen191
Package caption Info: Standard document class detected.
)
\c@caption@flags=\count272
\c@continuedfloat=\count273
Package caption Info: float package is loaded.
)
\c@KVtest=\count274
\sf@farskip=\skip71
\sf@captopadj=\dimen192
\sf@capskip=\skip72
\sf@nearskip=\skip73
\c@subfigure=\count275
\c@subfigure@save=\count276
\c@lofdepth=\count277
\c@subtable=\count278
\c@subtable@save=\count279
\c@lotdepth=\count280
\sf@top=\skip74
\sf@bottom=\skip75
)
(/usr/share/texlive/texmf-dist/tex/latex/placeins/placeins.sty
Package: placeins 2005/04/18  v 2.2
)
(/usr/share/texlive/texmf-dist/tex/latex/cancel/cancel.sty
Package: cancel 2013/04/12 v2.2 Cancel math terms
)
(/usr/share/texlive/texmf-dist/tex/latex/framed/framed.sty
Package: framed 2011/10/22 v 0.96: framed or shaded text with page breaks
\OuterFrameSep=\skip76
\fb@frw=\dimen193
\fb@frh=\dimen194
\FrameRule=\dimen195
\FrameSep=\dimen196
)
(/usr/share/texlive/texmf-dist/tex/latex/wrapfig/wrapfig.sty
\wrapoverhang=\dimen197
\WF@size=\dimen198
\c@WF@wrappedlines=\count281
\WF@box=\box59
\WF@everypar=\toks28
Package: wrapfig 2003/01/31  v 3.6
)
(/usr/share/texlive/texmf-dist/tex/latex/tocloft/tocloft.sty
Package: tocloft 2017/08/31 v2.3i parameterised ToC, etc., typesetting
Package tocloft Info: The document has chapter divisions on input line 51.
\cftparskip=\skip77
\cftbeforetoctitleskip=\skip78
\cftaftertoctitleskip=\skip79
\cftbeforepartskip=\skip80
\cftpartnumwidth=\skip81
\cftpartindent=\skip82
\cftbeforechapskip=\skip83
\cftchapindent=\skip84
\cftchapnumwidth=\skip85
\cftbeforesecskip=\skip86
\cftsecindent=\skip87
\cftsecnumwidth=\skip88
\cftbeforesubsecskip=\skip89
\cftsubsecindent=\skip90
\cftsubsecnumwidth=\skip91
\cftbeforesubsubsecskip=\skip92
\cftsubsubsecindent=\skip93
\cftsubsubsecnumwidth=\skip94
\cftbeforeparaskip=\skip95
\cftparaindent=\skip96
\cftparanumwidth=\skip97
\cftbeforesubparaskip=\skip98
\cftsubparaindent=\skip99
\cftsubparanumwidth=\skip100
\cftbeforeloftitleskip=\skip101
\cftafterloftitleskip=\skip102
\cftbeforefigskip=\skip103
\cftfigindent=\skip104
\cftfignumwidth=\skip105
\cftbeforelottitleskip=\skip106
\cftafterlottitleskip=\skip107
\cftbeforetabskip=\skip108
\cfttabindent=\skip109
\cfttabnumwidth=\skip110
\cftbeforesubfigskip=\skip111
\cftsubfigindent=\skip112
\cftsubfignumwidth=\skip113
\cftbeforesubtabskip=\skip114
\cftsubtabindent=\skip115
\cftsubtabnumwidth=\skip116
)
(/usr/share/texlive/texmf-dist/tex/latex/tools/bm.sty
Package: bm 2019/07/24 v1.2d Bold Symbol Support (DPC/FMi)
\symboldoperators=\mathgroup7
\symboldletters=\mathgroup8
\symboldsymbols=\mathgroup9
LaTeX Font Info:    Redeclaring math alphabet \mathbf on input line 141.
LaTeX Info: Redefining \bm on input line 209.
)
(/usr/share/texlive/texmf-dist/tex/latex/xcolor/xcolor.sty
Package: xcolor 2016/05/11 v2.12 LaTeX color extensions (UK)

(/usr/share/texlive/texmf-dist/tex/latex/graphics-cfg/color.cfg
File: color.cfg 2016/01/02 v1.6 sample color configuration
)
Package xcolor Info: Driver file: pdftex.def on input line 225.

(/usr/share/texlive/texmf-dist/tex/latex/colortbl/colortbl.sty
Package: colortbl 2020/01/04 v1.0e Color table columns (DPC)
\everycr=\toks29
\minrowclearance=\skip117
)
\rownum=\count282
Package xcolor Info: Model `cmy' substituted by `cmy0' on input line 1348.
Package xcolor Info: Model `hsb' substituted by `rgb' on input line 1352.
Package xcolor Info: Model `RGB' extended on input line 1364.
Package xcolor Info: Model `HTML' substituted by `rgb' on input line 1366.
Package xcolor Info: Model `Hsb' substituted by `hsb' on input line 1367.
Package xcolor Info: Model `tHsb' substituted by `hsb' on input line 1368.
Package xcolor Info: Model `HSB' substituted by `hsb' on input line 1369.
Package xcolor Info: Model `Gray' substituted by `gray' on input line 1370.
Package xcolor Info: Model `wave' substituted by `hsb' on input line 1371.

(/usr/share/texlive/texmf-dist/tex/latex/graphics/dvipsnam.def
File: dvipsnam.def 2016/06/17 v3.0m Driver-dependent file (DPC,SPQR)
))
(/usr/share/texlive/texmf-dist/tex/latex/was/icomma.sty
Package: icomma 2002/03/10 v2.0 (WaS)
)
(/usr/share/texlive/texmf-dist/tex/latex/tcolorbox/tcolorbox.sty
Package: tcolorbox 2019/11/15 version 4.22 text color boxes

(/usr/share/texlive/texmf-dist/tex/latex/pgf/basiclayer/pgf.sty
(/usr/share/texlive/texmf-dist/tex/latex/pgf/utilities/pgfrcs.sty
(/usr/share/texlive/texmf-dist/tex/generic/pgf/utilities/pgfutil-common.tex
\pgfutil@everybye=\toks30
\pgfutil@tempdima=\dimen199
\pgfutil@tempdimb=\dimen256

(/usr/share/texlive/texmf-dist/tex/generic/pgf/utilities/pgfutil-common-lists.t
ex)) (/usr/share/texlive/texmf-dist/tex/generic/pgf/utilities/pgfutil-latex.def
\pgfutil@abb=\box60
(/usr/share/texlive/texmf-dist/tex/latex/ms/everyshi.sty
Package: everyshi 2001/05/15 v3.00 EveryShipout Package (MS)
))
(/usr/share/texlive/texmf-dist/tex/generic/pgf/utilities/pgfrcs.code.tex
(/usr/share/texlive/texmf-dist/tex/generic/pgf/pgf.revision.tex)
Package: pgfrcs 2020/01/08 v3.1.5b (3.1.5b)
))
Package: pgf 2020/01/08 v3.1.5b (3.1.5b)

(/usr/share/texlive/texmf-dist/tex/latex/pgf/basiclayer/pgfcore.sty
(/usr/share/texlive/texmf-dist/tex/latex/pgf/systemlayer/pgfsys.sty
(/usr/share/texlive/texmf-dist/tex/generic/pgf/systemlayer/pgfsys.code.tex
Package: pgfsys 2020/01/08 v3.1.5b (3.1.5b)

(/usr/share/texlive/texmf-dist/tex/generic/pgf/utilities/pgfkeys.code.tex
\pgfkeys@pathtoks=\toks31
\pgfkeys@temptoks=\toks32

(/usr/share/texlive/texmf-dist/tex/generic/pgf/utilities/pgfkeysfiltered.code.t
ex
\pgfkeys@tmptoks=\toks33
))
\pgf@x=\dimen257
\pgf@y=\dimen258
\pgf@xa=\dimen259
\pgf@ya=\dimen260
\pgf@xb=\dimen261
\pgf@yb=\dimen262
\pgf@xc=\dimen263
\pgf@yc=\dimen264
\pgf@xd=\dimen265
\pgf@yd=\dimen266
\w@pgf@writea=\write3
\r@pgf@reada=\read3
\c@pgf@counta=\count283
\c@pgf@countb=\count284
\c@pgf@countc=\count285
\c@pgf@countd=\count286
\t@pgf@toka=\toks34
\t@pgf@tokb=\toks35
\t@pgf@tokc=\toks36
\pgf@sys@id@count=\count287
 (/usr/share/texlive/texmf-dist/tex/generic/pgf/systemlayer/pgf.cfg
File: pgf.cfg 2020/01/08 v3.1.5b (3.1.5b)
)
Driver file for pgf: pgfsys-pdftex.def

(/usr/share/texlive/texmf-dist/tex/generic/pgf/systemlayer/pgfsys-pdftex.def
File: pgfsys-pdftex.def 2020/01/08 v3.1.5b (3.1.5b)

(/usr/share/texlive/texmf-dist/tex/generic/pgf/systemlayer/pgfsys-common-pdf.de
f
File: pgfsys-common-pdf.def 2020/01/08 v3.1.5b (3.1.5b)
)))
(/usr/share/texlive/texmf-dist/tex/generic/pgf/systemlayer/pgfsyssoftpath.code.
tex
File: pgfsyssoftpath.code.tex 2020/01/08 v3.1.5b (3.1.5b)
\pgfsyssoftpath@smallbuffer@items=\count288
\pgfsyssoftpath@bigbuffer@items=\count289
)
(/usr/share/texlive/texmf-dist/tex/generic/pgf/systemlayer/pgfsysprotocol.code.
tex
File: pgfsysprotocol.code.tex 2020/01/08 v3.1.5b (3.1.5b)
))
(/usr/share/texlive/texmf-dist/tex/generic/pgf/basiclayer/pgfcore.code.tex
Package: pgfcore 2020/01/08 v3.1.5b (3.1.5b)

(/usr/share/texlive/texmf-dist/tex/generic/pgf/math/pgfmath.code.tex
(/usr/share/texlive/texmf-dist/tex/generic/pgf/math/pgfmathcalc.code.tex
(/usr/share/texlive/texmf-dist/tex/generic/pgf/math/pgfmathutil.code.tex)
(/usr/share/texlive/texmf-dist/tex/generic/pgf/math/pgfmathparser.code.tex
\pgfmath@dimen=\dimen267
\pgfmath@count=\count290
\pgfmath@box=\box61
\pgfmath@toks=\toks37
\pgfmath@stack@operand=\toks38
\pgfmath@stack@operation=\toks39
)
(/usr/share/texlive/texmf-dist/tex/generic/pgf/math/pgfmathfunctions.code.tex
(/usr/share/texlive/texmf-dist/tex/generic/pgf/math/pgfmathfunctions.basic.code
.tex)
(/usr/share/texlive/texmf-dist/tex/generic/pgf/math/pgfmathfunctions.trigonomet
ric.code.tex)
(/usr/share/texlive/texmf-dist/tex/generic/pgf/math/pgfmathfunctions.random.cod
e.tex)
(/usr/share/texlive/texmf-dist/tex/generic/pgf/math/pgfmathfunctions.comparison
.code.tex)
(/usr/share/texlive/texmf-dist/tex/generic/pgf/math/pgfmathfunctions.base.code.
tex)
(/usr/share/texlive/texmf-dist/tex/generic/pgf/math/pgfmathfunctions.round.code
.tex)
(/usr/share/texlive/texmf-dist/tex/generic/pgf/math/pgfmathfunctions.misc.code.
tex)
(/usr/share/texlive/texmf-dist/tex/generic/pgf/math/pgfmathfunctions.integerari
thmetics.code.tex)))
(/usr/share/texlive/texmf-dist/tex/generic/pgf/math/pgfmathfloat.code.tex
\c@pgfmathroundto@lastzeros=\count291
))
(/usr/share/texlive/texmf-dist/tex/generic/pgf/math/pgfint.code.tex)
(/usr/share/texlive/texmf-dist/tex/generic/pgf/basiclayer/pgfcorepoints.code.te
x
File: pgfcorepoints.code.tex 2020/01/08 v3.1.5b (3.1.5b)
\pgf@picminx=\dimen268
\pgf@picmaxx=\dimen269
\pgf@picminy=\dimen270
\pgf@picmaxy=\dimen271
\pgf@pathminx=\dimen272
\pgf@pathmaxx=\dimen273
\pgf@pathminy=\dimen274
\pgf@pathmaxy=\dimen275
\pgf@xx=\dimen276
\pgf@xy=\dimen277
\pgf@yx=\dimen278
\pgf@yy=\dimen279
\pgf@zx=\dimen280
\pgf@zy=\dimen281
)
(/usr/share/texlive/texmf-dist/tex/generic/pgf/basiclayer/pgfcorepathconstruct.
code.tex
File: pgfcorepathconstruct.code.tex 2020/01/08 v3.1.5b (3.1.5b)
\pgf@path@lastx=\dimen282
\pgf@path@lasty=\dimen283
)
(/usr/share/texlive/texmf-dist/tex/generic/pgf/basiclayer/pgfcorepathusage.code
.tex
File: pgfcorepathusage.code.tex 2020/01/08 v3.1.5b (3.1.5b)
\pgf@shorten@end@additional=\dimen284
\pgf@shorten@start@additional=\dimen285
)
(/usr/share/texlive/texmf-dist/tex/generic/pgf/basiclayer/pgfcorescopes.code.te
x
File: pgfcorescopes.code.tex 2020/01/08 v3.1.5b (3.1.5b)
\pgfpic=\box62
\pgf@hbox=\box63
\pgf@layerbox@main=\box64
\pgf@picture@serial@count=\count292
)
(/usr/share/texlive/texmf-dist/tex/generic/pgf/basiclayer/pgfcoregraphicstate.c
ode.tex
File: pgfcoregraphicstate.code.tex 2020/01/08 v3.1.5b (3.1.5b)
\pgflinewidth=\dimen286
)
(/usr/share/texlive/texmf-dist/tex/generic/pgf/basiclayer/pgfcoretransformation
s.code.tex
File: pgfcoretransformations.code.tex 2020/01/08 v3.1.5b (3.1.5b)
\pgf@pt@x=\dimen287
\pgf@pt@y=\dimen288
\pgf@pt@temp=\dimen289
)
(/usr/share/texlive/texmf-dist/tex/generic/pgf/basiclayer/pgfcorequick.code.tex
File: pgfcorequick.code.tex 2020/01/08 v3.1.5b (3.1.5b)
)
(/usr/share/texlive/texmf-dist/tex/generic/pgf/basiclayer/pgfcoreobjects.code.t
ex
File: pgfcoreobjects.code.tex 2020/01/08 v3.1.5b (3.1.5b)
)
(/usr/share/texlive/texmf-dist/tex/generic/pgf/basiclayer/pgfcorepathprocessing
.code.tex
File: pgfcorepathprocessing.code.tex 2020/01/08 v3.1.5b (3.1.5b)
)
(/usr/share/texlive/texmf-dist/tex/generic/pgf/basiclayer/pgfcorearrows.code.te
x
File: pgfcorearrows.code.tex 2020/01/08 v3.1.5b (3.1.5b)
\pgfarrowsep=\dimen290
)
(/usr/share/texlive/texmf-dist/tex/generic/pgf/basiclayer/pgfcoreshade.code.tex
File: pgfcoreshade.code.tex 2020/01/08 v3.1.5b (3.1.5b)
\pgf@max=\dimen291
\pgf@sys@shading@range@num=\count293
\pgf@shadingcount=\count294
)
(/usr/share/texlive/texmf-dist/tex/generic/pgf/basiclayer/pgfcoreimage.code.tex
File: pgfcoreimage.code.tex 2020/01/08 v3.1.5b (3.1.5b)

(/usr/share/texlive/texmf-dist/tex/generic/pgf/basiclayer/pgfcoreexternal.code.
tex
File: pgfcoreexternal.code.tex 2020/01/08 v3.1.5b (3.1.5b)
\pgfexternal@startupbox=\box65
))
(/usr/share/texlive/texmf-dist/tex/generic/pgf/basiclayer/pgfcorelayers.code.te
x
File: pgfcorelayers.code.tex 2020/01/08 v3.1.5b (3.1.5b)
)
(/usr/share/texlive/texmf-dist/tex/generic/pgf/basiclayer/pgfcoretransparency.c
ode.tex
File: pgfcoretransparency.code.tex 2020/01/08 v3.1.5b (3.1.5b)
)
(/usr/share/texlive/texmf-dist/tex/generic/pgf/basiclayer/pgfcorepatterns.code.
tex
File: pgfcorepatterns.code.tex 2020/01/08 v3.1.5b (3.1.5b)
)
(/usr/share/texlive/texmf-dist/tex/generic/pgf/basiclayer/pgfcorerdf.code.tex
File: pgfcorerdf.code.tex 2020/01/08 v3.1.5b (3.1.5b)
)))
(/usr/share/texlive/texmf-dist/tex/generic/pgf/modules/pgfmoduleshapes.code.tex
File: pgfmoduleshapes.code.tex 2020/01/08 v3.1.5b (3.1.5b)
\pgfnodeparttextbox=\box66
) (/usr/share/texlive/texmf-dist/tex/generic/pgf/modules/pgfmoduleplot.code.tex
File: pgfmoduleplot.code.tex 2020/01/08 v3.1.5b (3.1.5b)
)
(/usr/share/texlive/texmf-dist/tex/latex/pgf/compatibility/pgfcomp-version-0-65
.sty
Package: pgfcomp-version-0-65 2020/01/08 v3.1.5b (3.1.5b)
\pgf@nodesepstart=\dimen292
\pgf@nodesepend=\dimen293
)
(/usr/share/texlive/texmf-dist/tex/latex/pgf/compatibility/pgfcomp-version-1-18
.sty
Package: pgfcomp-version-1-18 2020/01/08 v3.1.5b (3.1.5b)
)) (/usr/share/texlive/texmf-dist/tex/latex/tools/verbatim.sty
Package: verbatim 2019/11/10 v1.5r LaTeX2e package for verbatim enhancements
\every@verbatim=\toks40
\verbatim@line=\toks41
\verbatim@in@stream=\read4
)
(/usr/share/texlive/texmf-dist/tex/latex/environ/environ.sty
Package: environ 2014/05/04 v0.3 A new way to define environments

(/usr/share/texlive/texmf-dist/tex/latex/trimspaces/trimspaces.sty
Package: trimspaces 2009/09/17 v1.1 Trim spaces around a token list
))
(/usr/share/texlive/texmf-dist/tex/latex/etoolbox/etoolbox.sty
Package: etoolbox 2019/09/21 v2.5h e-TeX tools for LaTeX (JAW)
\etb@tempcnta=\count295
)
\tcb@titlebox=\box67
\tcb@upperbox=\box68
\tcb@lowerbox=\box69
\tcb@phantombox=\box70
\c@tcbbreakpart=\count296
\c@tcblayer=\count297
\tcolorbox@number=\count298
\tcb@temp=\box71
\tcb@temp=\box72
\tcb@temp=\box73
\tcb@temp=\box74
\tcb@out=\write4
\tcb@record@out=\write5

(/usr/share/texlive/texmf-dist/tex/latex/tcolorbox/tcbraster.code.tex
Library (tcolorbox): 'tcbraster.code.tex' version '4.22'
\c@tcbrastercolumn=\count299
\c@tcbrasterrow=\count300
\c@tcbraster=\count301
) (/usr/share/texlive/texmf-dist/tex/latex/tcolorbox/tcbskins.code.tex
Library (tcolorbox): 'tcbskins.code.tex' version '4.22'
(/usr/share/texlive/texmf-dist/tex/latex/pgf/frontendlayer/tikz.sty
(/usr/share/texlive/texmf-dist/tex/latex/pgf/utilities/pgffor.sty
(/usr/share/texlive/texmf-dist/tex/latex/pgf/utilities/pgfkeys.sty
(/usr/share/texlive/texmf-dist/tex/generic/pgf/utilities/pgfkeys.code.tex))
(/usr/share/texlive/texmf-dist/tex/latex/pgf/math/pgfmath.sty
(/usr/share/texlive/texmf-dist/tex/generic/pgf/math/pgfmath.code.tex))
(/usr/share/texlive/texmf-dist/tex/generic/pgf/utilities/pgffor.code.tex
Package: pgffor 2020/01/08 v3.1.5b (3.1.5b)

(/usr/share/texlive/texmf-dist/tex/generic/pgf/math/pgfmath.code.tex)
\pgffor@iter=\dimen294
\pgffor@skip=\dimen295
\pgffor@stack=\toks42
\pgffor@toks=\toks43
))
(/usr/share/texlive/texmf-dist/tex/generic/pgf/frontendlayer/tikz/tikz.code.tex
Package: tikz 2020/01/08 v3.1.5b (3.1.5b)

(/usr/share/texlive/texmf-dist/tex/generic/pgf/libraries/pgflibraryplothandlers
.code.tex
File: pgflibraryplothandlers.code.tex 2020/01/08 v3.1.5b (3.1.5b)
\pgf@plot@mark@count=\count302
\pgfplotmarksize=\dimen296
)
\tikz@lastx=\dimen297
\tikz@lasty=\dimen298
\tikz@lastxsaved=\dimen299
\tikz@lastysaved=\dimen300
\tikz@lastmovetox=\dimen301
\tikz@lastmovetoy=\dimen302
\tikzleveldistance=\dimen303
\tikzsiblingdistance=\dimen304
\tikz@figbox=\box75
\tikz@figbox@bg=\box76
\tikz@tempbox=\box77
\tikz@tempbox@bg=\box78
\tikztreelevel=\count303
\tikznumberofchildren=\count304
\tikznumberofcurrentchild=\count305
\tikz@fig@count=\count306

(/usr/share/texlive/texmf-dist/tex/generic/pgf/modules/pgfmodulematrix.code.tex
File: pgfmodulematrix.code.tex 2020/01/08 v3.1.5b (3.1.5b)
\pgfmatrixcurrentrow=\count307
\pgfmatrixcurrentcolumn=\count308
\pgf@matrix@numberofcolumns=\count309
)
\tikz@expandcount=\count310

(/usr/share/texlive/texmf-dist/tex/generic/pgf/frontendlayer/tikz/libraries/tik
zlibrarytopaths.code.tex
File: tikzlibrarytopaths.code.tex 2020/01/08 v3.1.5b (3.1.5b)
)))
\tcb@waterbox=\box79

(/usr/share/texlive/texmf-dist/tex/latex/tcolorbox/tcbskinsjigsaw.code.tex
Library (tcolorbox): 'tcbskinsjigsaw.code.tex' version '4.22'
)) (/usr/share/texlive/texmf-dist/tex/latex/tcolorbox/tcbbreakable.code.tex
Library (tcolorbox): 'tcbbreakable.code.tex' version '4.22'
\tcb@testbox=\box80
\tcb@totalupperbox=\box81
\tcb@totallowerbox=\box82
) (/usr/share/texlive/texmf-dist/tex/latex/tcolorbox/tcbhooks.code.tex
Library (tcolorbox): 'tcbhooks.code.tex' version '4.22'
) (/usr/share/texlive/texmf-dist/tex/latex/tcolorbox/tcbtheorems.code.tex
Library (tcolorbox): 'tcbtheorems.code.tex' version '4.22'
) (/usr/share/texlive/texmf-dist/tex/latex/tcolorbox/tcbfitting.code.tex
Library (tcolorbox): 'tcbfitting.code.tex' version '4.22'
\tcbfitdim=\dimen305
\tcb@lowerfitdim=\dimen306
\tcb@upperfitdim=\dimen307
\tcb@cur@hbadness=\count311
) (/usr/share/texlive/texmf-dist/tex/latex/tcolorbox/tcbxparse.code.tex
Library (tcolorbox): 'tcbxparse.code.tex' version '4.22'
(/usr/share/texlive/texmf-dist/tex/latex/l3packages/xparse/xparse.sty
(/usr/share/texlive/texmf-dist/tex/latex/l3kernel/expl3.sty
Package: expl3 2020-02-14 L3 programming layer (loader) 

(/usr/share/texlive/texmf-dist/tex/latex/l3backend/l3backend-pdfmode.def
File: l3backend-pdfmode.def 2020-02-03 L3 backend support: PDF mode
\l__kernel_color_stack_int=\count312
\l__pdf_internal_box=\box83
))
Package: xparse 2020-02-14 L3 Experimental document command parser
\l__xparse_current_arg_int=\count313
\g__xparse_grabber_int=\count314
\l__xparse_m_args_int=\count315
\l__xparse_v_nesting_int=\count316
)))
(/usr/share/texlive/texmf-dist/tex/latex/tools/multicol.sty
Package: multicol 2019/12/09 v1.8y multicolumn formatting (FMi)
\c@tracingmulticols=\count317
\mult@box=\box84
\multicol@leftmargin=\dimen308
\c@unbalance=\count318
\c@collectmore=\count319
\doublecol@number=\count320
\multicoltolerance=\count321
\multicolpretolerance=\count322
\full@width=\dimen309
\page@free=\dimen310
\premulticols=\dimen311
\postmulticols=\dimen312
\multicolsep=\skip118
\multicolbaselineskip=\skip119
\partial@page=\box85
\last@line=\box86
\maxbalancingoverflow=\dimen313
\mult@rightbox=\box87
\mult@grightbox=\box88
\mult@gfirstbox=\box89
\mult@firstbox=\box90
\@tempa=\box91
\@tempa=\box92
\@tempa=\box93
\@tempa=\box94
\@tempa=\box95
\@tempa=\box96
\@tempa=\box97
\@tempa=\box98
\@tempa=\box99
\@tempa=\box100
\@tempa=\box101
\@tempa=\box102
\@tempa=\box103
\@tempa=\box104
\@tempa=\box105
\@tempa=\box106
\@tempa=\box107
\@tempa=\box108
\@tempa=\box109
\@tempa=\box110
\@tempa=\box111
\@tempa=\box112
\@tempa=\box113
\@tempa=\box114
\@tempa=\box115
\@tempa=\box116
\@tempa=\box117
\@tempa=\box118
\@tempa=\box119
\@tempa=\box120
\@tempa=\box121
\@tempa=\box122
\@tempa=\box123
\@tempa=\box124
\@tempa=\box125
\@tempa=\box126
\@tempa=\box127
\c@minrows=\count323
\c@columnbadness=\count324
\c@finalcolumnbadness=\count325
\last@try=\dimen314
\multicolovershoot=\dimen315
\multicolundershoot=\dimen316
\mult@nat@firstbox=\box128
\colbreak@box=\box129
\mc@col@check@num=\count326
)
(/usr/share/texlive/texmf-dist/tex/latex/stackengine/stackengine.sty
Package: stackengine 2017/02/13 v4.01\ Stacking text and objects in convenient 
ways

(/usr/share/texlive/texmf-dist/tex/generic/listofitems/listofitems.sty
(/usr/share/texlive/texmf-dist/tex/generic/listofitems/listofitems.tex
\loi_cnt_foreach_nest=\count327
\loi_nestcnt=\count328
)
Package: listofitems 2019/08/21 v1.63 Grab items in lists using user-specified 
sep char (CT)
)
(/usr/share/texlive/texmf-dist/tex/latex/tools/calc.sty
Package: calc 2017/05/25 v4.3 Infix arithmetic (KKT,FJ)
\calc@Acount=\count329
\calc@Bcount=\count330
\calc@Adimen=\dimen317
\calc@Bdimen=\dimen318
\calc@Askip=\skip120
\calc@Bskip=\skip121
LaTeX Info: Redefining \setlength on input line 80.
LaTeX Info: Redefining \addtolength on input line 81.
\calc@Ccount=\count331
\calc@Cskip=\skip122
)
\c@@stackindex=\count332
\@boxshift=\skip123
\stack@tmplength=\skip124
\temp@stkl=\skip125
\@stackedboxwidth=\skip126
\@addedbox=\box130
\@anchorbox=\box131
\stackedbox=\box132
\@centerbox=\box133
\c@ROWcellindex@=\count333
)
(/usr/share/texlive/texmf-dist/tex/latex/esvect/esvect.sty
Package: esvect 
\symesvector=\mathgroup10
)
(/usr/share/texlive/texmf-dist/tex/latex/multirow/multirow.sty
Package: multirow 2019/05/31 v2.5 Span multiple rows of a table
\multirow@colwidth=\skip127
\multirow@cntb=\count334
\multirow@dima=\skip128
\bigstrutjot=\dimen319
)
(/usr/share/texlive/texmf-dist/tex/latex/tools/longtable.sty
Package: longtable 2020/01/07 v4.13 Multi-page Table package (DPC)
\LTleft=\skip129
\LTright=\skip130
\LTpre=\skip131
\LTpost=\skip132
\LTchunksize=\count335
\LTcapwidth=\dimen320
\LT@head=\box134
\LT@firsthead=\box135
\LT@foot=\box136
\LT@lastfoot=\box137
\LT@cols=\count336
\LT@rows=\count337
\c@LT@tables=\count338
\c@LT@chunks=\count339
\LT@p@ftn=\toks44
)
(/usr/share/texlive/texmf-dist/tex/latex/mathtools/mathtools.sty
Package: mathtools 2020/01/17 v1.23 mathematical typesetting tools

(/usr/share/texlive/texmf-dist/tex/latex/mathtools/mhsetup.sty
Package: mhsetup 2017/03/31 v1.3 programming setup (MH)
)
LaTeX Info: Thecontrolsequence`\('isalreadyrobust on input line 129.
LaTeX Info: Thecontrolsequence`\)'isalreadyrobust on input line 129.
LaTeX Info: Thecontrolsequence`\['isalreadyrobust on input line 129.
LaTeX Info: Thecontrolsequence`\]'isalreadyrobust on input line 129.
\g_MT_multlinerow_int=\count340
\l_MT_multwidth_dim=\dimen321
\origjot=\skip133
\l_MT_shortvdotswithinadjustabove_dim=\dimen322
\l_MT_shortvdotswithinadjustbelow_dim=\dimen323
\l_MT_above_intertext_sep=\dimen324
\l_MT_below_intertext_sep=\dimen325
\l_MT_above_shortintertext_sep=\dimen326
\l_MT_below_shortintertext_sep=\dimen327
)
(/usr/share/texlive/texmf-dist/tex/latex/imakeidx/imakeidx.sty
Package: imakeidx 2016/10/15 v1.3e Package for typesetting indices in a synchro
nous mode

(/usr/share/texlive/texmf-dist/tex/generic/iftex/ifxetex.sty
Package: ifxetex 2019/10/25 v0.7 ifxetex legacy package. Use iftex instead.
))
\geo@idxfile=\write6
\openout6 = `geo.idx'.


Writing index file geo.idx
(/usr/share/texlive/texmf-dist/tex/latex/footmisc/footmisc.sty
Package: footmisc 2011/06/06 v5.5b a miscellany of footnote facilities
\FN@temptoken=\toks45
\footnotemargin=\dimen328
\c@pp@next@reset=\count341
Package footmisc Info: Declaring symbol style bringhurst on input line 855.
Package footmisc Info: Declaring symbol style chicago on input line 863.
Package footmisc Info: Declaring symbol style wiley on input line 872.
Package footmisc Info: Declaring symbol style lamport-robust on input line 883.

Package footmisc Info: Declaring symbol style lamport* on input line 903.
Package footmisc Info: Declaring symbol style lamport*-robust on input line 924
.
)
(/usr/share/texlive/texmf-dist/tex/latex/bigfoot/perpage.sty
Package: perpage 2014/10/25 2.0 Reset/sort counters per page
\c@abspage=\count342
)
\c@pp@a@footnote=\count343

(/usr/share/texlive/texmf-dist/tex/latex/enumitem/enumitem.sty
Package: enumitem 2019/06/20 v3.9 Customized lists
\enitkv@toks@=\toks46
\labelindent=\skip134
\enit@outerparindent=\dimen329
\enit@toks=\toks47
\enit@inbox=\box138
\enit@count@id=\count344
\enitdp@description=\count345
)
\c@rg=\count346
\c@opg=\count347
\c@vedl=\count348
\c@vedleq=\count349

(/usr/share/texlive/texmf-dist/tex/latex/listings/listings.sty
\lst@mode=\count350
\lst@gtempboxa=\box139
\lst@token=\toks48
\lst@length=\count351
\lst@currlwidth=\dimen330
\lst@column=\count352
\lst@pos=\count353
\lst@lostspace=\dimen331
\lst@width=\dimen332
\lst@newlines=\count354
\lst@lineno=\count355
\lst@maxwidth=\dimen333

(/usr/share/texlive/texmf-dist/tex/latex/listings/lstmisc.sty
File: lstmisc.sty 2019/09/10 1.8c (Carsten Heinz)
\c@lstnumber=\count356
\lst@skipnumbers=\count357
\lst@framebox=\box140
)
(/usr/share/texlive/texmf-dist/tex/latex/listings/listings.cfg
File: listings.cfg 2019/09/10 1.8c listings configuration
))
Package: listings 2019/09/10 1.8c (Carsten Heinz)

(/usr/share/texlive/texmf-dist/tex/latex/datetime2/datetime2.sty
Package: datetime2 2019/11/11 v1.5.5 (NLCT) date and time formats

(/usr/share/texlive/texmf-dist/tex/latex/tracklang/tracklang.sty
Package: tracklang 2019/11/30 v1.4 (NLCT) Track Languages

(/usr/share/texlive/texmf-dist/tex/generic/tracklang/tracklang.tex))
(/usr/share/texlive/texmf-dist/tex/latex/datetime2-english/datetime2-english.ld
f
File: datetime2-english.ldf 2019/10/21 v1.05 (NLCT)

(/usr/share/texlive/texmf-dist/tex/latex/datetime2-english/datetime2-english-ba
se.ldf
File: datetime2-english-base.ldf 2019/10/21 v1.05 (NLCT)
)))) (/usr/share/texlive/texmf-dist/tex/latex/hyperref/hyperref.sty
Package: hyperref 2020/01/14 v7.00d Hypertext links for LaTeX

(/usr/share/texlive/texmf-dist/tex/latex/pdftexcmds/pdftexcmds.sty
Package: pdftexcmds 2019/11/24 v0.31 Utility functions of pdfTeX for LuaTeX (HO
)

(/usr/share/texlive/texmf-dist/tex/generic/infwarerr/infwarerr.sty
Package: infwarerr 2019/12/03 v1.5 Providing info/warning/error messages (HO)
)
Package pdftexcmds Info: \pdf@primitive is available.
Package pdftexcmds Info: \pdf@ifprimitive is available.
Package pdftexcmds Info: \pdfdraftmode found.
)
(/usr/share/texlive/texmf-dist/tex/generic/kvdefinekeys/kvdefinekeys.sty
Package: kvdefinekeys 2019-12-19 v1.6 Define keys (HO)
)
(/usr/share/texlive/texmf-dist/tex/generic/pdfescape/pdfescape.sty
Package: pdfescape 2019/12/09 v1.15 Implements pdfTeX's escape features (HO)
)
(/usr/share/texlive/texmf-dist/tex/latex/hycolor/hycolor.sty
Package: hycolor 2020-01-27 v1.10 Color options for hyperref/bookmark (HO)
)
(/usr/share/texlive/texmf-dist/tex/latex/letltxmacro/letltxmacro.sty
Package: letltxmacro 2019/12/03 v1.6 Let assignment for LaTeX macros (HO)
)
(/usr/share/texlive/texmf-dist/tex/latex/auxhook/auxhook.sty
Package: auxhook 2019-12-17 v1.6 Hooks for auxiliary files (HO)
)
\@linkdim=\dimen334
\Hy@linkcounter=\count358
\Hy@pagecounter=\count359

(/usr/share/texlive/texmf-dist/tex/latex/hyperref/pd1enc.def
File: pd1enc.def 2020/01/14 v7.00d Hyperref: PDFDocEncoding definition (HO)
Now handling font encoding PD1 ...
... no UTF-8 mapping file for font encoding PD1
)
(/usr/share/texlive/texmf-dist/tex/generic/intcalc/intcalc.sty
Package: intcalc 2019/12/15 v1.3 Expandable calculations with integers (HO)
)
(/usr/share/texlive/texmf-dist/tex/generic/etexcmds/etexcmds.sty
Package: etexcmds 2019/12/15 v1.7 Avoid name clashes with e-TeX commands (HO)
)
\Hy@SavedSpaceFactor=\count360
\pdfmajorversion=\count361
Package hyperref Info: Hyper figures OFF on input line 4547.
Package hyperref Info: Link nesting OFF on input line 4552.
Package hyperref Info: Hyper index ON on input line 4555.
Package hyperref Info: Plain pages OFF on input line 4562.
Package hyperref Info: Backreferencing OFF on input line 4567.
Package hyperref Info: Implicit mode ON; LaTeX internals redefined.
Package hyperref Info: Bookmarks ON on input line 4800.
\c@Hy@tempcnt=\count362

(/usr/share/texlive/texmf-dist/tex/latex/url/url.sty
\Urlmuskip=\muskip17
Package: url 2013/09/16  ver 3.4  Verb mode for urls, etc.
)
LaTeX Info: Redefining \url on input line 5159.
\XeTeXLinkMargin=\dimen335

(/usr/share/texlive/texmf-dist/tex/generic/bitset/bitset.sty
Package: bitset 2019/12/09 v1.3 Handle bit-vector datatype (HO)

(/usr/share/texlive/texmf-dist/tex/generic/bigintcalc/bigintcalc.sty
Package: bigintcalc 2019/12/15 v1.5 Expandable calculations on big integers (HO
)
))
\Fld@menulength=\count363
\Field@Width=\dimen336
\Fld@charsize=\dimen337
Package hyperref Info: Hyper figures OFF on input line 6430.
Package hyperref Info: Link nesting OFF on input line 6435.
Package hyperref Info: Hyper index ON on input line 6438.
Package hyperref Info: backreferencing OFF on input line 6445.
Package hyperref Info: Link coloring OFF on input line 6450.
Package hyperref Info: Link coloring with OCG OFF on input line 6455.
Package hyperref Info: PDF/A mode OFF on input line 6460.
LaTeX Info: Redefining \ref on input line 6500.
LaTeX Info: Redefining \pageref on input line 6504.

(/usr/share/texlive/texmf-dist/tex/generic/atbegshi/atbegshi.sty
Package: atbegshi 2019/12/05 v1.19 At begin shipout hook (HO)
)
\Hy@abspage=\count364
\c@Item=\count365
\c@Hfootnote=\count366
)
Package hyperref Info: Driver: hpdftex.

(/usr/share/texlive/texmf-dist/tex/latex/hyperref/hpdftex.def
File: hpdftex.def 2020/01/14 v7.00d Hyperref driver for pdfTeX

(/usr/share/texlive/texmf-dist/tex/latex/atveryend/atveryend.sty
Package: atveryend 2019-12-11 v1.11 Hooks at the very end of document (HO)
)
\Fld@listcount=\count367
\c@bookmark@seq@number=\count368

(/usr/share/texlive/texmf-dist/tex/latex/rerunfilecheck/rerunfilecheck.sty
Package: rerunfilecheck 2019/12/05 v1.9 Rerun checks for auxiliary files (HO)

(/usr/share/texlive/texmf-dist/tex/generic/uniquecounter/uniquecounter.sty
Package: uniquecounter 2019/12/15 v1.4 Provide unlimited unique counter (HO)
)
Package uniquecounter Info: New unique counter `rerunfilecheck' on input line 2
86.
)
\Hy@SectionHShift=\skip135
)
(../nn.tex) (./geo.aux)
\openout1 = `geo.aux'.

LaTeX Font Info:    Checking defaults for OML/cmm/m/it on input line 6.
LaTeX Font Info:    ... okay on input line 6.
LaTeX Font Info:    Checking defaults for OMS/cmsy/m/n on input line 6.
LaTeX Font Info:    ... okay on input line 6.
LaTeX Font Info:    Checking defaults for OT1/cmr/m/n on input line 6.
LaTeX Font Info:    ... okay on input line 6.
LaTeX Font Info:    Checking defaults for T1/cmr/m/n on input line 6.
LaTeX Font Info:    ... okay on input line 6.
LaTeX Font Info:    Checking defaults for TS1/cmr/m/n on input line 6.
LaTeX Font Info:    ... okay on input line 6.
LaTeX Font Info:    Checking defaults for OMX/cmex/m/n on input line 6.
LaTeX Font Info:    ... okay on input line 6.
LaTeX Font Info:    Checking defaults for U/cmr/m/n on input line 6.
LaTeX Font Info:    ... okay on input line 6.
LaTeX Font Info:    Checking defaults for PD1/pdf/m/n on input line 6.
LaTeX Font Info:    ... okay on input line 6.
LaTeX Font Info:    Trying to load font information for T1+lmr on input line 6.

 (/usr/share/texmf/tex/latex/lm/t1lmr.fd
File: t1lmr.fd 2009/10/30 v1.6 Font defs for Latin Modern
)
*geometry* detected driver: pdftex

Package geometry Warning: The marginal notes overrun the paper.
     Add 17.78496pt and more to the right margin.

*geometry* verbose mode - [ preamble ] result:
* driver: pdftex
* paper: custom
* layout: <same size as paper>
* layoutoffset:(h,v)=(0.0pt,0.0pt)
* modes: 
* h-part:(L,W,R)=(65.44142pt, 341.43307pt, 51.21504pt)
* v-part:(T,H,B)=(51.21504pt, 574.74559pt, 56.9055pt)
* \paperwidth=458.08954pt
* \paperheight=682.86613pt
* \textwidth=341.43307pt
* \textheight=574.74559pt
* \oddsidemargin=-6.82857pt
* \evensidemargin=-6.82857pt
* \topmargin=-58.05495pt
* \headheight=12.0pt
* \headsep=25.0pt
* \topskip=11.0pt
* \footskip=30.0pt
* \marginparwidth=59.0pt
* \marginparsep=10.0pt
* \columnsep=10.0pt
* \skip\footins=10.0pt plus 4.0pt minus 2.0pt
* \hoffset=0.0pt
* \voffset=0.0pt
* \mag=1000
* \@twocolumnfalse
* \@twosidefalse
* \@mparswitchfalse
* \@reversemarginfalse
* (1in=72.27pt=25.4mm, 1cm=28.453pt)

(/usr/share/texlive/texmf-dist/tex/context/base/mkii/supp-pdf.mkii
[Loading MPS to PDF converter (version 2006.09.02).]
\scratchcounter=\count369
\scratchdimen=\dimen338
\scratchbox=\box141
\nofMPsegments=\count370
\nofMParguments=\count371
\everyMPshowfont=\toks49
\MPscratchCnt=\count372
\MPscratchDim=\dimen339
\MPnumerator=\count373
\makeMPintoPDFobject=\count374
\everyMPtoPDFconversion=\toks50
) (/usr/share/texlive/texmf-dist/tex/latex/epstopdf-pkg/epstopdf-base.sty
Package: epstopdf-base 2020-01-24 v2.11 Base part for package epstopdf
Package epstopdf-base Info: Redefining graphics rule for `.eps' on input line 4
85.

(/usr/share/texlive/texmf-dist/tex/latex/latexconfig/epstopdf-sys.cfg
File: epstopdf-sys.cfg 2010/07/13 v1.3 Configuration of (r)epstopdf for TeX Liv
e
))
ABD: EverySelectfont initializing macros
LaTeX Info: Redefining \selectfont on input line 6.
Package caption Info: Begin \AtBeginDocument code.
Package caption Info: subfig package v1.3 is loaded.
Package caption Info: hyperref package is loaded.
Package caption Info: listings package is loaded.
Package caption Info: longtable package is loaded.

(/usr/share/texlive/texmf-dist/tex/latex/caption/ltcaption.sty
Package: ltcaption 2018/08/26 v1.4a longtable captions (AR)
)
Package caption Info: wrapfig package is loaded.
Package caption Info: End \AtBeginDocument code.

ABD: EveryShipout initializing macros
\c@lstlisting=\count375
\AtBeginShipoutBox=\box142
Package hyperref Info: Link coloring OFF on input line 6.

(/usr/share/texlive/texmf-dist/tex/latex/hyperref/nameref.sty
Package: nameref 2019/09/16 v2.46 Cross-referencing by name of section

(/usr/share/texlive/texmf-dist/tex/latex/refcount/refcount.sty
Package: refcount 2019/12/15 v3.6 Data extraction from label references (HO)
)
(/usr/share/texlive/texmf-dist/tex/generic/gettitlestring/gettitlestring.sty
Package: gettitlestring 2019/12/15 v1.6 Cleanup title references (HO)
)
\c@section@level=\count376
)
LaTeX Info: Redefining \ref on input line 6.
LaTeX Info: Redefining \pageref on input line 6.
LaTeX Info: Redefining \nameref on input line 6.

(./geo.out) (./geo.out)
\@outlinefile=\write7
\openout7 = `geo.out'.

LaTeX Font Info:    Trying to load font information for OT1+lmr on input line 1
0.
 (/usr/share/texmf/tex/latex/lm/ot1lmr.fd
File: ot1lmr.fd 2009/10/30 v1.6 Font defs for Latin Modern
)
LaTeX Font Info:    Trying to load font information for OML+lmm on input line 1
0.

(/usr/share/texmf/tex/latex/lm/omllmm.fd
File: omllmm.fd 2009/10/30 v1.6 Font defs for Latin Modern
)
LaTeX Font Info:    Trying to load font information for OMS+lmsy on input line 
10.

(/usr/share/texmf/tex/latex/lm/omslmsy.fd
File: omslmsy.fd 2009/10/30 v1.6 Font defs for Latin Modern
)
LaTeX Font Info:    Trying to load font information for OMX+lmex on input line 
10.

(/usr/share/texmf/tex/latex/lm/omxlmex.fd
File: omxlmex.fd 2009/10/30 v1.6 Font defs for Latin Modern
)
LaTeX Font Info:    External font `lmex10' loaded for size
(Font)              <10.95> on input line 10.
LaTeX Font Info:    External font `lmex10' loaded for size
(Font)              <8> on input line 10.
LaTeX Font Info:    External font `lmex10' loaded for size
(Font)              <6> on input line 10.
LaTeX Font Info:    Trying to load font information for U+msa on input line 10.


(/usr/share/texlive/texmf-dist/tex/latex/amsfonts/umsa.fd
File: umsa.fd 2013/01/14 v3.01 AMS symbols A
)
LaTeX Font Info:    Trying to load font information for U+msb on input line 10.


(/usr/share/texlive/texmf-dist/tex/latex/amsfonts/umsb.fd
File: umsb.fd 2013/01/14 v3.01 AMS symbols B
)
LaTeX Font Info:    Trying to load font information for U+esint on input line 1
0.

(/usr/share/texlive/texmf-dist/tex/latex/esint/uesint.fd
File: uesint.fd 
)
LaTeX Font Info:    Trying to load font information for U+esvect on input line 
10.

(/usr/share/texlive/texmf-dist/tex/latex/esvect/uesvect.fd
File: uesvect.fd 
)
LaTeX Font Info:    External font `lmex10' loaded for size
(Font)              <9> on input line 10.
LaTeX Font Info:    External font `lmex10' loaded for size
(Font)              <5> on input line 10.


LaTeX Warning: Hyper reference `Koord' on page 1 undefined on input line 10.


LaTeX Warning: Reference `Koord' on page 1 undefined on input line 10.

<../fig/punkt1.pdf, id=32, 81.44427pt x 36.65695pt>
File: ../fig/punkt1.pdf Graphic file (type pdf)
<use ../fig/punkt1.pdf>
Package pdftex.def Info: ../fig/punkt1.pdf  used on input line 11.
(pdftex.def)             Requested size: 81.44406pt x 36.65686pt.
<../fig/linj1.pdf, id=33, 171.21968pt x 43.18132pt>
File: ../fig/linj1.pdf Graphic file (type pdf)
<use ../fig/linj1.pdf>
Package pdftex.def Info: ../fig/linj1.pdf  used on input line 14.
(pdftex.def)             Requested size: 171.21925pt x 43.1812pt.
<../fig/linjstk1.pdf, id=34, 81.44427pt x 36.65695pt>
File: ../fig/linjstk1.pdf Graphic file (type pdf)
<use ../fig/linjstk1.pdf>
Package pdftex.def Info: ../fig/linjstk1.pdf  used on input line 16.
(pdftex.def)             Requested size: 81.44406pt x 36.65686pt.

Underfull \hbox (badness 10000) in paragraph at lines 21--21
[]\T1/lmr/m/n/10.95 Eit linjestykke er eit utk-lipp (eit stykke) av ei linje, d
er-for har ei
 []


Underfull \hbox (badness 10000) in paragraph at lines 21--21
\T1/lmr/m/n/10.95 linje og eit linjestykke mange felles eigen-ska-par. Nr vi s
kriv om
 []


Underfull \hbox (badness 10000) in paragraph at lines 21--21
\T1/lmr/m/n/10.95 lin-jer, vil det bli opp til lesaren  avg-jere om det same g
jeld for
 []

[1


{/var/lib/texmf/fonts/map/pdftex/updmap/pdftex.map} <../fig/punkt1.pdf> <../fig
/linj1.pdf> <../fig/linjstk1.pdf>]
<../fig/linjstk3.pdf, id=63, 139.11975pt x 42.6393pt>
File: ../fig/linjstk3.pdf Graphic file (type pdf)
<use ../fig/linjstk3.pdf>
Package pdftex.def Info: ../fig/linjstk3.pdf  used on input line 30.
(pdftex.def)             Requested size: 139.1194pt x 42.63918pt.

Underfull \hbox (badness 10000) in paragraph at lines 30--30
\T1/lmr/m/n/10.95 Linjestykka $\OML/lmm/m/it/10.95 AB$ \T1/lmr/m/n/10.95 og $\O
ML/lmm/m/it/10.95 CD$ \T1/lmr/m/n/10.95 har lik lengde, men dei er ikkje det sa
me
 []


Underfull \hbox (badness 10000) in paragraph at lines 30--30
\T1/lmr/m/n/10.95 linjestykket. Likevel kjem vi til  skrive $[]$. Vi bruker
 []


Underfull \hbox (badness 10000) in paragraph at lines 30--30
\T1/lmr/m/n/10.95 alts dei same namna p linjestykker og leng-dene deira (det
 []


Underfull \hbox (badness 10000) in paragraph at lines 30--30
\T1/lmr/m/n/10.95 same gjeld for vin-klar og vinkelver-diar, sj side []4[]-[]6
[]). Dette gjer
 []

LaTeX Font Info:    Trying to load font information for TS1+lmr on input line 3
0.
(/usr/share/texmf/tex/latex/lm/ts1lmr.fd
File: ts1lmr.fd 2009/10/30 v1.6 Font defs for Latin Modern
)
Underfull \hbox (badness 10000) in paragraph at lines 30--30
[]\T1/lmr/m/n/10.95 Kva tid vi snakkar om eit linjestykke og kva tid vi snakkar

 []


Underfull \hbox (badness 10000) in paragraph at lines 30--30
\T1/lmr/m/n/10.95 om ei lengde vil komme ty-de-leg fram av saman-hen-gen
 []


Underfull \hbox (badness 10000) in paragraph at lines 30--30
[]\T1/lmr/m/n/10.95  heile tida mtte ha skrive ''lengda til $\OML/lmm/m/it/10
.95 AB$\T1/lmr/m/n/10.95 '' o.l. ville gitt
 []

[2 <../fig/linjstk3.pdf>]
<../fig/linjstk2.pdf, id=76, 81.44427pt x 36.65695pt>
File: ../fig/linjstk2.pdf Graphic file (type pdf)
<use ../fig/linjstk2.pdf>
Package pdftex.def Info: ../fig/linjstk2.pdf  used on input line 34.
(pdftex.def)             Requested size: 81.44406pt x 36.65686pt.

Underfull \hbox (badness 10000) in paragraph at lines 36--36
[][][][]\T1/lmr/m/n/9 Som vi har vore inne p kan \T1/lmr/m/it/9 ra-dius \T1/lm
r/m/n/9 og \T1/lmr/m/it/9 di-am-e-ter \T1/lmr/m/n/9 like gjerne bli brukt om le
ngda til
 []

<../fig/sirk1.pdf, id=78, 117.81013pt x 114.3171pt>
File: ../fig/sirk1.pdf Graphic file (type pdf)
<use ../fig/sirk1.pdf>
Package pdftex.def Info: ../fig/sirk1.pdf  used on input line 37.
(pdftex.def)             Requested size: 117.80983pt x 114.3168pt.
<../fig/sirk3.pdf, id=79, 148.45462pt x 57.40446pt>
File: ../fig/sirk3.pdf Graphic file (type pdf)
<use ../fig/sirk3.pdf>
Package pdftex.def Info: ../fig/sirk3.pdf  used on input line 40.
(pdftex.def)             Requested size: 148.45424pt x 57.4043pt.
[3 <../fig/linjstk2.pdf> <../fig/sirk1.pdf> <../fig/sirk3.pdf>]
<../fig/parl1.pdf, id=101, 112.37985pt x 79.21594pt>
File: ../fig/parl1.pdf Graphic file (type pdf)
<use ../fig/parl1.pdf>
Package pdftex.def Info: ../fig/parl1.pdf  used on input line 44.
(pdftex.def)             Requested size: 112.37956pt x 79.21574pt.
<../fig/parl1a.pdf, id=102, 166.34145pt x 44.0847pt>
File: ../fig/parl1a.pdf Graphic file (type pdf)
<use ../fig/parl1a.pdf>
Package pdftex.def Info: ../fig/parl1a.pdf  used on input line 47.
(pdftex.def)             Requested size: 166.34103pt x 44.08458pt.
<../fig/vink1.pdf, id=103, 114.3171pt x 57.40446pt>
File: ../fig/vink1.pdf Graphic file (type pdf)
<use ../fig/vink1.pdf>
Package pdftex.def Info: ../fig/vink1.pdf  used on input line 51.
(pdftex.def)             Requested size: 114.3168pt x 57.4043pt.
<../fig/vink2.pdf, id=104, 141.43842pt x 79.3364pt>
File: ../fig/vink2.pdf Graphic file (type pdf)
<use ../fig/vink2.pdf>
Package pdftex.def Info: ../fig/vink2.pdf  used on input line 57.
(pdftex.def)             Requested size: 141.43805pt x 79.33618pt.
 [4 <../fig/parl1.pdf> <../fig/parl1a.pdf> <../fig/vink1.pdf> <../fig/vink2.pdf
>]
<../fig/vink3.pdf, id=127, 299.25804pt x 354.01259pt>
File: ../fig/vink3.pdf Graphic file (type pdf)
<use ../fig/vink3.pdf>
Package pdftex.def Info: ../fig/vink3.pdf  used on input line 61.
(pdftex.def)             Requested size: 299.2573pt x 354.0117pt.
<../fig/vink3a.pdf, id=128, 83.37148pt x 59.93391pt>
File: ../fig/vink3a.pdf Graphic file (type pdf)
<use ../fig/vink3a.pdf>
Package pdftex.def Info: ../fig/vink3a.pdf  used on input line 64.
(pdftex.def)             Requested size: 83.37125pt x 59.93376pt.
 [5 <../fig/vink3.pdf> <../fig/vink3a.pdf>]
Underfull \hbox (badness 10000) in paragraph at lines 71--71
[]\T1/lmr/m/n/10.95 Nr to linjestykker m-tast i eit felles punkt, dan-nar dei
 strengt
 []


Underfull \hbox (badness 10000) in paragraph at lines 71--71
\T1/lmr/m/n/10.95 tatt to vin-klar; den eine strre eller lik $\OT1/lmr/m/n/10.
95 180[]$\T1/lmr/m/n/10.95 , den an-dre min-dre
 []


Underfull \hbox (badness 10000) in paragraph at lines 71--71
\T1/lmr/m/n/10.95 eller lik $\OT1/lmr/m/n/10.95 180[]$\T1/lmr/m/n/10.95 . I dei
 aller fleste saman-hen-gar er det den min-ste
 []


Underfull \hbox (badness 10000) in paragraph at lines 71--71
\T1/lmr/m/n/10.95 vinke-len vi nsker  stud-ere, og der-for er det van-leg  d
e-finere
 []


Underfull \hbox (badness 10000) in paragraph at lines 71--71
\U/msa/m/n/10.95 \\OML/lmm/m/it/10.95 AOB$ \T1/lmr/m/n/10.95 som den \T1/lmr/m/
sl/10.95 min-ste \T1/lmr/m/n/10.95 vinke-len danna av linjestykka $\OML/lmm/m/i
t/10.95 OA$ \T1/lmr/m/n/10.95 og
 []

<../fig/vink2a.pdf, id=147, 90.68881pt x 56.99292pt>
File: ../fig/vink2a.pdf Graphic file (type pdf)
<use ../fig/vink2a.pdf>
Package pdftex.def Info: ../fig/vink2a.pdf  used on input line 71.
(pdftex.def)             Requested size: 90.68858pt x 56.99277pt.

Underfull \hbox (badness 10000) in paragraph at lines 71--71
\T1/lmr/m/n/10.95 S lenge det berre er to linjestykker/lin-jer til stades, er 
det ogs
 []

<../fig/vink2b.pdf, id=148, 76.19467pt x 51.85373pt>
File: ../fig/vink2b.pdf Graphic file (type pdf)
<use ../fig/vink2b.pdf>
Package pdftex.def Info: ../fig/vink2b.pdf  used on input line 71.
(pdftex.def)             Requested size: 76.19447pt x 51.85358pt.
[6 <../fig/vink2a.pdf> <../fig/vink2b.pdf>]
Underfull \hbox (badness 10000) in paragraph at lines 77--77
[]\T1/lmr/m/n/10.95 To mot-stande vin-klar med felles top-punkt kallast \T1/lm
r/m/it/10.95 top-pvin-klar[]\T1/lmr/m/n/10.95 .
 []

<../fig/vink4a.pdf, id=166, 114.3171pt x 65.78578pt>
File: ../fig/vink4a.pdf Graphic file (type pdf)
<use ../fig/vink4a.pdf>
Package pdftex.def Info: ../fig/vink4a.pdf  used on input line 77.
(pdftex.def)             Requested size: 114.3168pt x 65.78561pt.
<../fig/vink4aa.pdf, id=168, 140.28409pt x 87.71771pt>
File: ../fig/vink4aa.pdf Graphic file (type pdf)
<use ../fig/vink4aa.pdf>
Package pdftex.def Info: ../fig/vink4aa.pdf  used on input line 86.
(pdftex.def)             Requested size: 140.28374pt x 87.71748pt.

Underfull \hbox (badness 10000) in paragraph at lines 86--86
\T1/lmr/m/n/10.95 Dette m bety at $[]$. Tilsvarande er
 []

[7 <../fig/vink4a.pdf> <../fig/vink4aa.pdf>]
<../fig/kant1.pdf, id=182, 261.27611pt x 115.20038pt>
File: ../fig/kant1.pdf Graphic file (type pdf)
<use ../fig/kant1.pdf>
Package pdftex.def Info: ../fig/kant1.pdf  used on input line 99.
(pdftex.def)             Requested size: 261.27547pt x 115.20007pt.

Overfull \hbox (0.6937pt too wide) in paragraph at lines 100--101
\T1/lmr/m/n/10.95 der kan-tane m-tast kallar vi \T1/lmr/m/it/10.95 hjrner[]\T
1/lmr/m/n/10.95 . Trekan-ten un-der har alts hjrna 
 []

<../fig/kant2.pdf, id=183, 110.29205pt x 65.11327pt>
File: ../fig/kant2.pdf Graphic file (type pdf)
<use ../fig/kant2.pdf>
Package pdftex.def Info: ../fig/kant2.pdf  used on input line 101.
(pdftex.def)             Requested size: 110.29178pt x 65.1131pt.

Underfull \hbox (badness 10000) in paragraph at lines 105--105
[]\T1/lmr/m/n/10.95 Ofte kjem vi til  skrive berre ein bok-stav for  markere 
eit
 []

<../fig/kant2b.pdf, id=184, 110.29205pt x 65.11327pt>
File: ../fig/kant2b.pdf Graphic file (type pdf)
<use ../fig/kant2b.pdf>
Package pdftex.def Info: ../fig/kant2b.pdf  used on input line 105.
(pdftex.def)             Requested size: 110.29178pt x 65.1131pt.
<../fig/kant7.pdf, id=185, 75.75302pt x 64.25005pt>
File: ../fig/kant7.pdf Graphic file (type pdf)
<use ../fig/kant7.pdf>
Package pdftex.def Info: ../fig/kant7.pdf  used on input line 109.
(pdftex.def)             Requested size: 75.75282pt x 64.24988pt.
[8 <../fig/kant1.pdf> <../fig/kant2.pdf> <../fig/kant2b.pdf> <../fig/kant7.pdf>
]
<../fig/tri15.pdf, id=205, 197.56812pt x 101.51927pt>
File: ../fig/tri15.pdf Graphic file (type pdf)
<use ../fig/tri15.pdf>
Package pdftex.def Info: ../fig/tri15.pdf  used on input line 113.
(pdftex.def)             Requested size: 197.56761pt x 101.51901pt.
<../fig/tri15b.pdf, id=206, 177.22209pt x 219.04836pt>
File: ../fig/tri15b.pdf Graphic file (type pdf)
<use ../fig/tri15b.pdf>
Package pdftex.def Info: ../fig/tri15b.pdf  used on input line 115.
(pdftex.def)             Requested size: 177.22165pt x 219.04782pt.

Underfull \hbox (badness 10000) in paragraph at lines 116--116
[]\T1/lmr/m/n/10.95 Hgde og grunnlinje kan ogs p lik-nande vis bli brukt i s
am-
 []

[9 <../fig/tri15.pdf> <../fig/tri15b.pdf>]
<../fig/kant4e.pdf, id=227, 240.4985pt x 24.63202pt>
File: ../fig/kant4e.pdf Graphic file (type pdf)
<use ../fig/kant4e.pdf>
Package pdftex.def Info: ../fig/kant4e.pdf  used on input line 158.
(pdftex.def)             Requested size: 240.4979pt x 24.63194pt.
<../fig/kant4a.pdf, id=228, 66.29768pt x 27.53287pt>
File: ../fig/kant4a.pdf Graphic file (type pdf)
<use ../fig/kant4a.pdf>
Package pdftex.def Info: ../fig/kant4a.pdf  used on input line 158.
(pdftex.def)             Requested size: 66.29752pt x 27.53279pt.

Overfull \hbox (3.63054pt too wide) in paragraph at lines 158--158
$[]$ $[]$ 
 []

<../fig/kant4b.pdf, id=229, 57.40446pt x 34.64944pt>
File: ../fig/kant4b.pdf Graphic file (type pdf)
<use ../fig/kant4b.pdf>
Package pdftex.def Info: ../fig/kant4b.pdf  used on input line 158.
(pdftex.def)             Requested size: 57.4043pt x 34.64934pt.

Overfull \hbox (3.63054pt too wide) in paragraph at lines 158--158
[]$[]$ $[]$ 
 []

<../fig/kant4c.pdf, id=230, 28.95819pt x 40.74222pt>
File: ../fig/kant4c.pdf Graphic file (type pdf)
<use ../fig/kant4c.pdf>
Package pdftex.def Info: ../fig/kant4c.pdf  used on input line 158.
(pdftex.def)             Requested size: 28.95811pt x 40.74211pt.

Overfull \hbox (3.63054pt too wide) in paragraph at lines 158--158
[]$[]$ $[]$ 
 []

<../fig/kant4d.pdf, id=231, 43.18132pt x 37.45995pt>
File: ../fig/kant4d.pdf Graphic file (type pdf)
<use ../fig/kant4d.pdf>
Package pdftex.def Info: ../fig/kant4d.pdf  used on input line 158.
(pdftex.def)             Requested size: 43.1812pt x 37.45984pt.

Overfull \hbox (3.63054pt too wide) in paragraph at lines 158--158
[]$[]$ $[]$ 
 []


Underfull \hbox (badness 10000) in paragraph at lines 161--161
[]\T1/lmr/m/n/10.95 Da ein likesida trekant har tre sider som er like lange og 
tre
 []


Underfull \hbox (badness 10000) in paragraph at lines 164--164
[]\T1/lmr/m/n/10.95 Den leng-ste sida i ein rettvin-kla trekant blir gjerne kal
la \T1/lmr/m/it/10.95 hy-
 []

<../fig/kant5.pdf, id=232, 109.89055pt x 92.12418pt>
File: ../fig/kant5.pdf Graphic file (type pdf)
<use ../fig/kant5.pdf>
Package pdftex.def Info: ../fig/kant5.pdf  used on input line 168.
(pdftex.def)             Requested size: 109.89026pt x 92.12393pt.
<../fig/geo10.pdf, id=234, 123.9832pt x 120.00835pt>
File: ../fig/geo10.pdf Graphic file (type pdf)
<use ../fig/geo10.pdf>
Package pdftex.def Info: ../fig/geo10.pdf  used on input line 175.
(pdftex.def)             Requested size: 123.9829pt x 120.00803pt.

Underfull \hbox (badness 10000) in paragraph at lines 175--175
\T1/lmr/m/n/10.95 Vi teik-nar eit linjestykke $\OML/lmm/m/it/10.95 FG$ \T1/lmr/
m/n/10.95 som gr gjen-nom $\OML/lmm/m/it/10.95 C$ \T1/lmr/m/n/10.95 og som er
 []


Underfull \hbox (badness 10000) in paragraph at lines 175--175
\T1/lmr/m/n/10.95 par-al-lell med $\OML/lmm/m/it/10.95 AB$\T1/lmr/m/n/10.95 . V
i-dare sett vi punk-tet $\OML/lmm/m/it/10.95 E$ \T1/lmr/m/n/10.95 og $\OML/lmm/
m/it/10.95 D$ \T1/lmr/m/n/10.95 p for-len-gelsen
 []


Underfull \hbox (badness 10000) in paragraph at lines 175--175
\T1/lmr/m/n/10.95 av hvesvis $\OML/lmm/m/it/10.95 AC$ \T1/lmr/m/n/10.95 og $\O
ML/lmm/m/it/10.95 BC$\T1/lmr/m/n/10.95 . Da er $[]$ og $[]$.
 []

[10

 <../fig/kant4e.pdf> <../fig/kant4a.pdf> <../fig/kant4b.pdf> <../fig/kant4c.pdf
> <../fig/kant4d.pdf>]
<../fig/kant3g.pdf, id=255, 310.48997pt x 25.696pt>
File: ../fig/kant3g.pdf Graphic file (type pdf)
<use ../fig/kant3g.pdf>
Package pdftex.def Info: ../fig/kant3g.pdf  used on input line 234.
(pdftex.def)             Requested size: 310.4892pt x 25.69592pt.
<../fig/kant3a.pdf, id=256, 43.18132pt x 43.18132pt>
File: ../fig/kant3a.pdf Graphic file (type pdf)
<use ../fig/kant3a.pdf>
Package pdftex.def Info: ../fig/kant3a.pdf  used on input line 234.
(pdftex.def)             Requested size: 43.1812pt x 43.1812pt.

Overfull \hbox (3.63054pt too wide) in paragraph at lines 234--234
[]$[]$ $[]$ 
 []

<../fig/kant3b.pdf, id=257, 71.63763pt x 28.95819pt>
File: ../fig/kant3b.pdf Graphic file (type pdf)
<use ../fig/kant3b.pdf>
Package pdftex.def Info: ../fig/kant3b.pdf  used on input line 234.
(pdftex.def)             Requested size: 71.63744pt x 28.95811pt.

Overfull \hbox (3.63054pt too wide) in paragraph at lines 234--234
[]$[]$ $[]$ 
 []

<../fig/kant3c.pdf, id=258, 85.86078pt x 14.725pt>
File: ../fig/kant3c.pdf Graphic file (type pdf)
<use ../fig/kant3c.pdf>
Package pdftex.def Info: ../fig/kant3c.pdf  used on input line 234.
(pdftex.def)             Requested size: 85.86057pt x 14.72496pt.

Overfull \hbox (3.63054pt too wide) in paragraph at lines 234--234
[]$[]$ $[]$ 
 []

<../fig/kant3d.pdf, id=259, 53.60025pt x 14.725pt>
File: ../fig/kant3d.pdf Graphic file (type pdf)
<use ../fig/kant3d.pdf>
Package pdftex.def Info: ../fig/kant3d.pdf  used on input line 234.
(pdftex.def)             Requested size: 53.6001pt x 14.72496pt.

Overfull \hbox (3.63054pt too wide) in paragraph at lines 234--234
[]$[]$ $[]$ 
 []

<../fig/kant3e.pdf, id=260, 43.18132pt x 28.95819pt>
File: ../fig/kant3e.pdf Graphic file (type pdf)
<use ../fig/kant3e.pdf>
Package pdftex.def Info: ../fig/kant3e.pdf  used on input line 234.
(pdftex.def)             Requested size: 43.1812pt x 28.95811pt.

Overfull \hbox (3.63054pt too wide) in paragraph at lines 234--234
[]$[]$ $[]$ 
 []

<../fig/kant3f.pdf, id=261, 28.95819pt x 28.95819pt>
File: ../fig/kant3f.pdf Graphic file (type pdf)
<use ../fig/kant3f.pdf>
Package pdftex.def Info: ../fig/kant3f.pdf  used on input line 234.
(pdftex.def)             Requested size: 28.95811pt x 28.95811pt.

Overfull \hbox (3.63054pt too wide) in paragraph at lines 234--234
[]$[]$ $[]$ 
 []


Underfull \hbox (badness 10000) in paragraph at lines 241--241
[]\T1/lmr/m/n/10.95 Kvadratet er bde ei rombe og eit rek-tan-gel, og ''ar-var'
' der-for
 []

[11 <../fig/kant5.pdf> <../fig/geo10.pdf>]
<../fig/kant6.pdf, id=276, 126.96434pt x 106.06625pt>
File: ../fig/kant6.pdf Graphic file (type pdf)
<use ../fig/kant6.pdf>
Package pdftex.def Info: ../fig/kant6.pdf  used on input line 248.
(pdftex.def)             Requested size: 126.96402pt x 106.06598pt.

Underfull \hbox (badness 10000) in paragraph at lines 252--252
[]\T1/lmr/m/n/10.95 Den samla vinkel-sum-men i $\OMS/lmsy/m/n/10.95 4\OML/lmm/m
/it/10.95 ABD$ \T1/lmr/m/n/10.95 og $\OMS/lmsy/m/n/10.95 4\OML/lmm/m/it/10.95 B
CD$ \T1/lmr/m/n/10.95 ut-g-jer vinkel-
 []


Underfull \hbox (badness 10000) in paragraph at lines 252--252
\T1/lmr/m/n/10.95 sum-men i $\U/msa/m/n/10.95 ^^C\OML/lmm/m/it/10.95 ABCD$\T1/l
mr/m/n/10.95 . Av [][]regel 0.3[][][] veit vi at vinkel-sum-men i
 []


Underfull \hbox (badness 10000) in paragraph at lines 252--252
\T1/lmr/m/n/10.95 alle trekan-tar er $\OT1/lmr/m/n/10.95 180[]$\T1/lmr/m/n/10.9
5 , alts er vinkel-sum-men i $\U/msa/m/n/10.95 ^^C\OML/lmm/m/it/10.95 ABCD$ \T
1/lmr/m/n/10.95 lik
 []

<../fig/kant6a.pdf, id=279, 126.96434pt x 106.06625pt>
File: ../fig/kant6a.pdf Graphic file (type pdf)
<use ../fig/kant6a.pdf>
Package pdftex.def Info: ../fig/kant6a.pdf  used on input line 252.
(pdftex.def)             Requested size: 126.96402pt x 106.06598pt.
[12 <../fig/kant3g.pdf> <../fig/kant3a.pdf> <../fig/kant3b.pdf> <../fig/kant3c.
pdf> <../fig/kant3d.pdf> <../fig/kant3e.pdf> <../fig/kant3f.pdf>] [13 <../fig/k
ant6.pdf> <../fig/kant6a.pdf>]
<../fig/geo1.pdf, id=317, 71.63763pt x 57.40446pt>
File: ../fig/geo1.pdf Graphic file (type pdf)
<use ../fig/geo1.pdf>
Package pdftex.def Info: ../fig/geo1.pdf  used on input line 255.
(pdftex.def)             Requested size: 71.63744pt x 57.4043pt.
<../fig/geo1a.pdf, id=318, 111.4062pt x 100.33485pt>
File: ../fig/geo1a.pdf Graphic file (type pdf)
<use ../fig/geo1a.pdf>
Package pdftex.def Info: ../fig/geo1a.pdf  used on input line 257.
(pdftex.def)             Requested size: 111.40591pt x 100.3346pt.
<../fig/tri23a.pdf, id=319, 114.3171pt x 46.60411pt>
File: ../fig/tri23a.pdf Graphic file (type pdf)
<use ../fig/tri23a.pdf>
Package pdftex.def Info: ../fig/tri23a.pdf  used on input line 273.
(pdftex.def)             Requested size: 114.3168pt x 46.60397pt.
<../fig/tri23c.pdf, id=320, 171.75166pt x 103.60707pt>
File: ../fig/tri23c.pdf Graphic file (type pdf)
<use ../fig/tri23c.pdf>
Package pdftex.def Info: ../fig/tri23c.pdf  used on input line 273.
(pdftex.def)             Requested size: 171.75122pt x 103.60681pt.
 [14

 <../fig/geo1.pdf> <../fig/geo1a.pdf> <../fig/tri23a.pdf> <../fig/tri23c.pdf>]
Underfull \hbox (badness 10000) in paragraph at lines 284--284
[]\T1/lmr/m/n/10.95 Vi tenker oss eit kvadrat med side-lengder 1. Dette kallar 
vi
 []

<../fig/tri_10.pdf, id=344, 24.6521pt x 26.23802pt>
File: ../fig/tri_10.pdf Graphic file (type pdf)
<use ../fig/tri_10.pdf>
Package pdftex.def Info: ../fig/tri_10.pdf  used on input line 284.
(pdftex.def)             Requested size: 24.65202pt x 26.23795pt.
<../fig/tri11a.pdf, id=345, 53.10841pt x 40.46117pt>
File: ../fig/tri11a.pdf Graphic file (type pdf)
<use ../fig/tri11a.pdf>
Package pdftex.def Info: ../fig/tri11a.pdf  used on input line 287.
(pdftex.def)             Requested size: 53.10828pt x 40.46106pt.
<../fig/tri11.pdf, id=346, 53.10841pt x 40.46117pt>
File: ../fig/tri11.pdf Graphic file (type pdf)
<use ../fig/tri11.pdf>
Package pdftex.def Info: ../fig/tri11.pdf  used on input line 290.
(pdftex.def)             Requested size: 53.10828pt x 40.46106pt.

LaTeX Warning: Hyper reference `Gonging' on page 15 undefined on input line 291
.


LaTeX Warning: Reference `Gonging' on page 15 undefined on input line 291.

[15

 <../fig/tri_10.pdf> <../fig/tri11a.pdf> <../fig/tri11.pdf>]
<../fig/tri12.pdf, id=367, 96.95221pt x 57.36432pt>
File: ../fig/tri12.pdf Graphic file (type pdf)
<use ../fig/tri12.pdf>
Package pdftex.def Info: ../fig/tri12.pdf  used on input line 301.
(pdftex.def)             Requested size: 96.95195pt x 57.36417pt.

Underfull \hbox (badness 10000) in paragraph at lines 302--302
[]\T1/lmr/m/n/10.95 Ofte blir orda \T1/lmr/m/it/10.95 brei-dde[] \T1/lmr/m/n/10
.95 og \T1/lmr/m/it/10.95 lengde[] \T1/lmr/m/n/10.95 brukt om grunnlinja og hg
da i
 []

<../fig/tri12b.pdf, id=369, 90.0966pt x 51.84369pt>
File: ../fig/tri12b.pdf Graphic file (type pdf)
<use ../fig/tri12b.pdf>
Package pdftex.def Info: ../fig/tri12b.pdf  used on input line 308.
(pdftex.def)             Requested size: 90.09637pt x 51.84355pt.
<../fig/tri12c.pdf, id=370, 60.25511pt x 71.75809pt>
File: ../fig/tri12c.pdf Graphic file (type pdf)
<use ../fig/tri12c.pdf>
Package pdftex.def Info: ../fig/tri12c.pdf  used on input line 314.
(pdftex.def)             Requested size: 60.25494pt x 71.7579pt.

Underfull \hbox (badness 10000) in paragraph at lines 315--315
[][][][]\T1/lmr/m/sl/9 Merk\T1/lmr/m/n/9 : Leng-dene vi bruker som ek-sem-pel i
 ein figur vil ikkje naudsyn-leg samsvare
 []


Underfull \hbox (badness 10000) in paragraph at lines 315--315
\T1/lmr/m/n/9 med leng-dene i ein anna figur. Ei side-lengde lik 1 i ein figur 
kan alts vere ko-rtare
 []

[16 <../fig/tri12.pdf> <../fig/tri12b.pdf> <../fig/tri12c.pdf>]
Overfull \hbox (2.74152pt too wide) in paragraph at lines 321--322
[]\T1/lmr/m/n/10.95 La oss finne arealet til ein rettvin-kla trekant med grunnl
inje $\OT1/lmr/m/n/10.95 5$ \T1/lmr/m/n/10.95 og hgde 
 []

<../fig/tri16.pdf, id=394, 110.011pt x 71.75809pt>
File: ../fig/tri16.pdf Graphic file (type pdf)
<use ../fig/tri16.pdf>
Package pdftex.def Info: ../fig/tri16.pdf  used on input line 322.
(pdftex.def)             Requested size: 110.01073pt x 71.7579pt.
<../fig/tri17.pdf, id=395, 110.011pt x 71.75809pt>
File: ../fig/tri17.pdf Graphic file (type pdf)
<use ../fig/tri17.pdf>
Package pdftex.def Info: ../fig/tri17.pdf  used on input line 324.
(pdftex.def)             Requested size: 110.01073pt x 71.7579pt.
[17 <../fig/tri16.pdf> <../fig/tri17.pdf>]
Overfull \hbox (4.57735pt too wide) in paragraph at lines 330--330
[]\T1/lmr/m/it/10.95 2) Til-fel-let der hgda ligg inni trekan-ten, men ikkje h
ar felles en-depunkt 
 []

<../fig/tri20.pdf, id=416, 142.76335pt x 125.82007pt>
File: ../fig/tri20.pdf Graphic file (type pdf)
<use ../fig/tri20.pdf>
Package pdftex.def Info: ../fig/tri20.pdf  used on input line 332.
(pdftex.def)             Requested size: 142.76299pt x 125.81975pt.
<../fig/tri20a.pdf, id=417, 142.76335pt x 125.82007pt>
File: ../fig/tri20a.pdf Graphic file (type pdf)
<use ../fig/tri20a.pdf>
Package pdftex.def Info: ../fig/tri20a.pdf  used on input line 334.
(pdftex.def)             Requested size: 142.76299pt x 125.81975pt.
[18 <../fig/tri20.pdf> <../fig/tri20a.pdf>]
<../fig/tri18.pdf, id=435, 209.59303pt x 60.25511pt>
File: ../fig/tri18.pdf Graphic file (type pdf)
<use ../fig/tri18.pdf>
Package pdftex.def Info: ../fig/tri18.pdf  used on input line 345.
(pdftex.def)             Requested size: 209.59251pt x 60.25494pt.
<../fig/tri18a.pdf, id=436, 294.95195pt x 97.36375pt>
File: ../fig/tri18a.pdf Graphic file (type pdf)
<use ../fig/tri18a.pdf>
Package pdftex.def Info: ../fig/tri18a.pdf  used on input line 347.
(pdftex.def)             Requested size: 294.95122pt x 97.3635pt.
 [19 <../fig/tri18.pdf> <../fig/tri18a.pdf>]
Overfull \hbox (10.88487pt too wide) in paragraph at lines 371--372
[]\T1/lmr/m/n/10.95 Ein av dei tre til-fella vi har stud-ert vil alltid gjelde 
for ei valgt grunnlinje 
 []

<../fig/triar00.pdf, id=455, 320.26653pt x 65.8962pt>
File: ../fig/triar00.pdf Graphic file (type pdf)
<use ../fig/triar00.pdf>
Package pdftex.def Info: ../fig/triar00.pdf  used on input line 376.
(pdftex.def)             Requested size: 320.26573pt x 65.89603pt.

Overfull \hbox (8.99251pt too wide) in paragraph at lines 376--376
 [] 
 []

<../fig/geo16a.pdf, id=456, 78.71407pt x 63.22621pt>
File: ../fig/geo16a.pdf Graphic file (type pdf)
<use ../fig/geo16a.pdf>
Package pdftex.def Info: ../fig/geo16a.pdf  used on input line 385.
(pdftex.def)             Requested size: 78.71387pt x 63.22604pt.
[20 <../fig/triar00.pdf> <../fig/geo16a.pdf>]
<../fig/geo16b.pdf, id=474, 102.93457pt x 97.36375pt>
File: ../fig/geo16b.pdf Graphic file (type pdf)
<use ../fig/geo16b.pdf>
Package pdftex.def Info: ../fig/geo16b.pdf  used on input line 395.
(pdftex.def)             Requested size: 102.93431pt x 97.3635pt.
<../fig/geo16c.pdf, id=475, 164.07298pt x 63.22621pt>
File: ../fig/geo16c.pdf Graphic file (type pdf)
<use ../fig/geo16c.pdf>
Package pdftex.def Info: ../fig/geo16c.pdf  used on input line 405.
(pdftex.def)             Requested size: 164.07257pt x 63.22604pt.
 [21 <../fig/geo16b.pdf> <../fig/geo16c.pdf>]
<../fig/3da.pdf, id=490, 227.36946pt x 124.90665pt>
File: ../fig/3da.pdf Graphic file (type pdf)
<use ../fig/3da.pdf>
Package pdftex.def Info: ../fig/3da.pdf  used on input line 409.
(pdftex.def)             Requested size: 227.3689pt x 124.90633pt.
<../fig/3db.pdf, id=491, 187.49046pt x 96.12914pt>
File: ../fig/3db.pdf Graphic file (type pdf)
<use ../fig/3db.pdf>
Package pdftex.def Info: ../fig/3db.pdf  used on input line 411.
(pdftex.def)             Requested size: 187.48999pt x 96.12889pt.
<../fig/fprism.pdf, id=492, 58.2175pt x 52.17493pt>
File: ../fig/fprism.pdf Graphic file (type pdf)
<use ../fig/fprism.pdf>
Package pdftex.def Info: ../fig/fprism.pdf  used on input line 473.
(pdftex.def)             Requested size: 58.21735pt x 52.17479pt.

Underfull \hbox (badness 10000) in paragraph at lines 473--473
[]\T1/lmr/m/n/10.95 Har to like og fire like rek-tan-gel som
 []


Underfull \hbox (badness 10000) in paragraph at lines 473--473
\T1/lmr/m/n/10.95 side-flater. Alle side-flatene som er i
 []

<../fig/kube.pdf, id=493, 42.13742pt x 47.17625pt>
File: ../fig/kube.pdf Graphic file (type pdf)
<use ../fig/kube.pdf>
Package pdftex.def Info: ../fig/kube.pdf  used on input line 473.
(pdftex.def)             Requested size: 42.1373pt x 47.17612pt.

Underfull \hbox (badness 10000) in paragraph at lines 473--473
[]\T1/lmr/m/n/10.95 Firkanta prisme med kvadrat som
 []

<../fig/tprism.pdf, id=494, 53.99171pt x 39.91914pt>
File: ../fig/tprism.pdf Graphic file (type pdf)
<use ../fig/tprism.pdf>
Package pdftex.def Info: ../fig/tprism.pdf  used on input line 473.
(pdftex.def)             Requested size: 53.99158pt x 39.91902pt.

Underfull \hbox (badness 10000) in paragraph at lines 473--473
[]\T1/lmr/m/n/10.95 To av side-flatene er like trekan-ter som
 []


Underfull \hbox (badness 10000) in paragraph at lines 473--473
\T1/lmr/m/n/10.95 er par-al-lelle. Har tre side-flater som er
 []

<../fig/fpyr.pdf, id=495, 58.19742pt x 60.225pt>
File: ../fig/fpyr.pdf Graphic file (type pdf)
<use ../fig/fpyr.pdf>
Package pdftex.def Info: ../fig/fpyr.pdf  used on input line 473.
(pdftex.def)             Requested size: 58.19727pt x 60.22484pt.
<../fig/tpyr.pdf, id=496, 43.14117pt x 70.2625pt>
File: ../fig/tpyr.pdf Graphic file (type pdf)
<use ../fig/tpyr.pdf>
Package pdftex.def Info: ../fig/tpyr.pdf  used on input line 473.
(pdftex.def)             Requested size: 43.14105pt x 70.26231pt.
<../fig/kjegle.pdf, id=497, 59.22125pt x 52.17493pt>
File: ../fig/kjegle.pdf Graphic file (type pdf)
<use ../fig/kjegle.pdf>
Package pdftex.def Info: ../fig/kjegle.pdf  used on input line 473.
(pdftex.def)             Requested size: 59.22108pt x 52.17479pt.

Underfull \hbox (badness 10000) in paragraph at lines 473--473
[]\T1/lmr/m/n/10.95 Ein del av over-flata er ein sirkel, den
 []


Underfull \hbox (badness 10000) in paragraph at lines 473--473
\T1/lmr/m/n/10.95 resterende de-len er ein saman-bretta
 []

<../fig/kule.pdf, id=498, 56.90259pt x 56.8524pt>
File: ../fig/kule.pdf Graphic file (type pdf)
<use ../fig/kule.pdf>
Package pdftex.def Info: ../fig/kule.pdf  used on input line 473.
(pdftex.def)             Requested size: 56.90244pt x 56.85225pt.

Underfull \hbox (badness 10000) in paragraph at lines 473--473
[]\T1/lmr/m/n/10.95 Alle punkt p over-flata har lik av-s-tand
 []


Overfull \hbox (3.63052pt too wide) in paragraph at lines 473--473
[]$[]$ $[]$
 []


Overfull \hbox (3.63052pt too wide) in paragraph at lines 473--473
[]$ $[]$
 []


Overfull \hbox (3.63052pt too wide) in paragraph at lines 473--473
[]$ $[]$
 []


Overfull \hbox (3.63052pt too wide) in paragraph at lines 473--473
[]$ $[]$
 []


Overfull \hbox (3.63052pt too wide) in paragraph at lines 473--473
[]$ $[]$
 []


Overfull \hbox (3.63052pt too wide) in paragraph at lines 473--473
[]$ $[]$
 []


Overfull \hbox (3.63052pt too wide) in paragraph at lines 473--473
[]$ $[]$ 
 []

[22

 <../fig/3da.pdf> <../fig/3db.pdf>]
Overfull \vbox (13.35509pt too high) has occurred while \output is active []


[23 <../fig/fprism.pdf> <../fig/kube.pdf> <../fig/tprism.pdf> <../fig/fpyr.pdf>
 <../fig/tpyr.pdf> <../fig/kjegle.pdf> <../fig/kule.pdf>]
Underfull \hbox (badness 10000) in paragraph at lines 478--478
[]\T1/lmr/m/n/10.95 Det er ikkje s lett  se for seg kva ein \T1/lmr/m/sl/10.9
5 saman-bretta sek-tor \T1/lmr/m/n/10.95 er,
 []


Underfull \hbox (badness 10000) in paragraph at lines 478--478
[]\T1/lmr/m/n/10.95 Teikn ein sek-tor p eit ark. Klipp ut sek-toren, og fy sa
man dei
 []

[24]
<../fig/vol1.pdf, id=543, 38.12242pt x 40.15pt>
File: ../fig/vol1.pdf Graphic file (type pdf)
<use ../fig/vol1.pdf>
Package pdftex.def Info: ../fig/vol1.pdf  used on input line 481.
(pdftex.def)             Requested size: 38.12231pt x 40.14989pt.
<../fig/vol2.pdf, id=544, 112.42pt x 94.33243pt>
File: ../fig/vol2.pdf Graphic file (type pdf)
<use ../fig/vol2.pdf>
Package pdftex.def Info: ../fig/vol2.pdf  used on input line 483.
(pdftex.def)             Requested size: 112.41972pt x 94.33218pt.
<../fig/vol2a.pdf, id=545, 112.42pt x 94.33243pt>
File: ../fig/vol2a.pdf Graphic file (type pdf)
<use ../fig/vol2a.pdf>
Package pdftex.def Info: ../fig/vol2a.pdf  used on input line 485.
(pdftex.def)             Requested size: 112.41972pt x 94.33218pt.
<../fig/vol2c.pdf, id=546, 110.4125pt x 75.26118pt>
File: ../fig/vol2c.pdf Graphic file (type pdf)
<use ../fig/vol2c.pdf>
Package pdftex.def Info: ../fig/vol2c.pdf  used on input line 491.
(pdftex.def)             Requested size: 110.41222pt x 75.261pt.
 [25

 <../fig/vol1.pdf> <../fig/vol2.pdf> <../fig/vol2a.pdf> <../fig/vol2c.pdf>]
<../fig/vol2b.pdf, id=569, 112.42pt x 94.33243pt>
File: ../fig/vol2b.pdf Graphic file (type pdf)
<use ../fig/vol2b.pdf>
Package pdftex.def Info: ../fig/vol2b.pdf  used on input line 495.
(pdftex.def)             Requested size: 112.41972pt x 94.33218pt.
<../fig/vol2d.pdf, id=570, 104.39pt x 64.21992pt>
File: ../fig/vol2d.pdf Graphic file (type pdf)
<use ../fig/vol2d.pdf>
Package pdftex.def Info: ../fig/vol2d.pdf  used on input line 505.
(pdftex.def)             Requested size: 104.38972pt x 64.21976pt.

Underfull \hbox (badness 10000) in paragraph at lines 508--508
[]\T1/lmr/m/n/10.95 I tek-sten over har vi frst kalla sjlve grun-n-flata for 
$\OML/lmm/m/it/10.95 G$\T1/lmr/m/n/10.95 , og s
 []


Underfull \hbox (badness 10000) in paragraph at lines 508--508
\T1/lmr/m/n/10.95 brukt $\OML/lmm/m/it/10.95 G$ \T1/lmr/m/n/10.95 for \T1/lmr/m
/sl/10.95 grun-n-flatearealet\T1/lmr/m/n/10.95 . I denne boka er om-grepet \T1/
lmr/m/sl/10.95 grun-
 []


Underfull \hbox (badness 10000) in paragraph at lines 508--508
\T1/lmr/m/sl/10.95 n-flate \T1/lmr/m/n/10.95 s sterkt knytt til \T1/lmr/m/sl/1
0.95 grun-n-flatearealet \T1/lmr/m/n/10.95 at vi ikkje skiller
 []

[26 <../fig/vol2b.pdf> <../fig/vol2d.pdf>]
Package atveryend Info: Empty hook `BeforeClearDocument' on input line 511.
Package atveryend Info: Empty hook `AfterLastShipout' on input line 511.
 (./geo.aux)
Package atveryend Info: Executing hook `AtVeryEndDocument' on input line 511.
Package atveryend Info: Executing hook `AtEndAfterFileList' on input line 511.


Package rerunfilecheck Warning: File `geo.out' has changed.
(rerunfilecheck)                Rerun to get outlines right
(rerunfilecheck)                or use package `bookmark'.

Package rerunfilecheck Info: Checksums for `geo.out':
(rerunfilecheck)             Before: 6E8D090868A423439BE40A1066D8F5B1;305
(rerunfilecheck)             After:  06068D628077398451CDBFE9FAD6BAB9;306.

LaTeX Warning: There were undefined references.

 ) 
Here is how much of TeX's memory you used:
 33345 strings out of 481239
 646193 string characters out of 5920378
 955481 words of memory out of 5000000
 47777 multiletter control sequences out of 15000+600000
 617325 words of font info for 92 fonts, out of 8000000 for 9000
 1141 hyphenation exceptions out of 8191
 70i,11n,104p,872b,879s stack positions out of 5000i,500n,10000p,200000b,80000s
{/usr/share/texmf/fonts/enc/dvips/lm/lm-ec.enc}{/usr/share/texmf/fonts/enc/dv
ips/lm/lm-mathsy.enc}{/usr/share/texmf/fonts/enc/dvips/lm/lm-ts1.enc}{/usr/shar
e/texmf/fonts/enc/dvips/lm/lm-rm.enc}{/usr/share/texmf/fonts/enc/dvips/lm/lm-ma
thit.enc}</usr/share/texlive/texmf-dist/fonts/type1/public/amsfonts/cm/cmmi10.p
fb></usr/share/texlive/texmf-dist/fonts/type1/public/amsfonts/cm/cmr10.pfb></us
r/share/texlive/texmf-dist/fonts/type1/public/amsfonts/cm/cmsy8.pfb></usr/share
/texmf/fonts/type1/public/lm/lmbx10.pfb></usr/share/texmf/fonts/type1/public/lm
/lmbx12.pfb></usr/share/texmf/fonts/type1/public/lm/lmbx9.pfb></usr/share/texmf
/fonts/type1/public/lm/lmmi10.pfb></usr/share/texmf/fonts/type1/public/lm/lmr10
.pfb></usr/share/texmf/fonts/type1/public/lm/lmr6.pfb></usr/share/texmf/fonts/t
ype1/public/lm/lmr8.pfb></usr/share/texmf/fonts/type1/public/lm/lmr9.pfb></usr/
share/texmf/fonts/type1/public/lm/lmri10.pfb></usr/share/texmf/fonts/type1/publ
ic/lm/lmri9.pfb></usr/share/texmf/fonts/type1/public/lm/lmro10.pfb></usr/share/
texmf/fonts/type1/public/lm/lmro9.pfb></usr/share/texmf/fonts/type1/public/lm/l
msy10.pfb></usr/share/texmf/fonts/type1/public/lm/lmsy8.pfb></usr/share/texlive
/texmf-dist/fonts/type1/public/amsfonts/symbols/msam10.pfb>
Output written on geo.pdf (26 pages, 677817 bytes).
PDF statistics:
 659 PDF objects out of 1000 (max. 8388607)
 517 compressed objects within 6 object streams
 66 named destinations out of 1000 (max. 500000)
 431 words of extra memory for PDF output out of 10000 (max. 10000000)

