\BOOKMARK [0][-]{chapter.1}{St\370rrelser og enheter }{}% 1
\BOOKMARK [1][-]{section.1.1}{St\370rrelser, enheter og prefikser}{chapter.1}% 2
\BOOKMARK [1][-]{section.1.2}{Regning med st\370rrelser}{chapter.1}% 3
\BOOKMARK [1][-]{section.1.3}{Proporsjonale st\370rrelser }{chapter.1}% 4
\BOOKMARK [1][-]{section.1.4}{Regning med forskjellige benevninger }{chapter.1}% 5
\BOOKMARK [1][-]{section*.8}{Oppgaver}{chapter.1}% 6
\BOOKMARK [0][-]{chapter.2}{Statistikk }{}% 7
\BOOKMARK [1][-]{section.2.1}{Introduksjon}{chapter.2}% 8
\BOOKMARK [1][-]{section.2.2}{Presentasjonsmetoder}{chapter.2}% 9
\BOOKMARK [2][-]{subsection.2.2.1}{Frekvenstabell}{section.2.2}% 10
\BOOKMARK [2][-]{subsection.2.2.2}{S\370ylediagram \(stolpediagram\)}{section.2.2}% 11
\BOOKMARK [2][-]{subsection.2.2.3}{Sektordiagram \(kakediagram\)}{section.2.2}% 12
\BOOKMARK [2][-]{subsection.2.2.4}{Linjediagram}{section.2.2}% 13
\BOOKMARK [1][-]{section.2.3}{Tolking av tendenser; sentralm\345l}{chapter.2}% 14
\BOOKMARK [2][-]{subsection.2.3.1}{Typetall}{section.2.3}% 15
\BOOKMARK [2][-]{subsection.2.3.2}{Gjennomsnitt}{section.2.3}% 16
\BOOKMARK [2][-]{subsection.2.3.3}{Median}{section.2.3}% 17
\BOOKMARK [1][-]{section.2.4}{Tolking av forskjeller; spredningsm\345l}{chapter.2}% 18
\BOOKMARK [2][-]{subsection.2.4.1}{Variasjonsbredde}{section.2.4}% 19
\BOOKMARK [2][-]{subsection.2.4.2}{Kvartilbredde}{section.2.4}% 20
\BOOKMARK [2][-]{subsection.2.4.3}{Avvik, varians og standardavvik}{section.2.4}% 21
\BOOKMARK [1][-]{section*.17}{Oppgaver}{chapter.2}% 22
\BOOKMARK [0][-]{chapter.3}{Br\370kregning }{}% 23
\BOOKMARK [1][-]{section.3.1}{Br\370kdeler av helheter }{chapter.3}% 24
\BOOKMARK [1][-]{section.3.2}{Prosent}{chapter.3}% 25
\BOOKMARK [2][-]{subsection.3.2.1}{Prosentvis endring; \370kning eller reduksjon }{section.3.2}% 26
\BOOKMARK [2][-]{subsection.3.2.2}{Vekstfaktor}{section.3.2}% 27
\BOOKMARK [2][-]{subsection.3.2.3}{Prosentpoeng}{section.3.2}% 28
\BOOKMARK [2][-]{subsection.3.2.4}{Gjentatt prosentvis endring}{section.3.2}% 29
\BOOKMARK [1][-]{section.3.3}{Forhold}{chapter.3}% 30
\BOOKMARK [2][-]{subsection.3.3.1}{M\345lestokk}{section.3.3}% 31
\BOOKMARK [2][-]{subsection.3.3.2}{Blandingsforhold}{section.3.3}% 32
\BOOKMARK [1][-]{section*.36}{Oppgaver}{chapter.3}% 33
\BOOKMARK [0][-]{chapter.4}{\330konomi }{}% 34
\BOOKMARK [1][-]{section.4.1}{Indeksregning}{chapter.4}% 35
\BOOKMARK [2][-]{subsection.4.1.1}{Introduksjon}{section.4.1}% 36
\BOOKMARK [2][-]{subsection.4.1.2}{Konsumprisindeks og basis\345r}{section.4.1}% 37
\BOOKMARK [2][-]{subsection.4.1.3}{Kroneverdi}{section.4.1}% 38
\BOOKMARK [2][-]{subsection.4.1.4}{Reall\370nn og nominell l\370nn}{section.4.1}% 39
\BOOKMARK [1][-]{section.4.2}{L\345n og sparing}{chapter.4}% 40
\BOOKMARK [2][-]{subsection.4.2.1}{L\345n}{section.4.2}% 41
\BOOKMARK [2][-]{subsection.4.2.2}{Sparing; innskuddsrente og forventet avkastning}{section.4.2}% 42
\BOOKMARK [1][-]{section.4.3}{Skatt}{chapter.4}% 43
\BOOKMARK [2][-]{subsection.4.3.1}{Bruttol\370nn, fradrag og skattegrunnlag}{section.4.3}% 44
\BOOKMARK [2][-]{subsection.4.3.2}{Trygdeavgift}{section.4.3}% 45
\BOOKMARK [2][-]{subsection.4.3.3}{Trinnskatt }{section.4.3}% 46
\BOOKMARK [2][-]{subsection.4.3.4}{Nettol\370nn}{section.4.3}% 47
\BOOKMARK [1][-]{section.4.4}{Budsjett og regnskap}{chapter.4}% 48
\BOOKMARK [2][-]{subsection.4.4.1}{Budsjett }{section.4.4}% 49
\BOOKMARK [2][-]{subsection.4.4.2}{Regnskap}{section.4.4}% 50
\BOOKMARK [1][-]{section*.52}{Oppgaver}{chapter.4}% 51
\BOOKMARK [0][-]{chapter.5}{Sannsynlighet }{}% 52
\BOOKMARK [1][-]{section.5.1}{Grunnprinnsippet}{chapter.5}% 53
\BOOKMARK [1][-]{section.5.2}{Hendelser med og uten felles utfall}{chapter.5}% 54
\BOOKMARK [2][-]{subsection.5.2.1}{Hendelser uten felles utfall}{section.5.2}% 55
\BOOKMARK [2][-]{subsection.5.2.2}{Summen av alle sannsynligheter er 1}{section.5.2}% 56
\BOOKMARK [2][-]{subsection.5.2.3}{Felles utfall}{section.5.2}% 57
\BOOKMARK [2][-]{subsection.5.2.4}{Venndiagram}{section.5.2}% 58
\BOOKMARK [2][-]{subsection.5.2.5}{Krysstabell}{section.5.2}% 59
\BOOKMARK [1][-]{section.5.3}{Gjentatte trekk }{chapter.5}% 60
\BOOKMARK [2][-]{subsection.5.3.1}{Permutasjoner}{section.5.3}% 61
\BOOKMARK [2][-]{subsection.5.3.2}{Sannsynlighet ved gjentatte trekk}{section.5.3}% 62
\BOOKMARK [2][-]{subsection.5.3.3}{Valgtre}{section.5.3}% 63
\BOOKMARK [1][-]{section*.62}{Oppgaver}{chapter.5}% 64
\BOOKMARK [0][-]{chapter.6}{Ligninger, formler og funksjoner }{}% 65
\BOOKMARK [1][-]{section.6.1}{\305 finne st\370rrelser}{chapter.6}% 66
\BOOKMARK [1][-]{section.6.2}{Regresjon }{chapter.6}% 67
\BOOKMARK [1][-]{section*.63}{Oppgaver}{chapter.6}% 68
\BOOKMARK [0][-]{chapter.7}{Digitale verkt\370y }{}% 69
\BOOKMARK [1][-]{section.7.1}{Introduksjon til Python}{chapter.7}% 70
\BOOKMARK [2][-]{subsection.7.1.1}{Objekt, type, funksjon og uttrykk}{section.7.1}% 71
\BOOKMARK [2][-]{subsection.7.1.2}{Egne funksjoner}{section.7.1}% 72
\BOOKMARK [2][-]{subsection.7.1.3}{Boolske verdier og vilk\345r}{section.7.1}% 73
\BOOKMARK [2][-]{subsection.7.1.4}{Uttrykkene magenta if, else og magenta elif}{section.7.1}% 74
\BOOKMARK [2][-]{subsection.7.1.5}{Lister}{section.7.1}% 75
\BOOKMARK [2][-]{subsection.7.1.6}{Looper; magenta for og magenta while}{section.7.1}% 76
\BOOKMARK [1][-]{section.7.2}{Regneark}{chapter.7}% 77
\BOOKMARK [2][-]{subsection.7.2.1}{Introduksjon}{section.7.2}% 78
\BOOKMARK [2][-]{subsection.7.2.2}{Utregninger}{section.7.2}% 79
\BOOKMARK [2][-]{subsection.7.2.3}{Cellereferanser}{section.7.2}% 80
\BOOKMARK [2][-]{subsection.7.2.4}{Kopiering og l\345sing av celler}{section.7.2}% 81
\BOOKMARK [2][-]{subsection.7.2.5}{Andre nyttige funksjoner}{section.7.2}% 82
\BOOKMARK [1][-]{section.7.3}{GeoGebra}{chapter.7}% 83
\BOOKMARK [2][-]{subsection.7.3.1}{Introduksjon}{section.7.3}% 84
\BOOKMARK [2][-]{subsection.7.3.2}{\305 skrive inn punkt, funksjoner og linjer}{section.7.3}% 85
\BOOKMARK [2][-]{subsection.7.3.3}{\305 finne verdien til funksjoner og linjer}{section.7.3}% 86
\BOOKMARK [2][-]{subsection.7.3.4}{Knapper og kommandoer}{section.7.3}% 87
\BOOKMARK [1][-]{section*.75}{Oppgaver}{chapter.7}% 88
\BOOKMARK [0][-]{chapter.8}{Blandende oppgaver}{}% 89
\BOOKMARK [1][-]{section.8.1}{Oppgaver med tall og situasjoner fra virkeligheten}{chapter.8}% 90
\BOOKMARK [1][-]{section.8.2}{Praktiske oppgaver}{chapter.8}% 91
\BOOKMARK [1][-]{section.8.3}{Eksamensoppgaver}{chapter.8}% 92
\BOOKMARK [0][-]{chapter*.76}{Vedlegg}{}% 93
\BOOKMARK [0][-]{chapter*.82}{Fasit}{}% 94
