\BOOKMARK [0][-]{chapter.1}{Utregningsmetoder}{}% 1
\BOOKMARK [1][-]{section.1.1}{Standardform}{chapter.1}% 2
\BOOKMARK [1][-]{section.1.2}{Regning med tid }{chapter.1}% 3
\BOOKMARK [1][-]{section.1.3}{Avrunding og overslagsregning}{chapter.1}% 4
\BOOKMARK [2][-]{subsection.1.3.1}{Avrunding}{section.1.3}% 5
\BOOKMARK [2][-]{subsection.1.3.2}{Overslagsrekning}{section.1.3}% 6
\BOOKMARK [1][-]{section*.6}{Oppgaver}{chapter.1}% 7
\BOOKMARK [0][-]{chapter.2}{St\370rrelser og enheter}{}% 8
\BOOKMARK [1][-]{section.2.1}{St\370rrelsar, einingar og prefiks}{chapter.2}% 9
\BOOKMARK [1][-]{section.2.2}{Regning med forskjellige nemningar }{chapter.2}% 10
\BOOKMARK [1][-]{section*.8}{Oppgaver}{chapter.2}% 11
\BOOKMARK [0][-]{chapter.3}{Statistikk}{}% 12
\BOOKMARK [1][-]{section.3.1}{Introduksjon}{chapter.3}% 13
\BOOKMARK [1][-]{section.3.2}{Presentasjonsmetoder}{chapter.3}% 14
\BOOKMARK [2][-]{subsection.3.2.1}{Frekvenstabell}{section.3.2}% 15
\BOOKMARK [2][-]{subsection.3.2.2}{S\370ylediagram \(stolpediagram\)}{section.3.2}% 16
\BOOKMARK [2][-]{subsection.3.2.3}{Sektordiagram \(kakediagram\)}{section.3.2}% 17
\BOOKMARK [2][-]{subsection.3.2.4}{Linjediagram}{section.3.2}% 18
\BOOKMARK [1][-]{section.3.3}{Tolking av tendenser; sentralm\345l}{chapter.3}% 19
\BOOKMARK [2][-]{subsection.3.3.1}{Typetal}{section.3.3}% 20
\BOOKMARK [2][-]{subsection.3.3.2}{Gjennomsnitt}{section.3.3}% 21
\BOOKMARK [2][-]{subsection.3.3.3}{Median}{section.3.3}% 22
\BOOKMARK [1][-]{section.3.4}{Tolking av forskjellar; spreiingsm\345l}{chapter.3}% 23
\BOOKMARK [2][-]{subsection.3.4.1}{Variasjonsbredde}{section.3.4}% 24
\BOOKMARK [2][-]{subsection.3.4.2}{Kvartilbredde}{section.3.4}% 25
\BOOKMARK [2][-]{subsection.3.4.3}{Avvik, varians og standardavvik}{section.3.4}% 26
\BOOKMARK [1][-]{section*.15}{Oppgaver}{chapter.3}% 27
\BOOKMARK [0][-]{chapter.4}{Geometri}{}% 28
\BOOKMARK [1][-]{section.4.1}{Symmetri}{chapter.4}% 29
\BOOKMARK [1][-]{section.4.2}{Omkrets, areal og volum med einigar}{chapter.4}% 30
\BOOKMARK [1][-]{section*.19}{Oppgaver}{chapter.4}% 31
\BOOKMARK [0][-]{chapter.5}{Br\370krekning }{}% 32
\BOOKMARK [1][-]{section.5.1}{Br\370kdelar av heiler }{chapter.5}% 33
\BOOKMARK [1][-]{section.5.2}{Prosent}{chapter.5}% 34
\BOOKMARK [2][-]{subsection.5.2.1}{Prosentvis endring; auke eller redusering }{section.5.2}% 35
\BOOKMARK [2][-]{subsection.5.2.2}{Vekstfaktor}{section.5.2}% 36
\BOOKMARK [2][-]{subsection.5.2.3}{Prosentpoeng}{section.5.2}% 37
\BOOKMARK [2][-]{subsection.5.2.4}{Gjentatt prosentvis endring}{section.5.2}% 38
\BOOKMARK [1][-]{section.5.3}{Forhold}{chapter.5}% 39
\BOOKMARK [2][-]{subsection.5.3.1}{M\345lestokk}{section.5.3}% 40
\BOOKMARK [2][-]{subsection.5.3.2}{Blandingsforhold}{section.5.3}% 41
\BOOKMARK [1][-]{section*.38}{Oppgaver}{chapter.5}% 42
\BOOKMARK [0][-]{chapter.6}{Likningar, formlar og funksjonar }{}% 43
\BOOKMARK [1][-]{section.6.1}{\305 finne st\370rrelser}{chapter.6}% 44
\BOOKMARK [2][-]{subsection.6.1.1}{\305 finne st\370rrelser direkte}{section.6.1}% 45
\BOOKMARK [2][-]{subsection.6.1.2}{\305 finne st\370rrelsar indirekte}{section.6.1}% 46
\BOOKMARK [1][-]{section.6.2}{Funksjoners egenskaper}{chapter.6}% 47
\BOOKMARK [2][-]{subsection.6.2.1}{Funksjoner med samme verdi; skj\346ringspunkt}{section.6.2}% 48
\BOOKMARK [2][-]{subsection.6.2.2}{Null-, bunn- og toppunkt}{section.6.2}% 49
\BOOKMARK [1][-]{section.6.3}{Likningssett}{chapter.6}% 50
\BOOKMARK [2][-]{subsection.6.3.1}{Innsettingsmetoden}{section.6.3}% 51
\BOOKMARK [2][-]{subsection.6.3.2}{Grafisk metode}{section.6.3}% 52
\BOOKMARK [1][-]{section*.52}{Oppgaver}{chapter.6}% 53
\BOOKMARK [0][-]{chapter.7}{\330konomi }{}% 54
\BOOKMARK [1][-]{section.7.1}{Indeksregning}{chapter.7}% 55
\BOOKMARK [2][-]{subsection.7.1.1}{Introduksjon}{section.7.1}% 56
\BOOKMARK [2][-]{subsection.7.1.2}{Konsumprisindeks og basis\345r}{section.7.1}% 57
\BOOKMARK [2][-]{subsection.7.1.3}{Kroneverdi}{section.7.1}% 58
\BOOKMARK [2][-]{subsection.7.1.4}{Reall\370n og nominell l\370nn}{section.7.1}% 59
\BOOKMARK [1][-]{section.7.2}{L\345n og sparing}{chapter.7}% 60
\BOOKMARK [2][-]{subsection.7.2.1}{L\345n}{section.7.2}% 61
\BOOKMARK [2][-]{subsection.7.2.2}{Sparing; innskuddsrente og forventa avkastning}{section.7.2}% 62
\BOOKMARK [1][-]{section.7.3}{Skatt}{chapter.7}% 63
\BOOKMARK [2][-]{subsection.7.3.1}{Bruttol\370nn, fr\345drag og skattegrunnlag}{section.7.3}% 64
\BOOKMARK [2][-]{subsection.7.3.2}{Trygdeavgift}{section.7.3}% 65
\BOOKMARK [2][-]{subsection.7.3.3}{Trinnskatt }{section.7.3}% 66
\BOOKMARK [2][-]{subsection.7.3.4}{Nettol\370nn}{section.7.3}% 67
\BOOKMARK [1][-]{section.7.4}{Budsjett og regnskap}{chapter.7}% 68
\BOOKMARK [2][-]{subsection.7.4.1}{Budsjett }{section.7.4}% 69
\BOOKMARK [2][-]{subsection.7.4.2}{Regnskap}{section.7.4}% 70
\BOOKMARK [1][-]{section*.68}{Oppgaver}{chapter.7}% 71
\BOOKMARK [0][-]{chapter.8}{Sannsynlighet }{}% 72
\BOOKMARK [1][-]{section.8.1}{Grunnprinnsippet}{chapter.8}% 73
\BOOKMARK [1][-]{section.8.2}{Hendingar med og utan felles utfall}{chapter.8}% 74
\BOOKMARK [2][-]{subsection.8.2.1}{Hendingar utan felles utfall}{section.8.2}% 75
\BOOKMARK [2][-]{subsection.8.2.2}{Summen av alle sannsyn er 1}{section.8.2}% 76
\BOOKMARK [2][-]{subsection.8.2.3}{Felles utfall}{section.8.2}% 77
\BOOKMARK [2][-]{subsection.8.2.4}{Venndiagram}{section.8.2}% 78
\BOOKMARK [2][-]{subsection.8.2.5}{Krysstabell}{section.8.2}% 79
\BOOKMARK [1][-]{section.8.3}{Gjentatte trekk }{chapter.8}% 80
\BOOKMARK [2][-]{subsection.8.3.1}{Permutasjoner}{section.8.3}% 81
\BOOKMARK [2][-]{subsection.8.3.2}{Sannsyn ved gjentatte trekk}{section.8.3}% 82
\BOOKMARK [2][-]{subsection.8.3.3}{Valgtre}{section.8.3}% 83
\BOOKMARK [1][-]{section*.78}{Oppgaver}{chapter.8}% 84
\BOOKMARK [0][-]{chapter.9}{Digitale verkt\370y}{}% 85
\BOOKMARK [1][-]{section.9.1}{Programmering}{chapter.9}% 86
\BOOKMARK [1][-]{section.9.2}{Regneark}{chapter.9}% 87
\BOOKMARK [2][-]{subsection.9.2.1}{Introduksjon}{section.9.2}% 88
\BOOKMARK [2][-]{subsection.9.2.2}{Utregninger}{section.9.2}% 89
\BOOKMARK [2][-]{subsection.9.2.3}{Cellereferanser}{section.9.2}% 90
\BOOKMARK [2][-]{subsection.9.2.4}{Kopiering og l\345sing av celler}{section.9.2}% 91
\BOOKMARK [2][-]{subsection.9.2.5}{Andre nyttige funksjoner}{section.9.2}% 92
\BOOKMARK [1][-]{section.9.3}{GeoGebra}{chapter.9}% 93
\BOOKMARK [2][-]{subsection.9.3.1}{Introduksjon}{section.9.3}% 94
\BOOKMARK [2][-]{subsection.9.3.2}{\305 skrive inn punkt, funksjoner og linjer}{section.9.3}% 95
\BOOKMARK [2][-]{subsection.9.3.3}{\305 finne verdien til funksjoner og linjer}{section.9.3}% 96
\BOOKMARK [2][-]{subsection.9.3.4}{Knapper og kommandoer}{section.9.3}% 97
\BOOKMARK [1][-]{section*.84}{Oppgaver}{chapter.9}% 98
\BOOKMARK [0][-]{chapter*.85}{Vedlegg}{}% 99
\BOOKMARK [0][-]{chapter*.86}{Fasit}{}% 100
