This is pdfTeX, Version 3.14159265-2.6-1.40.20 (TeX Live 2019/Debian) (preloaded format=pdflatex 2021.6.9)  31 MAR 2022 21:05
entering extended mode
 restricted \write18 enabled.
 %&-line parsing enabled.
**kaps.tex
(./kaps.tex
LaTeX2e <2020-02-02> patch level 2
L3 programming layer <2020-02-14> (../doc.tex)
(/usr/share/texlive/texmf-dist/tex/latex/standalone/standalone.cls
Document Class: standalone 2018/03/26 v1.3a Class to compile TeX sub-files stan
dalone
(/usr/share/texlive/texmf-dist/tex/latex/tools/shellesc.sty
Package: shellesc 2019/11/08 v1.0c unified shell escape interface for LaTeX
Package shellesc Info: Restricted shell escape enabled on input line 77.
)
(/usr/share/texlive/texmf-dist/tex/generic/iftex/ifluatex.sty
Package: ifluatex 2019/10/25 v1.5 ifluatex legacy package. Use iftex instead.

(/usr/share/texlive/texmf-dist/tex/generic/iftex/iftex.sty
Package: iftex 2019/11/07 v1.0c TeX engine tests
))
(/usr/share/texlive/texmf-dist/tex/latex/xkeyval/xkeyval.sty
Package: xkeyval 2014/12/03 v2.7a package option processing (HA)

(/usr/share/texlive/texmf-dist/tex/generic/xkeyval/xkeyval.tex
(/usr/share/texlive/texmf-dist/tex/generic/xkeyval/xkvutils.tex
\XKV@toks=\toks14
\XKV@tempa@toks=\toks15

(/usr/share/texlive/texmf-dist/tex/generic/xkeyval/keyval.tex))
\XKV@depth=\count167
File: xkeyval.tex 2014/12/03 v2.7a key=value parser (HA)
))
\sa@internal=\count168
\c@sapage=\count169

(/usr/share/texlive/texmf-dist/tex/latex/standalone/standalone.cfg
File: standalone.cfg 2018/03/26 v1.3a Default configuration file for 'standalon
e' class
)
(/usr/share/texlive/texmf-dist/tex/latex/base/article.cls
Document Class: article 2019/12/20 v1.4l Standard LaTeX document class
(/usr/share/texlive/texmf-dist/tex/latex/base/size11.clo
File: size11.clo 2019/12/20 v1.4l Standard LaTeX file (size option)
)
\c@part=\count170
\c@section=\count171
\c@subsection=\count172
\c@subsubsection=\count173
\c@paragraph=\count174
\c@subparagraph=\count175
\c@figure=\count176
\c@table=\count177
\abovecaptionskip=\skip47
\belowcaptionskip=\skip48
\bibindent=\dimen134
)) (../preamb.tex
(/usr/share/texlive/texmf-dist/tex/latex/base/fontenc.sty
Package: fontenc 2020/02/11 v2.0o Standard LaTeX package
)
(/usr/share/texlive/texmf-dist/tex/lualatex/luainputenc/luainputenc.sty
Package: luainputenc 2010/11/19 v0.973 inputenc package for LuaTeX

(/usr/share/texlive/texmf-dist/tex/generic/iftex/ifxetex.sty
Package: ifxetex 2019/10/25 v0.7 ifxetex legacy package. Use iftex instead.
)
(/usr/share/texlive/texmf-dist/tex/latex/base/inputenc.sty
Package: inputenc 2018/08/11 v1.3c Input encoding file
\inpenc@prehook=\toks16
\inpenc@posthook=\toks17
))
(/usr/share/texlive/texmf-dist/tex/generic/babel/babel.sty
Package: babel 2020/02/14 3.40 The Babel package

(/usr/share/texlive/texmf-dist/tex/generic/babel/switch.def
File: switch.def 2020/02/14 3.40 Babel switching mechanism
)
(/usr/share/texlive/texmf-dist/tex/generic/babel-english/english.ldf
Language: english 2017/06/06 v3.3r English support from the babel system

(/usr/share/texlive/texmf-dist/tex/generic/babel/babel.def
File: babel.def 2020/02/14 3.40 Babel common definitions
\babel@savecnt=\count178
\U@D=\dimen135

(/usr/share/texlive/texmf-dist/tex/generic/babel/txtbabel.def)
\bbl@readstream=\read2
\bbl@dirlevel=\count179
)
Package babel Info: \l@canadian = using hyphenrules for english
(babel)             (\language0) on input line 102.
Package babel Info: \l@australian = using hyphenrules for ukenglish
(babel)             (\language65) on input line 105.
Package babel Info: \l@newzealand = using hyphenrules for ukenglish
(babel)             (\language65) on input line 108.
))
(/usr/share/texlive/texmf-dist/tex/latex/hyperref/hyperref.sty
Package: hyperref 2020/01/14 v7.00d Hypertext links for LaTeX

(/usr/share/texlive/texmf-dist/tex/generic/ltxcmds/ltxcmds.sty
Package: ltxcmds 2019/12/15 v1.24 LaTeX kernel commands for general use (HO)
)
(/usr/share/texlive/texmf-dist/tex/latex/pdftexcmds/pdftexcmds.sty
Package: pdftexcmds 2019/11/24 v0.31 Utility functions of pdfTeX for LuaTeX (HO
)

(/usr/share/texlive/texmf-dist/tex/generic/infwarerr/infwarerr.sty
Package: infwarerr 2019/12/03 v1.5 Providing info/warning/error messages (HO)
)
Package pdftexcmds Info: \pdf@primitive is available.
Package pdftexcmds Info: \pdf@ifprimitive is available.
Package pdftexcmds Info: \pdfdraftmode found.
)
(/usr/share/texlive/texmf-dist/tex/generic/kvsetkeys/kvsetkeys.sty
Package: kvsetkeys 2019/12/15 v1.18 Key value parser (HO)
)
(/usr/share/texlive/texmf-dist/tex/generic/kvdefinekeys/kvdefinekeys.sty
Package: kvdefinekeys 2019-12-19 v1.6 Define keys (HO)
)
(/usr/share/texlive/texmf-dist/tex/generic/pdfescape/pdfescape.sty
Package: pdfescape 2019/12/09 v1.15 Implements pdfTeX's escape features (HO)
)
(/usr/share/texlive/texmf-dist/tex/latex/hycolor/hycolor.sty
Package: hycolor 2020-01-27 v1.10 Color options for hyperref/bookmark (HO)
)
(/usr/share/texlive/texmf-dist/tex/latex/letltxmacro/letltxmacro.sty
Package: letltxmacro 2019/12/03 v1.6 Let assignment for LaTeX macros (HO)
)
(/usr/share/texlive/texmf-dist/tex/latex/auxhook/auxhook.sty
Package: auxhook 2019-12-17 v1.6 Hooks for auxiliary files (HO)
)
(/usr/share/texlive/texmf-dist/tex/latex/kvoptions/kvoptions.sty
Package: kvoptions 2019/11/29 v3.13 Key value format for package options (HO)
)
\@linkdim=\dimen136
\Hy@linkcounter=\count180
\Hy@pagecounter=\count181

(/usr/share/texlive/texmf-dist/tex/latex/hyperref/pd1enc.def
File: pd1enc.def 2020/01/14 v7.00d Hyperref: PDFDocEncoding definition (HO)
Now handling font encoding PD1 ...
... no UTF-8 mapping file for font encoding PD1
)
(/usr/share/texlive/texmf-dist/tex/generic/intcalc/intcalc.sty
Package: intcalc 2019/12/15 v1.3 Expandable calculations with integers (HO)
)
(/usr/share/texlive/texmf-dist/tex/generic/etexcmds/etexcmds.sty
Package: etexcmds 2019/12/15 v1.7 Avoid name clashes with e-TeX commands (HO)
)
\Hy@SavedSpaceFactor=\count182
\pdfmajorversion=\count183
Package hyperref Info: Option `bookmarks' set `true' on input line 4421.
Package hyperref Info: Hyper figures OFF on input line 4547.
Package hyperref Info: Link nesting OFF on input line 4552.
Package hyperref Info: Hyper index ON on input line 4555.
Package hyperref Info: Plain pages OFF on input line 4562.
Package hyperref Info: Backreferencing OFF on input line 4567.
Package hyperref Info: Implicit mode ON; LaTeX internals redefined.
Package hyperref Info: Bookmarks ON on input line 4800.
\c@Hy@tempcnt=\count184

(/usr/share/texlive/texmf-dist/tex/latex/url/url.sty
\Urlmuskip=\muskip16
Package: url 2013/09/16  ver 3.4  Verb mode for urls, etc.
)
LaTeX Info: Redefining \url on input line 5159.
\XeTeXLinkMargin=\dimen137

(/usr/share/texlive/texmf-dist/tex/generic/bitset/bitset.sty
Package: bitset 2019/12/09 v1.3 Handle bit-vector datatype (HO)

(/usr/share/texlive/texmf-dist/tex/generic/bigintcalc/bigintcalc.sty
Package: bigintcalc 2019/12/15 v1.5 Expandable calculations on big integers (HO
)
))
\Fld@menulength=\count185
\Field@Width=\dimen138
\Fld@charsize=\dimen139
Package hyperref Info: Hyper figures OFF on input line 6430.
Package hyperref Info: Link nesting OFF on input line 6435.
Package hyperref Info: Hyper index ON on input line 6438.
Package hyperref Info: backreferencing OFF on input line 6445.
Package hyperref Info: Link coloring OFF on input line 6450.
Package hyperref Info: Link coloring with OCG OFF on input line 6455.
Package hyperref Info: PDF/A mode OFF on input line 6460.
LaTeX Info: Redefining \ref on input line 6500.
LaTeX Info: Redefining \pageref on input line 6504.

(/usr/share/texlive/texmf-dist/tex/generic/atbegshi/atbegshi.sty
Package: atbegshi 2019/12/05 v1.19 At begin shipout hook (HO)
)
\Hy@abspage=\count186
\c@Item=\count187
\c@Hfootnote=\count188
)
Package hyperref Info: Driver (autodetected): hpdftex.

(/usr/share/texlive/texmf-dist/tex/latex/hyperref/hpdftex.def
File: hpdftex.def 2020/01/14 v7.00d Hyperref driver for pdfTeX

(/usr/share/texlive/texmf-dist/tex/latex/atveryend/atveryend.sty
Package: atveryend 2019-12-11 v1.11 Hooks at the very end of document (HO)
)
\Fld@listcount=\count189
\c@bookmark@seq@number=\count190

(/usr/share/texlive/texmf-dist/tex/latex/rerunfilecheck/rerunfilecheck.sty
Package: rerunfilecheck 2019/12/05 v1.9 Rerun checks for auxiliary files (HO)

(/usr/share/texlive/texmf-dist/tex/generic/uniquecounter/uniquecounter.sty
Package: uniquecounter 2019/12/15 v1.4 Provide unlimited unique counter (HO)
)
Package uniquecounter Info: New unique counter `rerunfilecheck' on input line 2
86.
)
\Hy@SectionHShift=\skip49
)
(/usr/share/texlive/texmf-dist/tex/latex/geometry/geometry.sty
Package: geometry 2020/01/02 v5.9 Page Geometry

(/usr/share/texlive/texmf-dist/tex/generic/iftex/ifvtex.sty
Package: ifvtex 2019/10/25 v1.7 ifvtex legacy package. Use iftex instead.
)
\Gm@cnth=\count191
\Gm@cntv=\count192
\c@Gm@tempcnt=\count193
\Gm@bindingoffset=\dimen140
\Gm@wd@mp=\dimen141
\Gm@odd@mp=\dimen142
\Gm@even@mp=\dimen143
\Gm@layoutwidth=\dimen144
\Gm@layoutheight=\dimen145
\Gm@layouthoffset=\dimen146
\Gm@layoutvoffset=\dimen147
\Gm@dimlist=\toks18
)
(/usr/share/texlive/texmf-dist/tex/latex/amsmath/amsmath.sty
Package: amsmath 2020/01/20 v2.17e AMS math features
\@mathmargin=\skip50

For additional information on amsmath, use the `?' option.
(/usr/share/texlive/texmf-dist/tex/latex/amsmath/amstext.sty
Package: amstext 2000/06/29 v2.01 AMS text

(/usr/share/texlive/texmf-dist/tex/latex/amsmath/amsgen.sty
File: amsgen.sty 1999/11/30 v2.0 generic functions
\@emptytoks=\toks19
\ex@=\dimen148
))
(/usr/share/texlive/texmf-dist/tex/latex/amsmath/amsbsy.sty
Package: amsbsy 1999/11/29 v1.2d Bold Symbols
\pmbraise@=\dimen149
)
(/usr/share/texlive/texmf-dist/tex/latex/amsmath/amsopn.sty
Package: amsopn 2016/03/08 v2.02 operator names
)
\inf@bad=\count194
LaTeX Info: Redefining \frac on input line 227.
\uproot@=\count195
\leftroot@=\count196
LaTeX Info: Redefining \overline on input line 389.
\classnum@=\count197
\DOTSCASE@=\count198
LaTeX Info: Redefining \ldots on input line 486.
LaTeX Info: Redefining \dots on input line 489.
LaTeX Info: Redefining \cdots on input line 610.
\Mathstrutbox@=\box45
\strutbox@=\box46
\big@size=\dimen150
LaTeX Font Info:    Redeclaring font encoding OML on input line 733.
LaTeX Font Info:    Redeclaring font encoding OMS on input line 734.
\macc@depth=\count199
\c@MaxMatrixCols=\count266
\dotsspace@=\muskip17
\c@parentequation=\count267
\dspbrk@lvl=\count268
\tag@help=\toks20
\row@=\count269
\column@=\count270
\maxfields@=\count271
\andhelp@=\toks21
\eqnshift@=\dimen151
\alignsep@=\dimen152
\tagshift@=\dimen153
\tagwidth@=\dimen154
\totwidth@=\dimen155
\lineht@=\dimen156
\@envbody=\toks22
\multlinegap=\skip51
\multlinetaggap=\skip52
\mathdisplay@stack=\toks23
LaTeX Info: Redefining \[ on input line 2859.
LaTeX Info: Redefining \] on input line 2860.
)
(/usr/share/texlive/texmf-dist/tex/latex/amsfonts/amssymb.sty
Package: amssymb 2013/01/14 v3.01 AMS font symbols

(/usr/share/texlive/texmf-dist/tex/latex/amsfonts/amsfonts.sty
Package: amsfonts 2013/01/14 v3.01 Basic AMSFonts support
\symAMSa=\mathgroup4
\symAMSb=\mathgroup5
LaTeX Font Info:    Redeclaring math symbol \hbar on input line 98.
LaTeX Font Info:    Overwriting math alphabet `\mathfrak' in version `bold'
(Font)                  U/euf/m/n --> U/euf/b/n on input line 106.
))
(/usr/share/texlive/texmf-dist/tex/latex/esint/esint.sty
Package: esint 
\symlargesymbolsA=\mathgroup6
)
(/usr/share/texlive/texmf-dist/tex/latex/import/import.sty
Package: import 2009/03/23  v 5.1
)
(/usr/share/texlive/texmf-dist/tex/latex/standalone/standalone.sty
Package: standalone 2018/03/26 v1.3a Package to include TeX sub-files with prea
mbles

(/usr/share/texlive/texmf-dist/tex/latex/currfile/currfile.sty
Package: currfile 2015/04/23 v0.7c Provides the file path elements of the curre
nt input file

(/usr/share/texlive/texmf-dist/tex/latex/filehook/filehook.sty
Package: filehook 2020/02/03 v0.7 Hooks for input files
)
\c@currfiledepth=\count272
)
(/usr/share/texlive/texmf-dist/tex/latex/gincltex/gincltex.sty
(/usr/share/texlive/texmf-dist/tex/latex/svn-prov/svn-prov.sty
Package: svn-prov 2010/04/24 v3.1862 Package Date/Version from SVN Keywords
)
Package: gincltex 2011/09/04 v0.3 Include external LaTeX files like graphics

(/usr/share/texlive/texmf-dist/tex/latex/adjustbox/adjustbox.sty
Package: adjustbox 2019/01/04 v1.2 Adjusting TeX boxes (trim, clip, ...)

(/usr/share/texlive/texmf-dist/tex/latex/adjustbox/adjcalc.sty
Package: adjcalc 2012/05/16 v1.1 Provides advanced setlength with multiple back
-ends (calc, etex, pgfmath)
)
(/usr/share/texlive/texmf-dist/tex/latex/adjustbox/trimclip.sty
Package: trimclip 2018/04/08 v1.1 Trim and clip general TeX material

(/usr/share/texlive/texmf-dist/tex/latex/graphics/graphicx.sty
Package: graphicx 2019/11/30 v1.2a Enhanced LaTeX Graphics (DPC,SPQR)

(/usr/share/texlive/texmf-dist/tex/latex/graphics/graphics.sty
Package: graphics 2019/11/30 v1.4a Standard LaTeX Graphics (DPC,SPQR)

(/usr/share/texlive/texmf-dist/tex/latex/graphics/trig.sty
Package: trig 2016/01/03 v1.10 sin cos tan (DPC)
)
(/usr/share/texlive/texmf-dist/tex/latex/graphics-cfg/graphics.cfg
File: graphics.cfg 2016/06/04 v1.11 sample graphics configuration
)
Package graphics Info: Driver file: pdftex.def on input line 105.

(/usr/share/texlive/texmf-dist/tex/latex/graphics-def/pdftex.def
File: pdftex.def 2018/01/08 v1.0l Graphics/color driver for pdftex
))
\Gin@req@height=\dimen157
\Gin@req@width=\dimen158
)
(/usr/share/texlive/texmf-dist/tex/latex/collectbox/collectbox.sty
Package: collectbox 2012/05/17 v0.4b Collect macro arguments as boxes
\collectedbox=\box47
)
\tc@llx=\dimen159
\tc@lly=\dimen160
\tc@urx=\dimen161
\tc@ury=\dimen162
Package trimclip Info: Using driver 'tc-pdftex.def'.

(/usr/share/texlive/texmf-dist/tex/latex/adjustbox/tc-pdftex.def
File: tc-pdftex.def 2019/01/04 v2.2 Clipping driver for pdftex
))
\adjbox@Width=\dimen163
\adjbox@Height=\dimen164
\adjbox@Depth=\dimen165
\adjbox@Totalheight=\dimen166
\adjbox@pwidth=\dimen167
\adjbox@pheight=\dimen168
\adjbox@pdepth=\dimen169
\adjbox@ptotalheight=\dimen170

(/usr/share/texlive/texmf-dist/tex/latex/ifoddpage/ifoddpage.sty
Package: ifoddpage 2016/04/23 v1.1 Conditionals for odd/even page detection
\c@checkoddpage=\count273
)
(/usr/share/texlive/texmf-dist/tex/latex/varwidth/varwidth.sty
Package: varwidth 2009/03/30 ver 0.92;  Variable-width minipages
\@vwid@box=\box48
\sift@deathcycles=\count274
\@vwid@loff=\dimen171
\@vwid@roff=\dimen172
))
\gincltex@box=\box49
)
(/usr/share/texlive/texmf-dist/tex/latex/filemod/filemod-expmin.sty
Package: filemod-expmin 2011/09/19 v1.2 Get and compare file modification times
 (expandable; minimal)
))
(/usr/share/texlive/texmf-dist/tex/latex/tocloft/tocloft.sty
Package: tocloft 2017/08/31 v2.3i parameterised ToC, etc., typesetting
Package tocloft Info: The document has section divisions on input line 51.
\cftparskip=\skip53
\cftbeforetoctitleskip=\skip54
\cftaftertoctitleskip=\skip55
\cftbeforepartskip=\skip56
\cftpartnumwidth=\skip57
\cftpartindent=\skip58
\cftbeforesecskip=\skip59
\cftsecindent=\skip60
\cftsecnumwidth=\skip61
\cftbeforesubsecskip=\skip62
\cftsubsecindent=\skip63
\cftsubsecnumwidth=\skip64
\cftbeforesubsubsecskip=\skip65
\cftsubsubsecindent=\skip66
\cftsubsubsecnumwidth=\skip67
\cftbeforeparaskip=\skip68
\cftparaindent=\skip69
\cftparanumwidth=\skip70
\cftbeforesubparaskip=\skip71
\cftsubparaindent=\skip72
\cftsubparanumwidth=\skip73
\cftbeforeloftitleskip=\skip74
\cftafterloftitleskip=\skip75
\cftbeforefigskip=\skip76
\cftfigindent=\skip77
\cftfignumwidth=\skip78
\c@lofdepth=\count275
\c@lotdepth=\count276
\cftbeforelottitleskip=\skip79
\cftafterlottitleskip=\skip80
\cftbeforetabskip=\skip81
\cfttabindent=\skip82
\cfttabnumwidth=\skip83
)
(/usr/share/texlive/texmf-dist/tex/latex/placeins/placeins.sty
Package: placeins 2005/04/18  v 2.2
)
(/usr/share/texlive/texmf-dist/tex/latex/tools/calc.sty
Package: calc 2017/05/25 v4.3 Infix arithmetic (KKT,FJ)
\calc@Acount=\count277
\calc@Bcount=\count278
\calc@Adimen=\dimen173
\calc@Bdimen=\dimen174
\calc@Askip=\skip84
\calc@Bskip=\skip85
LaTeX Info: Redefining \setlength on input line 80.
LaTeX Info: Redefining \addtolength on input line 81.
\calc@Ccount=\count279
\calc@Cskip=\skip86
)
(/usr/share/texlive/texmf-dist/tex/latex/cancel/cancel.sty
Package: cancel 2013/04/12 v2.2 Cancel math terms
)
(/usr/share/texlive/texmf-dist/tex/latex/graphics/color.sty
Package: color 2019/11/23 v1.2a Standard LaTeX Color (DPC)

(/usr/share/texlive/texmf-dist/tex/latex/graphics-cfg/color.cfg
File: color.cfg 2016/01/02 v1.6 sample color configuration
)
Package color Info: Driver file: pdftex.def on input line 147.
)
(/usr/share/texlive/texmf-dist/tex/latex/framed/framed.sty
Package: framed 2011/10/22 v 0.96: framed or shaded text with page breaks
\OuterFrameSep=\skip87
\fb@frw=\dimen175
\fb@frh=\dimen176
\FrameRule=\dimen177
\FrameSep=\dimen178
)
(/usr/share/texlive/texmf-dist/tex/latex/wrapfig/wrapfig.sty
\wrapoverhang=\dimen179
\WF@size=\dimen180
\c@WF@wrappedlines=\count280
\WF@box=\box50
\WF@everypar=\toks24
Package: wrapfig 2003/01/31  v 3.6
)
(/usr/share/texlive/texmf-dist/tex/latex/tools/bm.sty
Package: bm 2019/07/24 v1.2d Bold Symbol Support (DPC/FMi)
\symboldoperators=\mathgroup7
\symboldletters=\mathgroup8
\symboldsymbols=\mathgroup9
LaTeX Font Info:    Redeclaring math alphabet \mathbf on input line 141.
LaTeX Info: Redefining \bm on input line 209.
)
(/usr/share/texlive/texmf-dist/tex/latex/ntheorem/ntheorem.sty
Style `ntheorem', Version 1.33 <2011/08/15>
Package: ntheorem 2011/08/15 1.33
(/usr/share/texlive/texmf-dist/tex/latex/base/ifthen.sty
Package: ifthen 2014/09/29 v1.1c Standard LaTeX ifthen package (DPC)
)
\theorem@style=\toks25
\theorem@@style=\toks26
\theorembodyfont=\toks27
\theoremnumbering=\toks28
\theorempreskipamount=\skip88
\theorempostskipamount=\skip89
\theoremframepreskipamount=\skip90
\theoremframepostskipamount=\skip91
\theoreminframepreskipamount=\skip92
\theoreminframepostskipamount=\skip93
\theorem@preskip=\toks29
\theorem@postskip=\toks30
\theorem@framepreskip=\toks31
\theorem@framepostskip=\toks32
\theorem@inframepreskip=\toks33
\theorem@inframepostskip=\toks34
\theoremindent=\dimen181
\theorem@indent=\dimen182
\theoremrightindent=\dimen183
\theorem@rightindent=\dimen184
\theoremheaderfont=\toks35
\theoremseparator=\toks36
\theoremprework=\toks37
\theorempostwork=\toks38
\theoremsymbol=\toks39
\qedsymbol=\toks40
\theoremkeyword=\toks41
\qedsymbol=\toks42
\thm@topsep=\skip94
\thm@topsepadd=\skip95
)
(/usr/share/texlive/texmf-dist/tex/latex/ragged2e/ragged2e.sty
Package: ragged2e 2019/07/28 v2.2 ragged2e Package (MS)

(/usr/share/texlive/texmf-dist/tex/latex/ms/everysel.sty
Package: everysel 2011/10/28 v1.2 EverySelectfont Package (MS)
)
\CenteringLeftskip=\skip96
\RaggedLeftLeftskip=\skip97
\RaggedRightLeftskip=\skip98
\CenteringRightskip=\skip99
\RaggedLeftRightskip=\skip100
\RaggedRightRightskip=\skip101
\CenteringParfillskip=\skip102
\RaggedLeftParfillskip=\skip103
\RaggedRightParfillskip=\skip104
\JustifyingParfillskip=\skip105
\CenteringParindent=\skip106
\RaggedLeftParindent=\skip107
\RaggedRightParindent=\skip108
\JustifyingParindent=\skip109
)
\c@lign=\count281

(/usr/share/texlive/texmf-dist/tex/latex/xcolor/xcolor.sty
Package: xcolor 2016/05/11 v2.12 LaTeX color extensions (UK)

(/usr/share/texlive/texmf-dist/tex/latex/graphics-cfg/color.cfg
File: color.cfg 2016/01/02 v1.6 sample color configuration
)
Package xcolor Info: Driver file: pdftex.def on input line 225.
LaTeX Info: Redefining \color on input line 709.
Package xcolor Info: Model `cmy' substituted by `cmy0' on input line 1348.
Package xcolor Info: Model `hsb' substituted by `rgb' on input line 1352.
Package xcolor Info: Model `RGB' extended on input line 1364.
Package xcolor Info: Model `HTML' substituted by `rgb' on input line 1366.
Package xcolor Info: Model `Hsb' substituted by `hsb' on input line 1367.
Package xcolor Info: Model `tHsb' substituted by `hsb' on input line 1368.
Package xcolor Info: Model `HSB' substituted by `hsb' on input line 1369.
Package xcolor Info: Model `Gray' substituted by `gray' on input line 1370.
Package xcolor Info: Model `wave' substituted by `hsb' on input line 1371.
)
(/usr/share/texlive/texmf-dist/tex/latex/was/icomma.sty
Package: icomma 2002/03/10 v2.0 (WaS)
)
(/usr/share/texlive/texmf-dist/tex/latex/mathtools/mathtools.sty
Package: mathtools 2020/01/17 v1.23 mathematical typesetting tools

(/usr/share/texlive/texmf-dist/tex/latex/mathtools/mhsetup.sty
Package: mhsetup 2017/03/31 v1.3 programming setup (MH)
)
LaTeX Info: Thecontrolsequence`\('isalreadyrobust on input line 129.
LaTeX Info: Thecontrolsequence`\)'isalreadyrobust on input line 129.
LaTeX Info: Thecontrolsequence`\['isalreadyrobust on input line 129.
LaTeX Info: Thecontrolsequence`\]'isalreadyrobust on input line 129.
\g_MT_multlinerow_int=\count282
\l_MT_multwidth_dim=\dimen185
\origjot=\skip110
\l_MT_shortvdotswithinadjustabove_dim=\dimen186
\l_MT_shortvdotswithinadjustbelow_dim=\dimen187
\l_MT_above_intertext_sep=\dimen188
\l_MT_below_intertext_sep=\dimen189
\l_MT_above_shortintertext_sep=\dimen190
\l_MT_below_shortintertext_sep=\dimen191
)
(/usr/share/texmf/tex/latex/lm/lmodern.sty
Package: lmodern 2009/10/30 v1.6 Latin Modern Fonts
LaTeX Font Info:    Overwriting symbol font `operators' in version `normal'
(Font)                  OT1/cmr/m/n --> OT1/lmr/m/n on input line 22.
LaTeX Font Info:    Overwriting symbol font `letters' in version `normal'
(Font)                  OML/cmm/m/it --> OML/lmm/m/it on input line 23.
LaTeX Font Info:    Overwriting symbol font `symbols' in version `normal'
(Font)                  OMS/cmsy/m/n --> OMS/lmsy/m/n on input line 24.
LaTeX Font Info:    Overwriting symbol font `largesymbols' in version `normal'
(Font)                  OMX/cmex/m/n --> OMX/lmex/m/n on input line 25.
LaTeX Font Info:    Overwriting symbol font `operators' in version `bold'
(Font)                  OT1/cmr/bx/n --> OT1/lmr/bx/n on input line 26.
LaTeX Font Info:    Overwriting symbol font `letters' in version `bold'
(Font)                  OML/cmm/b/it --> OML/lmm/b/it on input line 27.
LaTeX Font Info:    Overwriting symbol font `symbols' in version `bold'
(Font)                  OMS/cmsy/b/n --> OMS/lmsy/b/n on input line 28.
LaTeX Font Info:    Overwriting symbol font `largesymbols' in version `bold'
(Font)                  OMX/cmex/m/n --> OMX/lmex/m/n on input line 29.
LaTeX Font Info:    Overwriting math alphabet `\mathbf' in version `normal'
(Font)                  OT1/cmr/bx/n --> OT1/lmr/bx/n on input line 31.
LaTeX Font Info:    Overwriting math alphabet `\mathsf' in version `normal'
(Font)                  OT1/cmss/m/n --> OT1/lmss/m/n on input line 32.
LaTeX Font Info:    Overwriting math alphabet `\mathit' in version `normal'
(Font)                  OT1/cmr/m/it --> OT1/lmr/m/it on input line 33.
LaTeX Font Info:    Overwriting math alphabet `\mathtt' in version `normal'
(Font)                  OT1/cmtt/m/n --> OT1/lmtt/m/n on input line 34.
LaTeX Font Info:    Overwriting math alphabet `\mathbf' in version `bold'
(Font)                  OT1/cmr/bx/n --> OT1/lmr/bx/n on input line 35.
LaTeX Font Info:    Overwriting math alphabet `\mathsf' in version `bold'
(Font)                  OT1/cmss/bx/n --> OT1/lmss/bx/n on input line 36.
LaTeX Font Info:    Overwriting math alphabet `\mathit' in version `bold'
(Font)                  OT1/cmr/bx/it --> OT1/lmr/bx/it on input line 37.
LaTeX Font Info:    Overwriting math alphabet `\mathtt' in version `bold'
(Font)                  OT1/cmtt/m/n --> OT1/lmtt/m/n on input line 38.
)
(/usr/share/texlive/texmf-dist/tex/latex/hyperref/xr-hyper.sty
Package: xr-hyper 2019/10/03 v6.1 eXternal References (DPC)


Package xr-hyper Warning: Load package `hyperref' after `xr-hyper'.

) (/usr/share/texlive/texmf-dist/tex/latex/tcolorbox/tcolorbox.sty
Package: tcolorbox 2019/11/15 version 4.22 text color boxes

(/usr/share/texlive/texmf-dist/tex/latex/pgf/basiclayer/pgf.sty
(/usr/share/texlive/texmf-dist/tex/latex/pgf/utilities/pgfrcs.sty
(/usr/share/texlive/texmf-dist/tex/generic/pgf/utilities/pgfutil-common.tex
\pgfutil@everybye=\toks43
\pgfutil@tempdima=\dimen192
\pgfutil@tempdimb=\dimen193

(/usr/share/texlive/texmf-dist/tex/generic/pgf/utilities/pgfutil-common-lists.t
ex)) (/usr/share/texlive/texmf-dist/tex/generic/pgf/utilities/pgfutil-latex.def
\pgfutil@abb=\box51
(/usr/share/texlive/texmf-dist/tex/latex/ms/everyshi.sty
Package: everyshi 2001/05/15 v3.00 EveryShipout Package (MS)
))
(/usr/share/texlive/texmf-dist/tex/generic/pgf/utilities/pgfrcs.code.tex
(/usr/share/texlive/texmf-dist/tex/generic/pgf/pgf.revision.tex)
Package: pgfrcs 2020/01/08 v3.1.5b (3.1.5b)
))
Package: pgf 2020/01/08 v3.1.5b (3.1.5b)

(/usr/share/texlive/texmf-dist/tex/latex/pgf/basiclayer/pgfcore.sty
(/usr/share/texlive/texmf-dist/tex/latex/pgf/systemlayer/pgfsys.sty
(/usr/share/texlive/texmf-dist/tex/generic/pgf/systemlayer/pgfsys.code.tex
Package: pgfsys 2020/01/08 v3.1.5b (3.1.5b)

(/usr/share/texlive/texmf-dist/tex/generic/pgf/utilities/pgfkeys.code.tex
\pgfkeys@pathtoks=\toks44
\pgfkeys@temptoks=\toks45

(/usr/share/texlive/texmf-dist/tex/generic/pgf/utilities/pgfkeysfiltered.code.t
ex
\pgfkeys@tmptoks=\toks46
))
\pgf@x=\dimen194
\pgf@y=\dimen195
\pgf@xa=\dimen196
\pgf@ya=\dimen197
\pgf@xb=\dimen198
\pgf@yb=\dimen199
\pgf@xc=\dimen256
\pgf@yc=\dimen257
\pgf@xd=\dimen258
\pgf@yd=\dimen259
\w@pgf@writea=\write3
\r@pgf@reada=\read3
\c@pgf@counta=\count283
\c@pgf@countb=\count284
\c@pgf@countc=\count285
\c@pgf@countd=\count286
\t@pgf@toka=\toks47
\t@pgf@tokb=\toks48
\t@pgf@tokc=\toks49
\pgf@sys@id@count=\count287
 (/usr/share/texlive/texmf-dist/tex/generic/pgf/systemlayer/pgf.cfg
File: pgf.cfg 2020/01/08 v3.1.5b (3.1.5b)
)
Driver file for pgf: pgfsys-pdftex.def

(/usr/share/texlive/texmf-dist/tex/generic/pgf/systemlayer/pgfsys-pdftex.def
File: pgfsys-pdftex.def 2020/01/08 v3.1.5b (3.1.5b)

(/usr/share/texlive/texmf-dist/tex/generic/pgf/systemlayer/pgfsys-common-pdf.de
f
File: pgfsys-common-pdf.def 2020/01/08 v3.1.5b (3.1.5b)
)))
(/usr/share/texlive/texmf-dist/tex/generic/pgf/systemlayer/pgfsyssoftpath.code.
tex
File: pgfsyssoftpath.code.tex 2020/01/08 v3.1.5b (3.1.5b)
\pgfsyssoftpath@smallbuffer@items=\count288
\pgfsyssoftpath@bigbuffer@items=\count289
)
(/usr/share/texlive/texmf-dist/tex/generic/pgf/systemlayer/pgfsysprotocol.code.
tex
File: pgfsysprotocol.code.tex 2020/01/08 v3.1.5b (3.1.5b)
))
(/usr/share/texlive/texmf-dist/tex/generic/pgf/basiclayer/pgfcore.code.tex
Package: pgfcore 2020/01/08 v3.1.5b (3.1.5b)

(/usr/share/texlive/texmf-dist/tex/generic/pgf/math/pgfmath.code.tex
(/usr/share/texlive/texmf-dist/tex/generic/pgf/math/pgfmathcalc.code.tex
(/usr/share/texlive/texmf-dist/tex/generic/pgf/math/pgfmathutil.code.tex)
(/usr/share/texlive/texmf-dist/tex/generic/pgf/math/pgfmathparser.code.tex
\pgfmath@dimen=\dimen260
\pgfmath@count=\count290
\pgfmath@box=\box52
\pgfmath@toks=\toks50
\pgfmath@stack@operand=\toks51
\pgfmath@stack@operation=\toks52
)
(/usr/share/texlive/texmf-dist/tex/generic/pgf/math/pgfmathfunctions.code.tex
(/usr/share/texlive/texmf-dist/tex/generic/pgf/math/pgfmathfunctions.basic.code
.tex)
(/usr/share/texlive/texmf-dist/tex/generic/pgf/math/pgfmathfunctions.trigonomet
ric.code.tex)
(/usr/share/texlive/texmf-dist/tex/generic/pgf/math/pgfmathfunctions.random.cod
e.tex)
(/usr/share/texlive/texmf-dist/tex/generic/pgf/math/pgfmathfunctions.comparison
.code.tex)
(/usr/share/texlive/texmf-dist/tex/generic/pgf/math/pgfmathfunctions.base.code.
tex)
(/usr/share/texlive/texmf-dist/tex/generic/pgf/math/pgfmathfunctions.round.code
.tex)
(/usr/share/texlive/texmf-dist/tex/generic/pgf/math/pgfmathfunctions.misc.code.
tex)
(/usr/share/texlive/texmf-dist/tex/generic/pgf/math/pgfmathfunctions.integerari
thmetics.code.tex)))
(/usr/share/texlive/texmf-dist/tex/generic/pgf/math/pgfmathfloat.code.tex
\c@pgfmathroundto@lastzeros=\count291
))
(/usr/share/texlive/texmf-dist/tex/generic/pgf/math/pgfint.code.tex)
(/usr/share/texlive/texmf-dist/tex/generic/pgf/basiclayer/pgfcorepoints.code.te
x
File: pgfcorepoints.code.tex 2020/01/08 v3.1.5b (3.1.5b)
\pgf@picminx=\dimen261
\pgf@picmaxx=\dimen262
\pgf@picminy=\dimen263
\pgf@picmaxy=\dimen264
\pgf@pathminx=\dimen265
\pgf@pathmaxx=\dimen266
\pgf@pathminy=\dimen267
\pgf@pathmaxy=\dimen268
\pgf@xx=\dimen269
\pgf@xy=\dimen270
\pgf@yx=\dimen271
\pgf@yy=\dimen272
\pgf@zx=\dimen273
\pgf@zy=\dimen274
)
(/usr/share/texlive/texmf-dist/tex/generic/pgf/basiclayer/pgfcorepathconstruct.
code.tex
File: pgfcorepathconstruct.code.tex 2020/01/08 v3.1.5b (3.1.5b)
\pgf@path@lastx=\dimen275
\pgf@path@lasty=\dimen276
)
(/usr/share/texlive/texmf-dist/tex/generic/pgf/basiclayer/pgfcorepathusage.code
.tex
File: pgfcorepathusage.code.tex 2020/01/08 v3.1.5b (3.1.5b)
\pgf@shorten@end@additional=\dimen277
\pgf@shorten@start@additional=\dimen278
)
(/usr/share/texlive/texmf-dist/tex/generic/pgf/basiclayer/pgfcorescopes.code.te
x
File: pgfcorescopes.code.tex 2020/01/08 v3.1.5b (3.1.5b)
\pgfpic=\box53
\pgf@hbox=\box54
\pgf@layerbox@main=\box55
\pgf@picture@serial@count=\count292
)
(/usr/share/texlive/texmf-dist/tex/generic/pgf/basiclayer/pgfcoregraphicstate.c
ode.tex
File: pgfcoregraphicstate.code.tex 2020/01/08 v3.1.5b (3.1.5b)
\pgflinewidth=\dimen279
)
(/usr/share/texlive/texmf-dist/tex/generic/pgf/basiclayer/pgfcoretransformation
s.code.tex
File: pgfcoretransformations.code.tex 2020/01/08 v3.1.5b (3.1.5b)
\pgf@pt@x=\dimen280
\pgf@pt@y=\dimen281
\pgf@pt@temp=\dimen282
)
(/usr/share/texlive/texmf-dist/tex/generic/pgf/basiclayer/pgfcorequick.code.tex
File: pgfcorequick.code.tex 2020/01/08 v3.1.5b (3.1.5b)
)
(/usr/share/texlive/texmf-dist/tex/generic/pgf/basiclayer/pgfcoreobjects.code.t
ex
File: pgfcoreobjects.code.tex 2020/01/08 v3.1.5b (3.1.5b)
)
(/usr/share/texlive/texmf-dist/tex/generic/pgf/basiclayer/pgfcorepathprocessing
.code.tex
File: pgfcorepathprocessing.code.tex 2020/01/08 v3.1.5b (3.1.5b)
)
(/usr/share/texlive/texmf-dist/tex/generic/pgf/basiclayer/pgfcorearrows.code.te
x
File: pgfcorearrows.code.tex 2020/01/08 v3.1.5b (3.1.5b)
\pgfarrowsep=\dimen283
)
(/usr/share/texlive/texmf-dist/tex/generic/pgf/basiclayer/pgfcoreshade.code.tex
File: pgfcoreshade.code.tex 2020/01/08 v3.1.5b (3.1.5b)
\pgf@max=\dimen284
\pgf@sys@shading@range@num=\count293
\pgf@shadingcount=\count294
)
(/usr/share/texlive/texmf-dist/tex/generic/pgf/basiclayer/pgfcoreimage.code.tex
File: pgfcoreimage.code.tex 2020/01/08 v3.1.5b (3.1.5b)

(/usr/share/texlive/texmf-dist/tex/generic/pgf/basiclayer/pgfcoreexternal.code.
tex
File: pgfcoreexternal.code.tex 2020/01/08 v3.1.5b (3.1.5b)
\pgfexternal@startupbox=\box56
))
(/usr/share/texlive/texmf-dist/tex/generic/pgf/basiclayer/pgfcorelayers.code.te
x
File: pgfcorelayers.code.tex 2020/01/08 v3.1.5b (3.1.5b)
)
(/usr/share/texlive/texmf-dist/tex/generic/pgf/basiclayer/pgfcoretransparency.c
ode.tex
File: pgfcoretransparency.code.tex 2020/01/08 v3.1.5b (3.1.5b)
)
(/usr/share/texlive/texmf-dist/tex/generic/pgf/basiclayer/pgfcorepatterns.code.
tex
File: pgfcorepatterns.code.tex 2020/01/08 v3.1.5b (3.1.5b)
)
(/usr/share/texlive/texmf-dist/tex/generic/pgf/basiclayer/pgfcorerdf.code.tex
File: pgfcorerdf.code.tex 2020/01/08 v3.1.5b (3.1.5b)
)))
(/usr/share/texlive/texmf-dist/tex/generic/pgf/modules/pgfmoduleshapes.code.tex
File: pgfmoduleshapes.code.tex 2020/01/08 v3.1.5b (3.1.5b)
\pgfnodeparttextbox=\box57
) (/usr/share/texlive/texmf-dist/tex/generic/pgf/modules/pgfmoduleplot.code.tex
File: pgfmoduleplot.code.tex 2020/01/08 v3.1.5b (3.1.5b)
)
(/usr/share/texlive/texmf-dist/tex/latex/pgf/compatibility/pgfcomp-version-0-65
.sty
Package: pgfcomp-version-0-65 2020/01/08 v3.1.5b (3.1.5b)
\pgf@nodesepstart=\dimen285
\pgf@nodesepend=\dimen286
)
(/usr/share/texlive/texmf-dist/tex/latex/pgf/compatibility/pgfcomp-version-1-18
.sty
Package: pgfcomp-version-1-18 2020/01/08 v3.1.5b (3.1.5b)
)) (/usr/share/texlive/texmf-dist/tex/latex/tools/verbatim.sty
Package: verbatim 2019/11/10 v1.5r LaTeX2e package for verbatim enhancements
\every@verbatim=\toks53
\verbatim@line=\toks54
\verbatim@in@stream=\read4
)
(/usr/share/texlive/texmf-dist/tex/latex/environ/environ.sty
Package: environ 2014/05/04 v0.3 A new way to define environments

(/usr/share/texlive/texmf-dist/tex/latex/trimspaces/trimspaces.sty
Package: trimspaces 2009/09/17 v1.1 Trim spaces around a token list
))
(/usr/share/texlive/texmf-dist/tex/latex/etoolbox/etoolbox.sty
Package: etoolbox 2019/09/21 v2.5h e-TeX tools for LaTeX (JAW)
\etb@tempcnta=\count295
)
\tcb@titlebox=\box58
\tcb@upperbox=\box59
\tcb@lowerbox=\box60
\tcb@phantombox=\box61
\c@tcbbreakpart=\count296
\c@tcblayer=\count297
\tcolorbox@number=\count298
\tcb@temp=\box62
\tcb@temp=\box63
\tcb@temp=\box64
\tcb@temp=\box65
\tcb@out=\write4
\tcb@record@out=\write5

(/usr/share/texlive/texmf-dist/tex/latex/tcolorbox/tcbraster.code.tex
Library (tcolorbox): 'tcbraster.code.tex' version '4.22'
\c@tcbrastercolumn=\count299
\c@tcbrasterrow=\count300
\c@tcbraster=\count301
) (/usr/share/texlive/texmf-dist/tex/latex/tcolorbox/tcbskins.code.tex
Library (tcolorbox): 'tcbskins.code.tex' version '4.22'
(/usr/share/texlive/texmf-dist/tex/latex/pgf/frontendlayer/tikz.sty
(/usr/share/texlive/texmf-dist/tex/latex/pgf/utilities/pgffor.sty
(/usr/share/texlive/texmf-dist/tex/latex/pgf/utilities/pgfkeys.sty
(/usr/share/texlive/texmf-dist/tex/generic/pgf/utilities/pgfkeys.code.tex))
(/usr/share/texlive/texmf-dist/tex/latex/pgf/math/pgfmath.sty
(/usr/share/texlive/texmf-dist/tex/generic/pgf/math/pgfmath.code.tex))
(/usr/share/texlive/texmf-dist/tex/generic/pgf/utilities/pgffor.code.tex
Package: pgffor 2020/01/08 v3.1.5b (3.1.5b)

(/usr/share/texlive/texmf-dist/tex/generic/pgf/math/pgfmath.code.tex)
\pgffor@iter=\dimen287
\pgffor@skip=\dimen288
\pgffor@stack=\toks55
\pgffor@toks=\toks56
))
(/usr/share/texlive/texmf-dist/tex/generic/pgf/frontendlayer/tikz/tikz.code.tex
Package: tikz 2020/01/08 v3.1.5b (3.1.5b)

(/usr/share/texlive/texmf-dist/tex/generic/pgf/libraries/pgflibraryplothandlers
.code.tex
File: pgflibraryplothandlers.code.tex 2020/01/08 v3.1.5b (3.1.5b)
\pgf@plot@mark@count=\count302
\pgfplotmarksize=\dimen289
)
\tikz@lastx=\dimen290
\tikz@lasty=\dimen291
\tikz@lastxsaved=\dimen292
\tikz@lastysaved=\dimen293
\tikz@lastmovetox=\dimen294
\tikz@lastmovetoy=\dimen295
\tikzleveldistance=\dimen296
\tikzsiblingdistance=\dimen297
\tikz@figbox=\box66
\tikz@figbox@bg=\box67
\tikz@tempbox=\box68
\tikz@tempbox@bg=\box69
\tikztreelevel=\count303
\tikznumberofchildren=\count304
\tikznumberofcurrentchild=\count305
\tikz@fig@count=\count306

(/usr/share/texlive/texmf-dist/tex/generic/pgf/modules/pgfmodulematrix.code.tex
File: pgfmodulematrix.code.tex 2020/01/08 v3.1.5b (3.1.5b)
\pgfmatrixcurrentrow=\count307
\pgfmatrixcurrentcolumn=\count308
\pgf@matrix@numberofcolumns=\count309
)
\tikz@expandcount=\count310

(/usr/share/texlive/texmf-dist/tex/generic/pgf/frontendlayer/tikz/libraries/tik
zlibrarytopaths.code.tex
File: tikzlibrarytopaths.code.tex 2020/01/08 v3.1.5b (3.1.5b)
)))
\tcb@waterbox=\box70

(/usr/share/texlive/texmf-dist/tex/latex/tcolorbox/tcbskinsjigsaw.code.tex
Library (tcolorbox): 'tcbskinsjigsaw.code.tex' version '4.22'
)) (/usr/share/texlive/texmf-dist/tex/latex/tcolorbox/tcbbreakable.code.tex
Library (tcolorbox): 'tcbbreakable.code.tex' version '4.22'
\tcb@testbox=\box71
\tcb@totalupperbox=\box72
\tcb@totallowerbox=\box73
) (/usr/share/texlive/texmf-dist/tex/latex/tcolorbox/tcbhooks.code.tex
Library (tcolorbox): 'tcbhooks.code.tex' version '4.22'
) (/usr/share/texlive/texmf-dist/tex/latex/tcolorbox/tcbtheorems.code.tex
Library (tcolorbox): 'tcbtheorems.code.tex' version '4.22'
) (/usr/share/texlive/texmf-dist/tex/latex/tcolorbox/tcbfitting.code.tex
Library (tcolorbox): 'tcbfitting.code.tex' version '4.22'
\tcbfitdim=\dimen298
\tcb@lowerfitdim=\dimen299
\tcb@upperfitdim=\dimen300
\tcb@cur@hbadness=\count311
) (/usr/share/texlive/texmf-dist/tex/latex/tcolorbox/tcbxparse.code.tex
Library (tcolorbox): 'tcbxparse.code.tex' version '4.22'
(/usr/share/texlive/texmf-dist/tex/latex/l3packages/xparse/xparse.sty
(/usr/share/texlive/texmf-dist/tex/latex/l3kernel/expl3.sty
Package: expl3 2020-02-14 L3 programming layer (loader) 

(/usr/share/texlive/texmf-dist/tex/latex/l3backend/l3backend-pdfmode.def
File: l3backend-pdfmode.def 2020-02-03 L3 backend support: PDF mode
\l__kernel_color_stack_int=\count312
\l__pdf_internal_box=\box74
))
Package: xparse 2020-02-14 L3 Experimental document command parser
\l__xparse_current_arg_int=\count313
\g__xparse_grabber_int=\count314
\l__xparse_m_args_int=\count315
\l__xparse_v_nesting_int=\count316
)))
(/usr/share/texlive/texmf-dist/tex/latex/float/float.sty
Package: float 2001/11/08 v1.3d Float enhancements (AL)
\c@float@type=\count317
\float@exts=\toks57
\float@box=\box75
\@float@everytoks=\toks58
\@floatcapt=\box76
)
(/usr/share/texlive/texmf-dist/tex/latex/subfig/subfig.sty
Package: subfig 2005/06/28 ver: 1.3 subfig package

(/usr/share/texlive/texmf-dist/tex/latex/caption/caption.sty
Package: caption 2020/01/03 v3.4h Customizing captions (AR)

(/usr/share/texlive/texmf-dist/tex/latex/caption/caption3.sty
Package: caption3 2020/01/03 v1.8h caption3 kernel (AR)
Package caption3 Info: TeX engine: e-TeX on input line 61.
\captionmargin=\dimen301
\captionmargin@=\dimen302
\captionwidth=\dimen303
\caption@tempdima=\dimen304
\caption@indent=\dimen305
\caption@parindent=\dimen306
\caption@hangindent=\dimen307
Package caption Info: Standard document class detected.
)
\c@caption@flags=\count318
\c@continuedfloat=\count319
Package caption Info: float package is loaded.
Package caption Info: hyperref package is loaded.
Package caption Info: wrapfig package is loaded.
)
\c@KVtest=\count320
\sf@farskip=\skip111
\sf@captopadj=\dimen308
\sf@capskip=\skip112
\sf@nearskip=\skip113
\c@subfigure=\count321
\c@subfigure@save=\count322
\c@subtable=\count323
\c@subtable@save=\count324
\sf@top=\skip114
\sf@bottom=\skip115
)
(/usr/share/texlive/texmf-dist/tex/latex/esvect/esvect.sty
Package: esvect 
\symesvector=\mathgroup10
)
(/usr/share/texlive/texmf-dist/tex/latex/footmisc/footmisc.sty
Package: footmisc 2011/06/06 v5.5b a miscellany of footnote facilities
\FN@temptoken=\toks59
\footnotemargin=\dimen309
\c@pp@next@reset=\count325
Package footmisc Info: Declaring symbol style bringhurst on input line 855.
Package footmisc Info: Declaring symbol style chicago on input line 863.
Package footmisc Info: Declaring symbol style wiley on input line 872.
Package footmisc Info: Declaring symbol style lamport-robust on input line 883.

Package footmisc Info: Declaring symbol style lamport* on input line 903.
Package footmisc Info: Declaring symbol style lamport*-robust on input line 924
.
)
(/usr/share/texlive/texmf-dist/tex/latex/bigfoot/perpage.sty
Package: perpage 2014/10/25 2.0 Reset/sort counters per page
\c@abspage=\count326
)
\c@pp@a@footnote=\count327
\c@opg=\count328
) (./kaps.aux)
\openout1 = `kaps.aux'.

LaTeX Font Info:    Checking defaults for OML/cmm/m/it on input line 4.
LaTeX Font Info:    ... okay on input line 4.
LaTeX Font Info:    Checking defaults for OMS/cmsy/m/n on input line 4.
LaTeX Font Info:    ... okay on input line 4.
LaTeX Font Info:    Checking defaults for OT1/cmr/m/n on input line 4.
LaTeX Font Info:    ... okay on input line 4.
LaTeX Font Info:    Checking defaults for T1/cmr/m/n on input line 4.
LaTeX Font Info:    ... okay on input line 4.
LaTeX Font Info:    Checking defaults for TS1/cmr/m/n on input line 4.
LaTeX Font Info:    ... okay on input line 4.
LaTeX Font Info:    Checking defaults for OMX/cmex/m/n on input line 4.
LaTeX Font Info:    ... okay on input line 4.
LaTeX Font Info:    Checking defaults for U/cmr/m/n on input line 4.
LaTeX Font Info:    ... okay on input line 4.
LaTeX Font Info:    Checking defaults for PD1/pdf/m/n on input line 4.
LaTeX Font Info:    ... okay on input line 4.
LaTeX Font Info:    Trying to load font information for T1+lmr on input line 4.


(/usr/share/texmf/tex/latex/lm/t1lmr.fd
File: t1lmr.fd 2009/10/30 v1.6 Font defs for Latin Modern
)
\AtBeginShipoutBox=\box77
Package hyperref Info: Link coloring OFF on input line 4.

(/usr/share/texlive/texmf-dist/tex/latex/hyperref/nameref.sty
Package: nameref 2019/09/16 v2.46 Cross-referencing by name of section

(/usr/share/texlive/texmf-dist/tex/latex/refcount/refcount.sty
Package: refcount 2019/12/15 v3.6 Data extraction from label references (HO)
)
(/usr/share/texlive/texmf-dist/tex/generic/gettitlestring/gettitlestring.sty
Package: gettitlestring 2019/12/15 v1.6 Cleanup title references (HO)
)
\c@section@level=\count329
)
LaTeX Info: Redefining \ref on input line 4.
LaTeX Info: Redefining \pageref on input line 4.
LaTeX Info: Redefining \nameref on input line 4.

(./kaps.out) (./kaps.out)
\@outlinefile=\write6
\openout6 = `kaps.out'.


*geometry* driver: auto-detecting
*geometry* detected driver: pdftex
*geometry* verbose mode - [ preamble ] result:
* driver: pdftex
* paper: <default>
* layout: <same size as paper>
* layoutoffset:(h,v)=(0.0pt,0.0pt)
* modes: 
* h-part:(L,W,R)=(113.81102pt, 386.67296pt, 113.81102pt)
* v-part:(T,H,B)=(28.45274pt, 681.15898pt, 85.35826pt)
* \paperwidth=614.295pt
* \paperheight=794.96999pt
* \textwidth=386.67296pt
* \textheight=681.15898pt
* \oddsidemargin=41.54103pt
* \evensidemargin=41.54103pt
* \topmargin=-157.62825pt
* \headheight=85.35826pt
* \headsep=28.45274pt
* \topskip=11.0pt
* \footskip=28.45274pt
* \marginparwidth=59.0pt
* \marginparsep=10.0pt
* \columnsep=10.0pt
* \skip\footins=10.0pt plus 4.0pt minus 2.0pt
* \hoffset=0.0pt
* \voffset=0.0pt
* \mag=1000
* \@twocolumnfalse
* \@twosidefalse
* \@mparswitchfalse
* \@reversemarginfalse
* (1in=72.27pt=25.4mm, 1cm=28.453pt)

(/usr/share/texlive/texmf-dist/tex/context/base/mkii/supp-pdf.mkii
[Loading MPS to PDF converter (version 2006.09.02).]
\scratchcounter=\count330
\scratchdimen=\dimen310
\scratchbox=\box78
\nofMPsegments=\count331
\nofMParguments=\count332
\everyMPshowfont=\toks60
\MPscratchCnt=\count333
\MPscratchDim=\dimen311
\MPnumerator=\count334
\makeMPintoPDFobject=\count335
\everyMPtoPDFconversion=\toks61
) (/usr/share/texlive/texmf-dist/tex/latex/epstopdf-pkg/epstopdf-base.sty
Package: epstopdf-base 2020-01-24 v2.11 Base part for package epstopdf
Package epstopdf-base Info: Redefining graphics rule for `.eps' on input line 4
85.

(/usr/share/texlive/texmf-dist/tex/latex/latexconfig/epstopdf-sys.cfg
File: epstopdf-sys.cfg 2010/07/13 v1.3 Configuration of (r)epstopdf for TeX Liv
e
))
ABD: EverySelectfont initializing macros
LaTeX Info: Redefining \selectfont on input line 4.
 ABD: EveryShipout initializing macros
Package caption Info: Begin \AtBeginDocument code.
Package caption Info: subfig package v1.3 is loaded.
Package caption Info: End \AtBeginDocument code.

(/home/sindre/precalc/ggb/ncmd.tex)
LaTeX Font Info:    Trying to load font information for T1+lmtt on input line 1
0.
 (/usr/share/texmf/tex/latex/lm/t1lmtt.fd
File: t1lmtt.fd 2009/10/30 v1.6 Font defs for Latin Modern
)
Underfull \hbox (badness 10000) in paragraph at lines 10--10
[]\T1/lmr/m/n/10.95 Analyse av tallfølge skrevet inn i reg-n-ear-ket for å finn
e en ek-splisitt
 []

LaTeX Font Info:    Trying to load font information for OT1+lmr on input line 3
3.
(/usr/share/texmf/tex/latex/lm/ot1lmr.fd
File: ot1lmr.fd 2009/10/30 v1.6 Font defs for Latin Modern
)
LaTeX Font Info:    Trying to load font information for OML+lmm on input line 3
3.

(/usr/share/texmf/tex/latex/lm/omllmm.fd
File: omllmm.fd 2009/10/30 v1.6 Font defs for Latin Modern
)
LaTeX Font Info:    Trying to load font information for OMS+lmsy on input line 
33.

(/usr/share/texmf/tex/latex/lm/omslmsy.fd
File: omslmsy.fd 2009/10/30 v1.6 Font defs for Latin Modern
)
LaTeX Font Info:    Trying to load font information for OMX+lmex on input line 
33.

(/usr/share/texmf/tex/latex/lm/omxlmex.fd
File: omxlmex.fd 2009/10/30 v1.6 Font defs for Latin Modern
)
LaTeX Font Info:    External font `lmex10' loaded for size
(Font)              <10.95> on input line 33.
LaTeX Font Info:    External font `lmex10' loaded for size
(Font)              <8> on input line 33.
LaTeX Font Info:    External font `lmex10' loaded for size
(Font)              <6> on input line 33.
LaTeX Font Info:    Trying to load font information for U+msa on input line 33.


(/usr/share/texlive/texmf-dist/tex/latex/amsfonts/umsa.fd
File: umsa.fd 2013/01/14 v3.01 AMS symbols A
)
LaTeX Font Info:    Trying to load font information for U+msb on input line 33.


(/usr/share/texlive/texmf-dist/tex/latex/amsfonts/umsb.fd
File: umsb.fd 2013/01/14 v3.01 AMS symbols B
)
LaTeX Font Info:    Trying to load font information for U+esint on input line 3
3.

(/usr/share/texlive/texmf-dist/tex/latex/esint/uesint.fd
File: uesint.fd 
)
LaTeX Font Info:    Trying to load font information for U+esvect on input line 
33.

(/usr/share/texlive/texmf-dist/tex/latex/esvect/uesvect.fd
File: uesvect.fd 
)
Underfull \hbox (badness 10000) in paragraph at lines 33--33
[]\T1/lmr/m/n/10.95 Vi vel-ger \T1/lmtt/m/n/10.95 Vis $\U/msa/m/n/10.95 I$ \T1/
lmtt/m/n/10.95 Regneark \T1/lmr/m/n/10.95 og skriver tal-lene inn i en tabell m
ed
 []

<fig/regf.png, id=7, 192.72pt x 215.80624pt>
File: fig/regf.png Graphic file (type png)
<use fig/regf.png>
Package pdftex.def Info: fig/regf.png  used on input line 33.
(pdftex.def)             Requested size: 96.35976pt x 107.90285pt.

Underfull \hbox (badness 10000) in paragraph at lines 33--33
\T1/lmr/m/n/10.95 Vi mark-erer så hele tabellen, i verk-tøy-menyen som da dukke
r opp, vel-ger
 []

<fig/regf2.png, id=8, 302.12875pt x 331.2375pt>
File: fig/regf2.png Graphic file (type png)
<use fig/regf2.png>
Package pdftex.def Info: fig/regf2.png  used on input line 33.
(pdftex.def)             Requested size: 151.064pt x 165.61833pt.
<fig/stat0.png, id=9, 26.0975pt x 28.105pt>
File: fig/stat0.png Graphic file (type png)
<use fig/stat0.png>
Package pdftex.def Info: fig/stat0.png  used on input line 33.
(pdftex.def)             Requested size: 10.4388pt x 11.24179pt.
LaTeX Font Info:    External font `lmex10' loaded for size
(Font)              <9> on input line 33.
LaTeX Font Info:    External font `lmex10' loaded for size
(Font)              <5> on input line 33.
LaTeX Font Info:    Trying to load font information for OT1+lmtt on input line 
33.
(/usr/share/texmf/tex/latex/lm/ot1lmtt.fd
File: ot1lmtt.fd 2009/10/30 v1.6 Font defs for Latin Modern
)
Underfull \hbox (badness 10000) in paragraph at lines 33--33
[][][][]$ []\OT1/lmtt/m/n/9 R[]$ \T1/lmr/m/n/9 er et mål på hvor godt mod-ellen
 samsvarer med in-puten, gitt som en skala mel-lom
 []


Underfull \hbox (badness 10000) in paragraph at lines 33--33
\T1/lmr/m/n/10.95 På vin-duet som da kom-mer vel-ger vi \T1/lmtt/m/n/10.95 Anal
yser\T1/lmr/m/n/10.95 , og trykker deretter
 []


Underfull \hbox (badness 10000) in paragraph at lines 33--33
\T1/lmr/m/n/10.95 på \T1/lmtt/m/n/10.95 Vis statistikk [][][]\T1/lmr/m/n/10.95 
. I anal-y-sevin-duet søker vi nå å finne en
 []


Underfull \hbox (badness 10000) in paragraph at lines 33--33
\T1/lmtt/m/n/10.95 Regresjonsmodell \T1/lmr/m/n/10.95 hvor vi får[][][] $[]$ i 
statis-tikkvin-duet. I dette til-
 []

<fig/stat.png, id=11, 459.21562pt x 338.76563pt>
File: fig/stat.png Graphic file (type png)
<use fig/stat.png>
Package pdftex.def Info: fig/stat.png  used on input line 33.
(pdftex.def)             Requested size: 275.5315pt x 203.26093pt.

Underfull \hbox (badness 10000) in paragraph at lines 33--33
\T1/lmr/m/n/10.95 Av $[]$ i fig-uren over kon-klud-erer vi med at den ek-splisi
tte
 []

[1

{/var/lib/texmf/fonts/map/pdftex/updmap/pdftex.map} <./fig/regf.png> <./fig/reg
f2.png> <./fig/stat0.png>]
Underfull \hbox (badness 10000) in paragraph at lines 50--50
[]\T1/lmr/m/n/10.95 I CAS skriver vi da ($\OMS/lmsy/m/n/10.95 1$\T1/lmr/m/n/10.
95 -tegnet finner du ved å trykke på $\OML/lmm/m/it/10.95 $\T1/lmr/m/n/10.95 -
tegnet oppe i
 []

<fig/rek.png, id=33, 262.9825pt x 99.37125pt>
File: fig/rek.png Graphic file (type png)
<use fig/rek.png>
Package pdftex.def Info: fig/rek.png  used on input line 50.
(pdftex.def)             Requested size: 131.49092pt x 49.6855pt.
[2 <./fig/stat.png> <./fig/rek.png>]
<fig/trilig.png, id=47, 311.1625pt x 131.49126pt>
File: fig/trilig.png Graphic file (type png)
<use fig/trilig.png>
Package pdftex.def Info: fig/trilig.png  used on input line 63.
(pdftex.def)             Requested size: 155.58087pt x 65.74545pt.

Underfull \hbox (badness 10000) in paragraph at lines 63--63
\T1/lmr/m/n/10.95 I \T1/lmr/m/it/10.95 Før Kalku-lus; Teoridel \T1/lmr/m/n/10.9
5 brukes $[]$ som heltallsvari-abel, Ge-oGe-bra
 []


Underfull \hbox (badness 10000) in paragraph at lines 63--63
[]\T1/lmr/m/sl/10.95 Merk\T1/lmr/m/n/10.95 : Du kan også løse lignin-gen ved å 
skrive den inn i en celle og
 []

<fig/trilig2.png, id=48, 469.755pt x 128.48pt>
File: fig/trilig2.png Graphic file (type png)
<use fig/trilig2.png>
Package pdftex.def Info: fig/trilig2.png  used on input line 72.
(pdftex.def)             Requested size: 234.87692pt x 64.23984pt.
[3 <./fig/trilig.png> <./fig/trilig2.png>]
Underfull \hbox (badness 10000) in paragraph at lines 74--74
[]\T1/lmr/m/n/10.95 Skriver om en funksjon på for-men $[]$ til et kom-bin-ert
 []


! LaTeX Error: File `../scr/trikomb' not found.

See the LaTeX manual or LaTeX Companion for explanation.
Type  H <return>  for immediate help.
 ...                                              
                                                  
l.79 }
      
I could not locate the file with any of these extensions:
.pdf,.png,.jpg,.mps,.jpeg,.jbig2,.jb2,.PDF,.PNG,.JPG,.JPEG,.JBIG2,.JB2,.eps
Try typing  <return>  to proceed.
If that doesn't work, type  X <return>  to quit.


Underfull \hbox (badness 10000) in paragraph at lines 116--116
\T1/lmr/m/n/10.95 Bruk re-gresjon for å finne en tilnærm-ing til $\OML/lmm/m/it
/10.95 f\OT1/lmr/m/n/10.95 (\OML/lmm/m/it/10.95 x\OT1/lmr/m/n/10.95 )$ \T1/lmr/
m/n/10.95 ut-trykt som en si-nus-
 []


Underfull \hbox (badness 10000) in paragraph at lines 116--116
[]\T1/lmr/m/n/10.95 Vi vel-ger \T1/lmtt/m/n/10.95 Vis $\U/msa/m/n/10.95 I$ \T1/
lmtt/m/n/10.95 Regneark \T1/lmr/m/n/10.95 og skriver inn tabellen. Vi mark-erer
 så begge
 []

<fig/reg.png, id=56, 654.445pt x 602.25pt>
File: fig/reg.png Graphic file (type png)
<use fig/reg.png>
Package pdftex.def Info: fig/reg.png  used on input line 116.
(pdftex.def)             Requested size: 327.2217pt x 301.12425pt.

Underfull \hbox (badness 10000) in paragraph at lines 116--116
\T1/lmr/m/n/10.95 Om vi ønsker at alle punk-tene skal vises i grafikkfel-tet, h
øyrek-
 []


Underfull \hbox (badness 10000) in paragraph at lines 116--116
\T1/lmr/m/n/10.95 likker vi på grafikken og vel-ger \T1/lmtt/m/n/10.95 Vis alle
 objekt\T1/lmr/m/n/10.95 . Deretter skriver vi
 []


Underfull \hbox (badness 10000) in paragraph at lines 116--116
\T1/lmtt/m/n/10.95 RegSin[Liste1] \T1/lmr/m/n/10.95 i kom-man-dolin-jen, og får
 funksjo-nen \T1/lmtt/m/n/10.95 f(x) \T1/lmr/m/n/10.95 i al-ge-brafel-tet
 []


Underfull \hbox (badness 10000) in paragraph at lines 116--116
\T1/lmr/m/n/10.95 og grafen til \T1/lmtt/m/n/10.95 f \T1/lmr/m/n/10.95 i grafik
kfel-tet. Denne funksjo-nen er en tilnærm-ing til $\OML/lmm/m/it/10.95 f\OT1/lm
r/m/n/10.95 (\OML/lmm/m/it/10.95 x\OT1/lmr/m/n/10.95 )$
 []

<fig/reg2.png, id=57, 681.54625pt x 337.26pt>
File: fig/reg2.png Graphic file (type png)
<use fig/reg2.png>
Package pdftex.def Info: fig/reg2.png  used on input line 116.
(pdftex.def)             Requested size: 340.7723pt x 168.62958pt.
[4]
Underfull \hbox (badness 10000) in paragraph at lines 118--118
[]\T1/lmr/m/sl/10.95 Merk\T1/lmr/m/n/10.95 : For å lage punk-tet $\OT1/lmr/m/n/
10.95 (\OML/lmm/m/it/10.95 x; y; z\OT1/lmr/m/n/10.95 )$ \T1/lmr/m/n/10.95 kan m
an lik-så-godt skrive \T1/lmtt/m/n/10.95 (x,y,z) \T1/lmr/m/n/10.95 i
 []


Underfull \hbox (badness 10000) in paragraph at lines 118--118
\T1/lmr/m/n/10.95 in-ntast-ings-fel-tet. Skriver man \T1/lmtt/m/n/10.95 (x,y,z)
 \T1/lmr/m/n/10.95 i CAS lager man vek-toren $\OT1/lmr/m/n/10.95 [\OML/lmm/m/it
/10.95 x; y; z\OT1/lmr/m/n/10.95 ]$\T1/lmr/m/n/10.95 .
 []


Underfull \hbox (badness 10000) in paragraph at lines 119--119
[]\T1/lmr/m/sl/10.95 Merk\T1/lmr/m/n/10.95 : I CAS kan man lage vek-toren $[]$ 
ved å skrive \T1/lmtt/m/n/10.95 (x,y,z)\T1/lmr/m/n/10.95 , dette
 []

[5 <./fig/reg.png> <./fig/reg2.png>]

LaTeX Warning: Hyper reference `defvar' on page 6 undefined on input line 145.


Underfull \hbox (badness 10000) in paragraph at lines 145--145
[]\T1/lmr/bx/n/10.95 a) \T1/lmr/m/n/10.95 Det er en litt spe-siell sak i CAS at
 en vek-tor $\OT1/lmr/m/n/10.95 [\OML/lmm/m/it/10.95 x; y; z\OT1/lmr/m/n/10.95 
]$ \T1/lmr/m/n/10.95 de-fin-ert ved å
 []


Underfull \hbox (badness 10000) in paragraph at lines 145--145
\T1/lmr/m/n/10.95 skrive \T1/lmtt/m/n/10.95 (x, y, z) \T1/lmr/m/n/10.95 vil ha 
en bedre funksjon-alitet enn hvis den de-fineres
 []


Underfull \hbox (badness 10000) in paragraph at lines 145--145
\T1/lmr/m/n/10.95 ved \T1/lmtt/m/n/10.95 Vektor\T1/lmr/m/n/10.95 -kommandoen. V
i starter der-for med å de-finere $[]$ og $[]$ på
 []

<fig/vogw.png, id=66, 304.13625pt x 279.0425pt>
File: fig/vogw.png Graphic file (type png)
<use fig/vogw.png>
Package pdftex.def Info: fig/vogw.png  used on input line 145.
(pdftex.def)             Requested size: 152.06775pt x 139.5209pt.

Underfull \hbox (badness 10000) in paragraph at lines 145--145
\T1/lmr/m/n/10.95 Vi ut-nyt-ter videre at $[]$ hvis $[]$, for en kon-stant $\OM
L/lmm/m/it/10.95 r$\T1/lmr/m/n/10.95 . Vi skriver
 []

<fig/rv.png, id=67, 357.335pt x 77.28876pt>
File: fig/rv.png Graphic file (type png)
<use fig/rv.png>
Package pdftex.def Info: fig/rv.png  used on input line 145.
(pdftex.def)             Requested size: 178.66705pt x 38.64427pt.

LaTeX Warning: Reference `skalgeo' on page 6 undefined on input line 145.


Underfull \hbox (badness 10000) in paragraph at lines 145--145
[]\T1/lmr/bx/n/10.95 b) \T1/lmr/m/n/10.95 Skal $[]$, må vi ha at $[]$. Vi de-fi
nerer $[]$ og bruker \T1/lmtt/m/n/10.95 ByttUt\T1/lmr/m/n/10.95 -
 []


Underfull \hbox (badness 10000) in paragraph at lines 145--145
\T1/lmr/m/n/10.95 kommandoen for å sette $[]$ i ut-trykket til $[]$. Med det en
-drede
 []


Underfull \hbox (badness 10000) in paragraph at lines 145--145
\T1/lmr/m/n/10.95 ut-trykket løser vi lignin-gen for skalarprduk-tet (se kom-ma
n-doen
 []

<fig/uskalvgeo.png, id=68, 239.89626pt x 360.34625pt>
File: fig/uskalvgeo.png Graphic file (type png)
<use fig/uskalvgeo.png>
Package pdftex.def Info: fig/uskalvgeo.png  used on input line 145.
(pdftex.def)             Requested size: 119.94783pt x 180.17268pt.
[6 <./fig/vogw.png> <./fig/rv.png>]
Underfull \hbox (badness 10000) in paragraph at lines 147--147
[]\T1/lmr/m/n/10.95 Finner vek-tor-pro-duk-tet av to vek-torer. (Merk: For to v
ek-torer $\OML/lmm/m/it/10.95 u$ \T1/lmr/m/n/10.95 og $\OML/lmm/m/it/10.95 v$ \
T1/lmr/m/n/10.95 kan
 []


Underfull \hbox (badness 10000) in paragraph at lines 150--150
[]\T1/lmr/m/n/10.95 Gir vinke-len mel-lom to vek-torer. Kan også brukes for vin
kel mel-lom
 []


Underfull \hbox (badness 10000) in paragraph at lines 156--156
[]\T1/lmr/m/n/10.95 Framstiller en pyra-mide i Grafikkfelt 3D. \T1/lmtt/m/n/10.
95 Pyramide[A,B,C,D]
 []


Underfull \hbox (badness 10000) in paragraph at lines 156--156
\T1/lmr/m/n/10.95 lager en pyra-mide med grun-n-flate $[]$ og top-punkt $\OML/l
mm/m/it/10.95 D$\T1/lmr/m/n/10.95 , mens
 []


Underfull \hbox (badness 10000) in paragraph at lines 156--156
\T1/lmtt/m/n/10.95 Pyramide[A,B,C,D, E] \T1/lmr/m/n/10.95 har grun-n-flate $[]$
 og top-punkt $\OML/lmm/m/it/10.95 E$\T1/lmr/m/n/10.95 . Un-der
 []


Underfull \hbox (badness 10000) in paragraph at lines 156--156
\T1/lmr/m/n/10.95 kat-e-gorien \T1/lmr/m/sl/10.95 Pyra-mide \T1/lmr/m/n/10.95 i
 al-ge-brafal-tet finner man en kon-stant som opp-gir
 []


Underfull \hbox (badness 10000) in paragraph at lines 157--157
[]\T1/lmr/m/sl/10.95 Merk\T1/lmr/m/n/10.95 : Av-s-tanden har ret-ning, og der-f
or kan den noen ganger være neg-a-
 []


Underfull \hbox (badness 10000) in paragraph at lines 167--167
[]\T1/lmr/m/n/10.95 Finn vol-umet og høy-den til tetraet-edet med grun-n-flate 
gitt ved punk-tene
 []


Underfull \hbox (badness 10000) in paragraph at lines 167--167
[]\T1/lmr/m/n/10.95 Vi skriver inn punk-tene og bruker deretter kom-man-doen \T
1/lmtt/m/n/10.95 Pyramide[A, B,
 []


Underfull \hbox (badness 10000) in paragraph at lines 167--167
\T1/lmtt/m/n/10.95 C, D] \T1/lmr/m/n/10.95 for å lage tetraedet $\OML/lmm/m/it/
10.95 a$\T1/lmr/m/n/10.95 . Al-ge-brafel-tet gir oss da at vol-umet til $\OML/l
mm/m/it/10.95 a$ \T1/lmr/m/n/10.95 er 4.
 []

<fig/pyr.png, id=74, 694.595pt x 404.51125pt>
File: fig/pyr.png Graphic file (type png)
<use fig/pyr.png>
Package pdftex.def Info: fig/pyr.png  used on input line 167.
(pdftex.def)             Requested size: 347.29665pt x 202.25513pt.
[7 <./fig/uskalvgeo.png>]
Underfull \hbox (badness 10000) in paragraph at lines 168--168
[]\T1/lmr/m/n/10.95 Framstiller en prisme i Grafikkfelt 3D. \T1/lmtt/m/n/10.95 
Prisme[A,B,C,D] \T1/lmr/m/n/10.95 lager en prisme
 []


Underfull \hbox (badness 10000) in paragraph at lines 168--168
\T1/lmr/m/n/10.95 med grun-n-flate $\OML/lmm/m/it/10.95 ABC$ \T1/lmr/m/n/10.95 
og tak $\OML/lmm/m/it/10.95 DEF$\T1/lmr/m/n/10.95 , \T1/lmtt/m/n/10.95 Prisme[A
,B,C,D,E] \T1/lmr/m/n/10.95 har grun-n-flate
 []


Underfull \hbox (badness 10000) in paragraph at lines 168--168
\OML/lmm/m/it/10.95 ABCD$ \T1/lmr/m/n/10.95 og tak $\OML/lmm/m/it/10.95 EFG$\T1
/lmr/m/n/10.95 . $\OML/lmm/m/it/10.95 F; G$ \T1/lmr/m/n/10.95 og even-telt $\OM
L/lmm/m/it/10.95 E$ \T1/lmr/m/n/10.95 blir kon-struert av Ge-oGe-bra
 []


Underfull \hbox (badness 10000) in paragraph at lines 168--168
\T1/lmr/m/n/10.95 slik at hver side-flate er et par-al-lel-logram. Un-der kat-e
-gorien \T1/lmr/m/sl/10.95 Prisme \T1/lmr/m/n/10.95 i al-
 []


Underfull \hbox (badness 10000) in paragraph at lines 168--168
\T1/lmr/m/n/10.95 ge-brafal-tet finner man en kon-stant som opp-gir vol-umet ti
l pyra-mi-den.
 []


Underfull \hbox (badness 10000) in paragraph at lines 169--169
[]\T1/lmtt/m/n/12 Kurve( <Uttrykk>, <Uttrykk>, <Uttrykk>,
 []


Underfull \hbox (badness 10000) in paragraph at lines 169--169
[]\T1/lmr/m/n/10.95 Viser pa-ram-e-teris-erin-gen av en kurve i Grafikkfelt 3D 
på et gitt in-ter-vall.
 []


Underfull \hbox (badness 10000) in paragraph at lines 169--169
\T1/lmr/m/n/10.95 Ut-trykkene er hen-holdsvis ut-trykkene for $[]$ og $\OML/lmm
/m/it/10.95 z$\T1/lmr/m/n/10.95 -koordinatene, bestemt
 []


Underfull \hbox (badness 10000) in paragraph at lines 169--169
[]\T1/lmr/m/sl/10.95 Merk\T1/lmr/m/n/10.95 : Med min-dre et bestemt in-ter-vall
 av kur-ven er øns-ket, er det bedre
 []


Underfull \hbox (badness 10000) in paragraph at lines 169--169
\T1/lmr/m/n/10.95 å skrive pa-ram-e-teris-erin-gen di-rekte inn i in-ntast-ings
-fel-tet som \T1/lmtt/m/n/10.95 A+t*u\T1/lmr/m/n/10.95 ,
 []


Underfull \hbox (badness 10000) in paragraph at lines 170--170
[]\T1/lmr/m/n/10.95 Gir ut-trykket til en linje mel-lom to punkt. Hvis punk-ten
e har tre ko-or-di-
 []


Underfull \hbox (badness 10000) in paragraph at lines 170--170
\T1/lmr/m/n/10.95 nater besår ut-trykket av et punkt på linja og en fri vari-ab
el $\OML/lmm/m/it/10.95 ^^U$ \T1/lmr/m/n/10.95 mulit-plis-ert
 []

[8 <./fig/pyr.png>]
Underfull \hbox (badness 10000) in paragraph at lines 187--187
[]\T1/lmr/m/n/10.95 Finn pa-ram-e-teris-erin-gen til lin-jen som går mel-lom pu
nk-tet $[]$ og
 []


Underfull \hbox (badness 10000) in paragraph at lines 187--187
[]\T1/lmr/m/n/10.95 Vi skriver punk-tene i in-ntast-ings-fel-tet og får punk-te
ne $\OML/lmm/m/it/10.95 A$ \T1/lmr/m/n/10.95 og $\OML/lmm/m/it/10.95 B$\T1/lmr/
m/n/10.95 . Et-terpå
 []

<fig/linje.png, id=85, 689.57625pt x 418.56375pt>
File: fig/linje.png Graphic file (type png)
<use fig/linje.png>
Package pdftex.def Info: fig/linje.png  used on input line 187.
(pdftex.def)             Requested size: 344.78728pt x 209.28136pt.

Underfull \hbox (badness 10000) in paragraph at lines 188--188
[]\T1/lmr/m/n/10.95 Viser en kule i Grafikkfelt 3D med sen-trum i et gitt punkt
 og med en gitt
 []


Underfull \hbox (badness 10000) in paragraph at lines 241--241
[]\T1/lmr/m/n/10.95 Vi skal her se på to løs-ningsme-toder. Den første meto-den
 er helt klart
 []


Underfull \hbox (badness 10000) in paragraph at lines 241--241
\T1/lmr/m/n/10.95 den raskeste, men den an-dre meto-den er tatt med for å il-lu
s-trere bruken
 []


Underfull \hbox (badness 10000) in paragraph at lines 241--241
\T1/lmr/m/n/10.95 av \T1/lmtt/m/n/10.95 Kurve\T1/lmr/m/n/10.95 -kommandoen, i t
il-legg til å pre-sen-tere en metode som vil sikre
 []

<fig/skjlinkul.png, id=86, 606.265pt x 302.12875pt>
File: fig/skjlinkul.png Graphic file (type png)
<use fig/skjlinkul.png>
Package pdftex.def Info: fig/skjlinkul.png  used on input line 241.
(pdftex.def)             Requested size: 303.13176pt x 151.064pt.

Underfull \hbox (badness 10000) in paragraph at lines 241--241
\T1/lmr/m/n/10.95 Vi starter med å tegne kulen. I in-ntast-ings-fel-tet skriver
 vi \T1/lmtt/m/n/10.95 Kule[(-1, 2,
 []


Underfull \hbox (badness 10000) in paragraph at lines 241--241
\T1/lmtt/m/n/10.95 6), 3] \T1/lmr/m/n/10.95 og får kulen $\OML/lmm/m/it/10.95 a
$ \T1/lmr/m/n/10.95 i al-ge-brafelt og grafikkfelt 3D. For å tegne lin-jen,
 []


Underfull \hbox (badness 10000) in paragraph at lines 241--241
\T1/lmr/m/n/10.95 skriver vi \T1/lmtt/m/n/10.95 (-3, 1, 4)+t*(2,1,2) \T1/lmr/m/
n/10.95 i in-ntast-ings-fel-tet, re-sul-tatet er kur-ven
 []

<fig/skjlinkulb.png, id=87, 604.2575pt x 303.1325pt>
File: fig/skjlinkulb.png Graphic file (type png)
<use fig/skjlinkulb.png>
Package pdftex.def Info: fig/skjlinkulb.png  used on input line 241.
(pdftex.def)             Requested size: 302.128pt x 151.56587pt.

Underfull \hbox (badness 10000) in paragraph at lines 241--241
\T1/lmr/m/n/10.95 I in-ntast-ings-fel-tet skriver vi \T1/lmtt/m/n/10.95 Skjærin
g[a, f] \T1/lmr/m/n/10.95 og får de to punk-tene $\OML/lmm/m/it/10.95 A$ \T1/lm
r/m/n/10.95 og
 []


Underfull \hbox (badness 10000) in paragraph at lines 241--241
[]\T1/lmr/m/sl/10.95 Merk\T1/lmr/m/n/10.95 : Hadde vi teg-net lin-jen ved hjelp
 av \T1/lmtt/m/n/10.95 Kurve\T1/lmr/m/n/10.95 -kommandoen, ville ikke
 []


Underfull \hbox (badness 10000) in paragraph at lines 241--241
\T1/lmr/m/n/10.95 dette fun-ket. \T1/lmtt/m/n/10.95 Skjæring \T1/lmr/m/n/10.95 
er ikke kom-pat-i-bel med \T1/lmtt/m/n/10.95 Kurve\T1/lmr/m/n/10.95 , og i dett
e til-fel-let
 []

<fig/skjlinkul2.png, id=88, 677.53125pt x 396.48125pt>
File: fig/skjlinkul2.png Graphic file (type png)
<use fig/skjlinkul2.png>
Package pdftex.def Info: fig/skjlinkul2.png  used on input line 241.
(pdftex.def)             Requested size: 338.76479pt x 198.24013pt.

Underfull \hbox (badness 10000) in paragraph at lines 241--241
\T1/lmr/m/n/10.95 For å tegne lin-jen, skriver vi \T1/lmtt/m/n/10.95 Kurve[-3 +
 2t, 1 + t, 4 + 2t, t,
 []


Underfull \hbox (badness 10000) in paragraph at lines 241--241
\T1/lmtt/m/n/10.95 -10, 10] \T1/lmr/m/n/10.95 i in-ntast-ings-fel-tet. At $[]$ 
vel-ger vi ut ifra in-
 []


Underfull \hbox (badness 10000) in paragraph at lines 241--241
\T1/lmr/m/n/10.95 speksjon i grafikkfelt 3D. Det gjelder å velge et in-ter-vall
 som viser begge
 []


Underfull \hbox (badness 10000) in paragraph at lines 241--241
\T1/lmr/m/n/10.95 skjæringspunk-tene mel-lom kulen og lin-jen (man kan velge $[
]$,
 []


LaTeX Warning: Hyper reference `hogl' on page 9 undefined on input line 241.


! LaTeX Error: File `../scr/skjlinkulb2' not found.

See the LaTeX manual or LaTeX Companion for explanation.
Type  H <return>  for immediate help.
 ...                                              
                                                  
l.241 }
       
I could not locate the file with any of these extensions:
.pdf,.png,.jpg,.mps,.jpeg,.jbig2,.jb2,.PDF,.PNG,.JPG,.JPEG,.JBIG2,.JB2,.eps
Try typing  <return>  to proceed.
If that doesn't work, type  X <return>  to quit.


Underfull \hbox (badness 10000) in paragraph at lines 241--241
\T1/lmr/m/n/10.95 I celle 1 lager vi oss en ny funksjon $[]$ med et ut-trykk ti
lsvarende
 []


Underfull \hbox (badness 10000) in paragraph at lines 241--241
\T1/lmr/m/n/10.95 ven-stres-i-den til kulelignin-gen. For at lin-jen skal skjær
e kulen, må pa-
 []


Underfull \hbox (badness 10000) in paragraph at lines 241--241
\T1/lmr/m/n/10.95 ram-e-teris-erin-gen til lin-jen opp-fylle kulelignin-gen. I 
celle 2 set-ter vi der-for
 []


Underfull \hbox (badness 10000) in paragraph at lines 241--241
\T1/lmr/m/n/10.95 ut-trykkene for $\OML/lmm/m/it/10.95 x; y$ \T1/lmr/m/n/10.95 
og $\OML/lmm/m/it/10.95 z$ \T1/lmr/m/n/10.95 fra pa-ram-e-teris-erin-gen inn i 
$\OML/lmm/m/it/10.95 k$\T1/lmr/m/n/10.95 , og kr-ever at dette
 []


Underfull \hbox (badness 10000) in paragraph at lines 241--241
\T1/lmr/m/n/10.95 ut-trykket skal bli lik $\OT1/lmr/m/n/10.95 3[]$\T1/lmr/m/n/1
0.95 . Vi trykker så på \T1/lmtt/m/n/10.95 Løs\T1/lmr/m/n/10.95 -knappen og får
 to svar for
 []

[9 <./fig/linje.png>] [10 <./fig/skjlinkul.png>] [11 <./fig/skjlinkulb.png> <./
fig/skjlinkul2.png>]
Underfull \hbox (badness 10000) in paragraph at lines 242--242
[]\T1/lmr/m/n/10.95 Viser et plan i Grafikkfelt 3D, ut-spent av to av vek-toren
e mel-lom tre
 []

<fig/fder.png, id=101, 188.705pt x 245.91875pt>
File: fig/fder.png Graphic file (type png)
<use fig/fder.png>
Package pdftex.def Info: fig/fder.png  used on input line 248.
(pdftex.def)             Requested size: 94.35226pt x 122.95906pt.
<fig/vend.png, id=102, 380.42125pt x 205.76875pt>
File: fig/vend.png Graphic file (type png)
<use fig/vend.png>
Package pdftex.def Info: fig/vend.png  used on input line 253.
(pdftex.def)             Requested size: 190.21014pt x 102.88411pt.

Underfull \hbox (badness 10000) in paragraph at lines 254--254
[]\T1/lmr/m/n/10.95 Finner ab-so-lutt mak-si-mum og maski-malpunkt for en funks
jon $\OML/lmm/m/it/10.95 f$ \T1/lmr/m/n/10.95 på et gitt
 []


Underfull \hbox (badness 10000) in paragraph at lines 255--255
[]\T1/lmr/m/n/10.95 Finner ab-so-lutt min-i-mum og min-i-mum-spunkt for en funk
sjon $\OML/lmm/m/it/10.95 f$ \T1/lmr/m/n/10.95 på et gitt
 []

[12 <./fig/fder.png> <./fig/vend.png>]
Underfull \hbox (badness 10000) in paragraph at lines 256--256
[]\T1/lmr/m/n/10.95 Finner alle lokale ek-stremalpunkt og ek-stremalverdier for
 en funksjon $\OML/lmm/m/it/10.95 f$
 []


Underfull \hbox (badness 10000) in paragraph at lines 258--258
[]\T1/lmr/m/n/10.95 Gir ut-trykket til det ubestemte in-te-gralet av en funksjo
n. (Merk: Hvis
 []


! LaTeX Error: File `../scr/int' not found.

See the LaTeX manual or LaTeX Companion for explanation.
Type  H <return>  for immediate help.
 ...                                              
                                                  
l.266 }
       
I could not locate the file with any of these extensions:
.pdf,.png,.jpg,.mps,.jpeg,.jbig2,.jb2,.PDF,.PNG,.JPG,.JPEG,.JBIG2,.JB2,.eps
Try typing  <return>  to proceed.
If that doesn't work, type  X <return>  to quit.


! LaTeX Error: File `../scr/intb' not found.

See the LaTeX manual or LaTeX Companion for explanation.
Type  H <return>  for immediate help.
 ...                                              
                                                  
l.274 }
       
I could not locate the file with any of these extensions:
.pdf,.png,.jpg,.mps,.jpeg,.jbig2,.jb2,.PDF,.PNG,.JPG,.JPEG,.JBIG2,.JB2,.eps
Try typing  <return>  to proceed.
If that doesn't work, type  X <return>  to quit.


! LaTeX Error: File `../scr/omdr' not found.

See the LaTeX manual or LaTeX Companion for explanation.
Type  H <return>  for immediate help.
 ...                                              
                                                  
l.284 }
       
I could not locate the file with any of these extensions:
.pdf,.png,.jpg,.mps,.jpeg,.jbig2,.jb2,.PDF,.PNG,.JPG,.JPEG,.JBIG2,.JB2,.eps
Try typing  <return>  to proceed.
If that doesn't work, type  X <return>  to quit.


Underfull \hbox (badness 10000) in paragraph at lines 284--284
\T1/lmr/m/n/10.95 I celle 1 de-finerer vi $\OML/lmm/m/it/10.95 f\OT1/lmr/m/n/10
.95 (\OML/lmm/m/it/10.95 x\OT1/lmr/m/n/10.95 )$\T1/lmr/m/n/10.95 . Vol-umet er 
gitt som $[]$, som vi
 []


Underfull \hbox (badness 10000) in paragraph at lines 287--287
[]\T1/lmr/m/n/10.95 Finner generell løs-ning av en gitt dif-fer-en-sial-lign-in
g av første eller an-dre
 []


! LaTeX Error: File `../scr/dif1' not found.

See the LaTeX manual or LaTeX Companion for explanation.
Type  H <return>  for immediate help.
 ...                                              
                                                  
l.297 }
       
I could not locate the file with any of these extensions:
.pdf,.png,.jpg,.mps,.jpeg,.jbig2,.jb2,.PDF,.PNG,.JPG,.JPEG,.JBIG2,.JB2,.eps
Try typing  <return>  to proceed.
If that doesn't work, type  X <return>  to quit.

[13]

! LaTeX Error: File `../scr/dif2' not found.

See the LaTeX manual or LaTeX Companion for explanation.
Type  H <return>  for immediate help.
 ...                                              
                                                  
l.307 }
       
I could not locate the file with any of these extensions:
.pdf,.png,.jpg,.mps,.jpeg,.jbig2,.jb2,.PDF,.PNG,.JPG,.JPEG,.JBIG2,.JB2,.eps
Try typing  <return>  to proceed.
If that doesn't work, type  X <return>  to quit.


! LaTeX Error: File `../scr/dif4' not found.

See the LaTeX manual or LaTeX Companion for explanation.
Type  H <return>  for immediate help.
 ...                                              
                                                  
l.317 }
       
I could not locate the file with any of these extensions:
.pdf,.png,.jpg,.mps,.jpeg,.jbig2,.jb2,.PDF,.PNG,.JPG,.JPEG,.JBIG2,.JB2,.eps
Try typing  <return>  to proceed.
If that doesn't work, type  X <return>  to quit.


Underfull \hbox (badness 10000) in paragraph at lines 318--318
[]\T1/lmr/m/n/10.95 Finner løs-nin-gen av en gitt dif-fer-en-sial-lign-ing av f
ørste eller an-dre or-den,
 []


! LaTeX Error: File `../scr/dif5' not found.

See the LaTeX manual or LaTeX Companion for explanation.
Type  H <return>  for immediate help.
 ...                                              
                                                  
l.330 }
       
I could not locate the file with any of these extensions:
.pdf,.png,.jpg,.mps,.jpeg,.jbig2,.jb2,.PDF,.PNG,.JPG,.JPEG,.JBIG2,.JB2,.eps
Try typing  <return>  to proceed.
If that doesn't work, type  X <return>  to quit.

[14]
Underfull \hbox (badness 10000) in paragraph at lines 341--341
[]\T1/lmr/m/n/10.95 Punktet på $\OML/lmm/m/it/10.95 y$ \T1/lmr/m/n/10.95 er $[]
$ og punk-tet på $\OML/lmm/m/it/10.95 y[]$ \T1/lmr/m/n/10.95 er $[]$. Løs-nin-g
en kan vi da
 []


! LaTeX Error: File `../scr/dif3' not found.

See the LaTeX manual or LaTeX Companion for explanation.
Type  H <return>  for immediate help.
 ...                                              
                                                  
l.341 }
       
I could not locate the file with any of these extensions:
.pdf,.png,.jpg,.mps,.jpeg,.jbig2,.jb2,.PDF,.PNG,.JPG,.JPEG,.JBIG2,.JB2,.eps
Try typing  <return>  to proceed.
If that doesn't work, type  X <return>  to quit.


Underfull \hbox (badness 10000) in paragraph at lines 366--366
\T1/lmr/m/n/10.95 I in-ntast-ings-fel-tet skvriver vi så \T1/lmtt/m/n/10.95 Ret
nigsdiagram[x-x y] \T1/lmr/m/n/10.95 og får dette
 []


Underfull \hbox (badness 10000) in paragraph at lines 366--366
\T1/lmr/m/n/10.95 bildet i grafikkfel-tet (\T1/lmr/m/sl/10.95 Obs\T1/lmr/m/n/10
.95 ! $\OML/lmm/m/it/10.95 x$ \T1/lmr/m/n/10.95 og $\OML/lmm/m/it/10.95 y$ \T1/
lmr/m/n/10.95 må skilles med mel-lom-rom eller
 []

<fig/retn.png, id=120, 216.3282pt x 154.6578pt>
File: fig/retn.png Graphic file (type png)
<use fig/retn.png>
Package pdftex.def Info: fig/retn.png  used on input line 366.
(pdftex.def)             Requested size: 216.32767pt x 154.65741pt.
<fig/retn2.png, id=121, 338.26375pt x 108.405pt>
File: fig/retn2.png Graphic file (type png)
<use fig/retn2.png>
Package pdftex.def Info: fig/retn2.png  used on input line 366.
(pdftex.def)             Requested size: 169.13145pt x 54.20236pt.

Underfull \hbox (badness 10000) in paragraph at lines 366--366
\T1/lmr/m/n/10.95 Trykker vi på den hvite markøren (som blir blå) i celle 1, vi
l en funksjon
 []

<fig/retn2a.png, id=122, 574.145pt x 578.16pt>
File: fig/retn2a.png Graphic file (type png)
<use fig/retn2a.png>
Package pdftex.def Info: fig/retn2a.png  used on input line 366.
(pdftex.def)             Requested size: 287.0718pt x 289.07928pt.
[15]
\tf@thm=\write7
\openout7 = `kaps.thm'.



Package caption Warning: Unused \captionsetup[subfigure] on input line 72.
See the caption package documentation for explanation.

[16 <./fig/retn.png> <./fig/retn2.png> <./fig/retn2a.png>]
Package atveryend Info: Empty hook `BeforeClearDocument' on input line 368.
Package atveryend Info: Empty hook `AfterLastShipout' on input line 368.
 (./kaps.aux)
Package atveryend Info: Executing hook `AtVeryEndDocument' on input line 368.
Package atveryend Info: Executing hook `AtEndAfterFileList' on input line 368.


Package rerunfilecheck Warning: File `kaps.out' has changed.
(rerunfilecheck)                Rerun to get outlines right
(rerunfilecheck)                or use package `bookmark'.

Package rerunfilecheck Info: Checksums for `kaps.out':
(rerunfilecheck)             Before: D41D8CD98F00B204E9800998ECF8427E;0
(rerunfilecheck)             After:  8FD8B734E24B24364BE572C956B81459;372.

LaTeX Warning: There were undefined references.

 ) 
Here is how much of TeX's memory you used:
 27594 strings out of 481239
 537149 string characters out of 5920378
 827890 words of memory out of 5000000
 42148 multiletter control sequences out of 15000+600000
 604017 words of font info for 97 fonts, out of 8000000 for 9000
 1141 hyphenation exceptions out of 8191
 70i,9n,104p,849b,997s stack positions out of 5000i,500n,10000p,200000b,80000s
{/usr/share/texmf/fonts/enc/dvips/lm/lm-ec.enc}{/usr/share/texmf/fonts/enc/dv
ips/lm/lm-mathsy.enc}{/usr/share/texmf/fonts/enc/dvips/lm/lm-rmtt.enc}{/usr/sha
re/texmf/fonts/enc/dvips/lm/lm-mathit.enc}{/usr/share/texmf/fonts/enc/dvips/lm/
lm-rm.enc}{/usr/share/texmf/fonts/enc/dvips/lm/lm-mathex.enc}</usr/share/texliv
e/texmf-dist/fonts/type1/public/esint-type1/esint10.pfb></usr/share/texmf/fonts
/type1/public/lm/lmbx10.pfb></usr/share/texmf/fonts/type1/public/lm/lmbx12.pfb>
</usr/share/texmf/fonts/type1/public/lm/lmex10.pfb></usr/share/texmf/fonts/type
1/public/lm/lmmi10.pfb></usr/share/texmf/fonts/type1/public/lm/lmmi8.pfb></usr/
share/texmf/fonts/type1/public/lm/lmr10.pfb></usr/share/texmf/fonts/type1/publi
c/lm/lmr12.pfb></usr/share/texmf/fonts/type1/public/lm/lmr8.pfb></usr/share/tex
mf/fonts/type1/public/lm/lmr9.pfb></usr/share/texmf/fonts/type1/public/lm/lmri1
0.pfb></usr/share/texmf/fonts/type1/public/lm/lmri7.pfb></usr/share/texmf/fonts
/type1/public/lm/lmri8.pfb></usr/share/texmf/fonts/type1/public/lm/lmro10.pfb><
/usr/share/texmf/fonts/type1/public/lm/lmsy10.pfb></usr/share/texmf/fonts/type1
/public/lm/lmsy8.pfb></usr/share/texmf/fonts/type1/public/lm/lmtt10.pfb></usr/s
hare/texmf/fonts/type1/public/lm/lmtt12.pfb></usr/share/texmf/fonts/type1/publi
c/lm/lmtt8.pfb></usr/share/texmf/fonts/type1/public/lm/lmtt9.pfb></usr/share/te
xlive/texmf-dist/fonts/type1/public/amsfonts/symbols/msam10.pfb></usr/share/tex
live/texmf-dist/fonts/type1/public/amsfonts/symbols/msbm10.pfb>
Output written on kaps.pdf (16 pages, 850505 bytes).
PDF statistics:
 217 PDF objects out of 1000 (max. 8388607)
 151 compressed objects within 2 object streams
 25 named destinations out of 1000 (max. 500000)
 123 words of extra memory for PDF output out of 10000 (max. 10000000)

